load extensions from /home/frank/.local/lib/python3.10/site-packages/extensions
YOLO 推理设备: cuda
模型类别: {0: 'targetobject', 1: 'hand'}
Traceback (most recent call last):
  File "/home/frank/work/ELEC70015_Human-Centered-Robotics-2026_Imperial/handobj_detection/handobj_detection_rgbd.py", line 538, in <module>
    sys.exit(main())
  File "/home/frank/work/ELEC70015_Human-Centered-Robotics-2026_Imperial/handobj_detection/handobj_detection_rgbd.py", line 337, in main
    model.predict(dummy, conf=args.conf, imgsz=min(640, args.imgsz), verbose=False, device=yolo_device)
  File "/home/frank/.local/lib/python3.10/site-packages/ultralytics/engine/model.py", line 536, in predict
    return self.predictor.predict_cli(source=source) if is_cli else self.predictor(source=source, stream=stream)
  File "/home/frank/.local/lib/python3.10/site-packages/ultralytics/engine/predictor.py", line 225, in __call__
    return list(self.stream_inference(source, model, *args, **kwargs))  # merge list of Results into one
  File "/home/frank/.local/lib/python3.10/site-packages/torch/utils/_contextlib.py", line 40, in generator_context
    response = gen.send(None)
  File "/home/frank/.local/lib/python3.10/site-packages/ultralytics/engine/predictor.py", line 307, in stream_inference
    self.model.warmup(
  File "/home/frank/.local/lib/python3.10/site-packages/ultralytics/nn/autobackend.py", line 944, in warmup
    self.forward(im)  # warmup model
  File "/home/frank/.local/lib/python3.10/site-packages/ultralytics/nn/autobackend.py", line 717, in forward
    y = self.model(im, augment=augment, visualize=visualize, embed=embed, **kwargs)
  File "/home/frank/.local/lib/python3.10/site-packages/torch/nn/modules/module.py", line 1776, in _wrapped_call_impl
    return self._call_impl(*args, **kwargs)
  File "/home/frank/.local/lib/python3.10/site-packages/torch/nn/modules/module.py", line 1787, in _call_impl
    return forward_call(*args, **kwargs)
  File "/home/frank/.local/lib/python3.10/site-packages/ultralytics/nn/tasks.py", line 142, in forward
    return self.predict(x, *args, **kwargs)
  File "/home/frank/.local/lib/python3.10/site-packages/ultralytics/nn/tasks.py", line 159, in predict
    return self._predict_once(x, profile, visualize, embed)
  File "/home/frank/.local/lib/python3.10/site-packages/ultralytics/nn/tasks.py", line 181, in _predict_once
    x = m(x)  # run
  File "/home/frank/.local/lib/python3.10/site-packages/torch/nn/modules/module.py", line 1776, in _wrapped_call_impl
    return self._call_impl(*args, **kwargs)
  File "/home/frank/.local/lib/python3.10/site-packages/torch/nn/modules/module.py", line 1787, in _call_impl
    return forward_call(*args, **kwargs)
  File "/home/frank/.local/lib/python3.10/site-packages/ultralytics/nn/modules/conv.py", line 89, in forward_fuse
    return self.act(self.conv(x))
  File "/home/frank/.local/lib/python3.10/site-packages/torch/nn/modules/module.py", line 1776, in _wrapped_call_impl
    return self._call_impl(*args, **kwargs)
  File "/home/frank/.local/lib/python3.10/site-packages/torch/nn/modules/module.py", line 1787, in _call_impl
    return forward_call(*args, **kwargs)
  File "/home/frank/.local/lib/python3.10/site-packages/torch/nn/modules/conv.py", line 553, in forward
    return self._conv_forward(input, self.weight, self.bias)
  File "/home/frank/.local/lib/python3.10/site-packages/torch/nn/modules/conv.py", line 548, in _conv_forward
    return F.conv2d(
RuntimeError: GET was unable to find an engine to execute this computation
