... logging to /home/yuchen/.ros/log/2ec5bb20-21b2-11f1-a515-00155d28b090/roslaunch-LYCMIA03DELL-2159.log
Checking log directory for disk usage. This may take a while.
Press Ctrl-C to interrupt
Done checking log file disk usage. Usage is <1GB.
]2;/home/yuchen/work/ELEC70015_Human-Centered-Robotics-2026_Imperial/catkin_ws/src/p3at_lms_navigation/launch/mapping_unitree.launch
[1mstarted roslaunch server http://LYCMIA03DELL:45737/[0m

SUMMARY
========

PARAMETERS
 * /gazebo/enable_ros_network: True
 * /gazebo_target_publisher/model_name: target
 * /gazebo_target_publisher/out_frame: base_footprint
 * /gazebo_target_publisher/rate_hz: 10.0
 * /gazebo_target_publisher/reference_frame: p3at::base_footprint
 * /gazebo_target_publisher/robot_model_name: p3at
 * /gazebo_target_publisher/topic: /target_pose
 * /move_base/DWAPlannerROS/acc_lim_theta: 0.75
 * /move_base/DWAPlannerROS/acc_lim_x: 0.35
 * /move_base/DWAPlannerROS/acc_lim_y: 0.0
 * /move_base/DWAPlannerROS/forward_point_distance: 0.25
 * /move_base/DWAPlannerROS/goal_distance_bias: 24.0
 * /move_base/DWAPlannerROS/latch_xy_goal_tolerance: True
 * /move_base/DWAPlannerROS/max_vel_theta: 0.45
 * /move_base/DWAPlannerROS/max_vel_trans: 0.26
 * /move_base/DWAPlannerROS/max_vel_x: 0.26
 * /move_base/DWAPlannerROS/max_vel_y: 0.0
 * /move_base/DWAPlannerROS/min_vel_theta: 0.0
 * /move_base/DWAPlannerROS/min_vel_trans: 0.02
 * /move_base/DWAPlannerROS/min_vel_x: -0.1
 * /move_base/DWAPlannerROS/min_vel_y: 0.0
 * /move_base/DWAPlannerROS/occdist_scale: 0.08
 * /move_base/DWAPlannerROS/oscillation_reset_dist: 0.1
 * /move_base/DWAPlannerROS/path_distance_bias: 32.0
 * /move_base/DWAPlannerROS/sim_granularity: 0.025
 * /move_base/DWAPlannerROS/sim_time: 3.0
 * /move_base/DWAPlannerROS/stop_time_buffer: 0.4
 * /move_base/DWAPlannerROS/vtheta_samples: 40
 * /move_base/DWAPlannerROS/vx_samples: 20
 * /move_base/DWAPlannerROS/vy_samples: 1
 * /move_base/DWAPlannerROS/xy_goal_tolerance: 0.15
 * /move_base/DWAPlannerROS/yaw_goal_tolerance: 0.3
 * /move_base/NavfnROS/allow_unknown: True
 * /move_base/NavfnROS/default_tolerance: 0.15
 * /move_base/NavfnROS/visualize_potential: False
 * /move_base/base_global_planner: navfn/NavfnROS
 * /move_base/base_local_planner: dwa_local_planner...
 * /move_base/clearing_rotation_allowed: True
 * /move_base/controller_frequency: 10.0
 * /move_base/controller_patience: 20.0
 * /move_base/global_costmap/cost_scaling_factor: 5.0
 * /move_base/global_costmap/footprint: [[0.32, 0.27], [0...
 * /move_base/global_costmap/footprint_padding: 0.05
 * /move_base/global_costmap/global_frame: map
 * /move_base/global_costmap/inflation_layer/cost_scaling_factor: 5.0
 * /move_base/global_costmap/inflation_layer/inflation_radius: 0.3
 * /move_base/global_costmap/inflation_radius: 0.3
 * /move_base/global_costmap/obstacle_layer/observation_sources: unitree_scan_sensor
 * /move_base/global_costmap/obstacle_layer/unitree_scan_sensor/clearing: True
 * /move_base/global_costmap/obstacle_layer/unitree_scan_sensor/data_type: LaserScan
 * /move_base/global_costmap/obstacle_layer/unitree_scan_sensor/inf_is_valid: True
 * /move_base/global_costmap/obstacle_layer/unitree_scan_sensor/marking: True
 * /move_base/global_costmap/obstacle_layer/unitree_scan_sensor/obstacle_range: 6.0
 * /move_base/global_costmap/obstacle_layer/unitree_scan_sensor/raytrace_range: 8.0
 * /move_base/global_costmap/obstacle_layer/unitree_scan_sensor/sensor_frame: unitree_lidar
 * /move_base/global_costmap/obstacle_layer/unitree_scan_sensor/topic: unitree/scan
 * /move_base/global_costmap/obstacle_range: 6.0
 * /move_base/global_costmap/plugins: [{'name': 'static...
 * /move_base/global_costmap/publish_frequency: 1.0
 * /move_base/global_costmap/raytrace_range: 8.0
 * /move_base/global_costmap/robot_base_frame: base_link
 * /move_base/global_costmap/static_layer/map_topic: /map
 * /move_base/global_costmap/static_layer/subscribe_to_updates: True
 * /move_base/global_costmap/static_layer/track_unknown_space: False
 * /move_base/global_costmap/static_map: True
 * /move_base/global_costmap/transform_tolerance: 0.5
 * /move_base/global_costmap/update_frequency: 2.0
 * /move_base/local_costmap/cost_scaling_factor: 5.0
 * /move_base/local_costmap/footprint: [[0.32, 0.27], [0...
 * /move_base/local_costmap/footprint_padding: 0.05
 * /move_base/local_costmap/global_frame: odom
 * /move_base/local_costmap/height: 10.0
 * /move_base/local_costmap/inflation_layer/cost_scaling_factor: 5.0
 * /move_base/local_costmap/inflation_layer/inflation_radius: 0.3
 * /move_base/local_costmap/inflation_radius: 0.3
 * /move_base/local_costmap/obstacle_layer/observation_sources: unitree_scan_sens...
 * /move_base/local_costmap/obstacle_layer/rplidar_scan_sensor/clearing: False
 * /move_base/local_costmap/obstacle_layer/rplidar_scan_sensor/data_type: LaserScan
 * /move_base/local_costmap/obstacle_layer/rplidar_scan_sensor/inf_is_valid: True
 * /move_base/local_costmap/obstacle_layer/rplidar_scan_sensor/marking: True
 * /move_base/local_costmap/obstacle_layer/rplidar_scan_sensor/obstacle_range: 2.5
 * /move_base/local_costmap/obstacle_layer/rplidar_scan_sensor/raytrace_range: 3.0
 * /move_base/local_costmap/obstacle_layer/rplidar_scan_sensor/sensor_frame: laser
 * /move_base/local_costmap/obstacle_layer/rplidar_scan_sensor/topic: rplidar/scan_filt...
 * /move_base/local_costmap/obstacle_layer/unitree_scan_sensor/clearing: True
 * /move_base/local_costmap/obstacle_layer/unitree_scan_sensor/data_type: LaserScan
 * /move_base/local_costmap/obstacle_layer/unitree_scan_sensor/inf_is_valid: True
 * /move_base/local_costmap/obstacle_layer/unitree_scan_sensor/marking: True
 * /move_base/local_costmap/obstacle_layer/unitree_scan_sensor/obstacle_range: 6.0
 * /move_base/local_costmap/obstacle_layer/unitree_scan_sensor/raytrace_range: 8.0
 * /move_base/local_costmap/obstacle_layer/unitree_scan_sensor/sensor_frame: unitree_lidar
 * /move_base/local_costmap/obstacle_layer/unitree_scan_sensor/topic: unitree/scan
 * /move_base/local_costmap/obstacle_range: 6.0
 * /move_base/local_costmap/plugins: [{'name': 'obstac...
 * /move_base/local_costmap/publish_frequency: 5.0
 * /move_base/local_costmap/raytrace_range: 8.0
 * /move_base/local_costmap/resolution: 0.05
 * /move_base/local_costmap/robot_base_frame: base_link
 * /move_base/local_costmap/rolling_window: True
 * /move_base/local_costmap/static_map: False
 * /move_base/local_costmap/transform_tolerance: 0.5
 * /move_base/local_costmap/update_frequency: 10.0
 * /move_base/local_costmap/width: 10.0
 * /move_base/max_planning_retries: 5
 * /move_base/planner_frequency: 1.0
 * /move_base/planner_patience: 15.0
 * /move_base/recovery_behavior_enabled: True
 * /move_base/shutdown_costmaps: False
 * /move_target/loop: True
 * /move_target/model_name: target
 * /move_target/pause: 2.5
 * /move_target/speed: 0.18
 * /move_target/waypoints: [[2.8, 0.0], [2.8...
 * /robot_description: <?xml version="1....
 * /rosdistro: noetic
 * /rosversion: 1.17.4
 * /rplidar_scan_body_filter/body_x_max: 0.35
 * /rplidar_scan_body_filter/body_x_min: -0.35
 * /rplidar_scan_body_filter/body_y_max: 0.3
 * /rplidar_scan_body_filter/body_y_min: -0.3
 * /rplidar_scan_body_filter/lidar_x: -0.232
 * /rplidar_scan_body_filter/lidar_y: 0.0
 * /slam_gmapping/angularUpdate: 0.15
 * /slam_gmapping/astep: 0.05
 * /slam_gmapping/base_frame: base_link
 * /slam_gmapping/delta: 0.05
 * /slam_gmapping/iterations: 5
 * /slam_gmapping/kernelSize: 1
 * /slam_gmapping/linearUpdate: 0.15
 * /slam_gmapping/lsigma: 0.075
 * /slam_gmapping/lskip: 0
 * /slam_gmapping/lstep: 0.05
 * /slam_gmapping/map_frame: map
 * /slam_gmapping/map_update_interval: 2.0
 * /slam_gmapping/maxRange: 30.0
 * /slam_gmapping/maxUrange: 12.0
 * /slam_gmapping/minimumScore: 50
 * /slam_gmapping/odom_frame: odom
 * /slam_gmapping/ogain: 3.0
 * /slam_gmapping/particles: 50
 * /slam_gmapping/resampleThreshold: 0.5
 * /slam_gmapping/sigma: 0.05
 * /slam_gmapping/srr: 0.1
 * /slam_gmapping/srt: 0.2
 * /slam_gmapping/str: 0.1
 * /slam_gmapping/stt: 0.2
 * /slam_gmapping/temporalUpdate: 0.5
 * /slam_gmapping/xmax: 15.0
 * /slam_gmapping/xmin: -15.0
 * /slam_gmapping/ymax: 15.0
 * /slam_gmapping/ymin: -15.0
 * /target_follower/camera_frame: rgbd_camera
 * /target_follower/close_approach_speed: 0.1
 * /target_follower/close_approach_steer_gain: 0.45
 * /target_follower/close_approach_threshold: 1.1
 * /target_follower/close_approach_timeout_s: 20.0
 * /target_follower/enable_auto_explore: False
 * /target_follower/face_target: True
 * /target_follower/global_frame: map
 * /target_follower/min_update_dist: 0.25
 * /target_follower/robot_frame: base_link
 * /target_follower/send_rate_hz: 2.0
 * /target_follower/standoff_distance: 0.8
 * /target_follower/target_timeout_s: 2.5
 * /target_follower/target_topic: /target_pose
 * /target_follower/use_target_orientation: False
 * /use_sim_time: True

NODES
  /
    gazebo (gazebo_ros/gzserver)
    gazebo_target_publisher (target_follower/gazebo_target_publisher.py)
    joint_state_publisher (joint_state_publisher/joint_state_publisher)
    move_base (move_base/move_base)
    move_target (target_follower/move_target.py)
    robot_state_publisher (robot_state_publisher/robot_state_publisher)
    rplidar_scan_body_filter (target_follower/scan_body_filter.py)
    rviz (rviz/rviz)
    slam_gmapping (gmapping/slam_gmapping)
    spawn_p3at (gazebo_ros/spawn_model)
    spawn_target (gazebo_ros/spawn_model)
    target_follower (target_follower/target_follower.py)
[ERROR] [1773718463.025206351, 0.082000000]: GetModelState: model [target] does not exist
[ERROR] [1773718463.097773170, 0.167000000]: GetModelState: model [target] does not exist
Warning: TF_REPEATED_DATA ignoring data with redundant timestamp for frame odom (parent map) at time 0.268000 according to authority unknown_publisher
         at line 277 in /tmp/binarydeb/ros-noetic-tf2-0.7.10/src/buffer_core.cpp
[WARN] [1773718463.145392424, 0.219000000]: TF_REPEATED_DATA ignoring data with redundant timestamp for frame odom (parent map) at time 0.268000 according to authority unknown_publisher
Warning: TF_REPEATED_DATA ignoring data with redundant timestamp for frame odom (parent map) at time 0.268000 according to authority unknown_publisher
         at line 277 in /tmp/binarydeb/ros-noetic-tf2-0.7.10/src/buffer_core.cpp
Warning: TF_REPEATED_DATA ignoring data with redundant timestamp for frame odom (parent map) at time 0.268000 according to authority /slam_gmapping
         at line 277 in /tmp/binarydeb/ros-noetic-tf2-0.7.10/src/buffer_core.cpp
[WARN] [1773718464.851065408, 0.331000000]: GazeboRosSkidSteerDrive Plugin (ns = //) missing <covariance_x>, defaults to 0.000100
[WARN] [1773718464.851119823, 0.331000000]: GazeboRosSkidSteerDrive Plugin (ns = //) missing <covariance_y>, defaults to 0.000100
[WARN] [1773718464.851130063, 0.331000000]: GazeboRosSkidSteerDrive Plugin (ns = //) missing <covariance_yaw>, defaults to 0.010000
[ERROR] [1773718465.001146201, 0.478000000]: Client [/rviz] wants topic /unitree/cloud to have datatype/md5sum [sensor_msgs/PointCloud2/1158d486dd51d683ce2f1be655c3c181], but our version has [sensor_msgs/PointCloud/d8e9c3f5afbdd8a130fd1d2763945fca]. Dropping connection.
[WARN] [1773718465.119963574, 0.575000000]: global_costmap: Pre-Hydro parameter "static_map" unused since "plugins" is provided
[INFO] [1773718465.163890948, 0.619000000]: Laser is mounted upwards.
 -maxUrange 12 -maxUrange 30 -sigma     0.05 -kernelSize 1 -lstep 0.05 -lobsGain 3 -astep 0.05
 -srr 0.1 -srt 0.2 -str 0.1 -stt 0.2
 -linearUpdate 0.15 -angularUpdate 0.15 -resampleThreshold 0.5
 -xmin -15 -xmax 15 -ymin -15 -ymax 15 -delta 0.05 -particles 50
[INFO] [1773718465.167882946, 0.622000000]: Initialization complete
update frame 0
update ld=0 ad=0
Laser Pose= 0.18303 -1.27522e-05 -6.301e-05
m_count 0
Registering First Scan
[WARN] [1773718465.509355300, 0.963000000]: local_costmap: Pre-Hydro parameter "static_map" unused since "plugins" is provided
update frame 8
update ld=0.0309516 ad=4.08885e-05
Laser Pose= 0.207962 -3.24007e-05 -5.55713e-05
m_count 1
Average Scan Matching Score=55.5981
neff= 50
Registering Scans:Done
update frame 16
update ld=3.24811e-07 ad=3.29621e-09
Laser Pose= 0.207961 -3.24012e-05 -5.55746e-05
m_count 2
Average Scan Matching Score=55.7931
neff= 50
Registering Scans:Done
update frame 24
update ld=1.9453e-07 ad=2.02196e-09
Laser Pose= 0.207961 -3.24014e-05 -5.55766e-05
m_count 3
Average Scan Matching Score=55.814
neff= 50
Registering Scans:Done
update frame 32
update ld=1.94185e-07 ad=2.02177e-09
Laser Pose= 0.207961 -3.24017e-05 -5.55786e-05
m_count 4
Average Scan Matching Score=55.7912
neff= 50
Registering Scans:Done
update frame 40
update ld=1.94186e-07 ad=2.02157e-09
Laser Pose= 0.207961 -3.24019e-05 -5.55806e-05
m_count 5
Average Scan Matching Score=55.8269
neff= 50
Registering Scans:Done
update frame 48
update ld=1.94187e-07 ad=2.02138e-09
Laser Pose= 0.20796 -3.24022e-05 -5.55827e-05
m_count 6
Average Scan Matching Score=55.8418
neff= 50
Registering Scans:Done
update frame 56
update ld=1.9455e-07 ad=2.0212e-09
Laser Pose= 0.20796 -3.24024e-05 -5.55847e-05
m_count 7
Average Scan Matching Score=55.8318
neff= 50
Registering Scans:Done
update frame 64
update ld=1.93826e-07 ad=1.94617e-09
Laser Pose= 0.20796 -3.24026e-05 -5.55866e-05
m_count 8
Average Scan Matching Score=55.8349
neff= 50
Registering Scans:Done
update frame 72
update ld=1.94189e-07 ad=2.02085e-09
Laser Pose= 0.20796 -3.24029e-05 -5.55886e-05
m_count 9
Average Scan Matching Score=55.8441
neff= 50
Registering Scans:Done
update frame 80
update ld=1.94189e-07 ad=2.02067e-09
Laser Pose= 0.20796 -3.24031e-05 -5.55907e-05
m_count 10
Average Scan Matching Score=55.8202
neff= 50
Registering Scans:Done
update frame 88
update ld=1.9419e-07 ad=2.0205e-09
Laser Pose= 0.20796 -3.24034e-05 -5.55927e-05
m_count 11
Average Scan Matching Score=55.8125
neff= 50
Registering Scans:Done
update frame 96
update ld=1.93845e-07 ad=1.94551e-09
Laser Pose= 0.207959 -3.24036e-05 -5.55946e-05
m_count 12
Average Scan Matching Score=55.8223
neff= 50
Registering Scans:Done
update frame 104
update ld=1.8258e-07 ad=1.94536e-09
Laser Pose= 0.207959 -3.24038e-05 -5.55966e-05
m_count 13
Average Scan Matching Score=55.8154
neff= 50
Registering Scans:Done
update frame 112
update ld=1.93829e-07 ad=1.94521e-09
Laser Pose= 0.207959 -3.24041e-05 -5.55985e-05
m_count 14
Average Scan Matching Score=55.8141
neff= 50
Registering Scans:Done
update frame 120
update ld=1.94192e-07 ad=2.01987e-09
Laser Pose= 0.207959 -3.24043e-05 -5.56005e-05
m_count 15
Average Scan Matching Score=55.817
neff= 50
Registering Scans:Done
update frame 128
update ld=1.94193e-07 ad=2.01972e-09
Laser Pose= 0.207959 -3.24046e-05 -5.56026e-05
m_count 16
Average Scan Matching Score=55.8276
neff= 50
Registering Scans:Done
update frame 136
update ld=1.94193e-07 ad=2.01957e-09
Laser Pose= 0.207958 -3.24048e-05 -5.56046e-05
m_count 17
Average Scan Matching Score=55.8133
neff= 50
Registering Scans:Done
update frame 144
update ld=1.94194e-07 ad=2.01942e-09
Laser Pose= 0.207958 -3.2405e-05 -5.56066e-05
m_count 18
Average Scan Matching Score=55.8219
neff= 50
Registering Scans:Done
update frame 152
update ld=1.94557e-07 ad=1.94449e-09
Laser Pose= 0.207958 -3.24053e-05 -5.56085e-05
m_count 19
Average Scan Matching Score=55.8271
neff= 50
Registering Scans:Done
update frame 160
update ld=1.93833e-07 ad=2.01914e-09
Laser Pose= 0.207958 -3.24055e-05 -5.56106e-05
m_count 20
Average Scan Matching Score=55.8325
neff= 50
Registering Scans:Done
update frame 168
update ld=1.94195e-07 ad=2.019e-09
Laser Pose= 0.207958 -3.24058e-05 -5.56126e-05
m_count 21
Average Scan Matching Score=55.8233
neff= 50
Registering Scans:Done
update frame 176
update ld=1.94196e-07 ad=2.01887e-09
Laser Pose= 0.207957 -3.2406e-05 -5.56146e-05
m_count 22
Average Scan Matching Score=55.8417
neff= 50
Registering Scans:Done
update frame 184
update ld=1.94196e-07 ad=2.01874e-09
Laser Pose= 0.207957 -3.24062e-05 -5.56166e-05
m_count 23
Average Scan Matching Score=55.842
neff= 50
Registering Scans:Done
update frame 192
update ld=1.94197e-07 ad=1.94384e-09
Laser Pose= 0.207957 -3.24065e-05 -5.56186e-05
m_count 24
Average Scan Matching Score=55.8419
neff= 50
Registering Scans:Done
update frame 200
update ld=1.82241e-07 ad=1.94373e-09
Laser Pose= 0.207957 -3.24067e-05 -5.56205e-05
m_count 25
Average Scan Matching Score=55.8086
neff= 50
Registering Scans:Done
update frame 208
update ld=1.94198e-07 ad=1.94361e-09
Laser Pose= 0.207957 -3.24069e-05 -5.56224e-05
m_count 26
Average Scan Matching Score=55.8229
neff= 50
Registering Scans:Done
update frame 216
update ld=1.9456e-07 ad=2.01824e-09
Laser Pose= 0.207956 -3.24072e-05 -5.56245e-05
m_count 27
Average Scan Matching Score=55.8407
neff= 50
Registering Scans:Done
update frame 224
update ld=1.94198e-07 ad=2.01813e-09
Laser Pose= 0.207956 -3.24074e-05 -5.56265e-05
m_count 28
Average Scan Matching Score=55.8332
neff= 50
Registering Scans:Done
update frame 232
update ld=1.94199e-07 ad=2.01801e-09
Laser Pose= 0.207956 -3.24077e-05 -5.56285e-05
m_count 29
Average Scan Matching Score=55.8347
neff= 50
Registering Scans:Done
update frame 240
update ld=1.94199e-07 ad=2.01789e-09
Laser Pose= 0.207956 -3.24079e-05 -5.56305e-05
m_count 30
Average Scan Matching Score=55.8422
neff= 50
Registering Scans:Done
update frame 248
update ld=1.94562e-07 ad=1.94305e-09
Laser Pose= 0.207956 -3.24081e-05 -5.56325e-05
m_count 31
Average Scan Matching Score=55.8317
neff= 50
Registering Scans:Done
update frame 256
update ld=1.93838e-07 ad=2.01768e-09
Laser Pose= 0.207955 -3.24084e-05 -5.56345e-05
m_count 32
Average Scan Matching Score=55.8304
neff= 50
Registering Scans:Done
update frame 264
update ld=1.9401e-07 ad=2.01757e-09
Laser Pose= 0.207955 -3.24086e-05 -5.56365e-05
m_count 33
Average Scan Matching Score=55.8357
neff= 50
Registering Scans:Done
update frame 272
update ld=1.94392e-07 ad=2.01747e-09
Laser Pose= 0.207955 -3.24089e-05 -5.56385e-05
m_count 34
Average Scan Matching Score=55.8408
neff= 50
Registering Scans:Done
update frame 280
update ld=1.94564e-07 ad=2.01736e-09
Laser Pose= 0.207955 -3.24091e-05 -5.56405e-05
m_count 35
Average Scan Matching Score=55.8279
neff= 50
Registering Scans:Done
update frame 288
update ld=1.94202e-07 ad=1.94255e-09
Laser Pose= 0.207955 -3.24093e-05 -5.56425e-05
m_count 36
Average Scan Matching Score=55.827
neff= 50
Registering Scans:Done
update frame 296
update ld=1.94202e-07 ad=2.01717e-09
Laser Pose= 0.207954 -3.24096e-05 -5.56445e-05
m_count 37
Average Scan Matching Score=55.8445
neff= 50
Registering Scans:Done
update frame 305
update ld=2.05434e-07 ad=2.16648e-09
Laser Pose= 0.207954 -3.24098e-05 -5.56467e-05
m_count 38
Average Scan Matching Score=55.8421
neff= 50
Registering Scans:Done
update frame 313
update ld=1.94203e-07 ad=1.94227e-09
Laser Pose= 0.207954 -3.24101e-05 -5.56486e-05
m_count 39
Average Scan Matching Score=55.8476
neff= 50
Registering Scans:Done
update frame 321
update ld=1.94203e-07 ad=2.01688e-09
Laser Pose= 0.207954 -3.24103e-05 -5.56506e-05
m_count 40
Average Scan Matching Score=55.8265
neff= 50
Registering Scans:Done
update frame 329
update ld=1.94203e-07 ad=2.01678e-09
Laser Pose= 0.207954 -3.24106e-05 -5.56526e-05
m_count 41
Average Scan Matching Score=55.8217
neff= 50
Registering Scans:Done
update frame 337
update ld=1.94204e-07 ad=2.0167e-09
Laser Pose= 0.207953 -3.24108e-05 -5.56547e-05
m_count 42
Average Scan Matching Score=55.842
neff= 50
Registering Scans:Done
update frame 345
update ld=1.94204e-07 ad=2.01662e-09
Laser Pose= 0.207953 -3.2411e-05 -5.56567e-05
m_count 43
Average Scan Matching Score=55.8323
neff= 50
Registering Scans:Done
update frame 353
update ld=1.94204e-07 ad=1.94184e-09
Laser Pose= 0.207953 -3.24113e-05 -5.56586e-05
m_count 44
Average Scan Matching Score=55.8284
neff= 50
Registering Scans:Done
update frame 361
update ld=1.94205e-07 ad=2.01644e-09
Laser Pose= 0.207953 -3.24115e-05 -5.56606e-05
m_count 45
Average Scan Matching Score=55.8179
neff= 50
Registering Scans:Done
update frame 369
update ld=1.94205e-07 ad=2.01637e-09
Laser Pose= 0.207953 -3.24117e-05 -5.56626e-05
m_count 46
Average Scan Matching Score=55.8344
neff= 50
Registering Scans:Done
update frame 377
update ld=1.94567e-07 ad=2.01629e-09
Laser Pose= 0.207953 -3.2412e-05 -5.56647e-05
m_count 47
Average Scan Matching Score=55.8318
neff= 50
Registering Scans:Done
update frame 385
update ld=1.93843e-07 ad=2.01621e-09
Laser Pose= 0.207952 -3.24122e-05 -5.56667e-05
m_count 48
Average Scan Matching Score=55.838
neff= 50
Registering Scans:Done
update frame 393
update ld=1.82974e-07 ad=1.86679e-09
Laser Pose= 0.207952 -3.24125e-05 -5.56685e-05
m_count 49
Average Scan Matching Score=55.8438
neff= 50
Registering Scans:Done
update frame 401
update ld=1.94206e-07 ad=2.01606e-09
Laser Pose= 0.207952 -3.24127e-05 -5.56706e-05
m_count 50
Average Scan Matching Score=55.8349
neff= 50
Registering Scans:Done
update frame 409
update ld=1.94206e-07 ad=1.94132e-09
Laser Pose= 0.207952 -3.24129e-05 -5.56725e-05
m_count 51
Average Scan Matching Score=55.8193
neff= 50
Registering Scans:Done
update frame 417
update ld=1.94206e-07 ad=2.01592e-09
Laser Pose= 0.207952 -3.24132e-05 -5.56745e-05
m_count 52
Average Scan Matching Score=55.8228
neff= 50
Registering Scans:Done
update frame 425
update ld=1.94416e-07 ad=2.01585e-09
Laser Pose= 0.207951 -3.24134e-05 -5.56765e-05
m_count 53
Average Scan Matching Score=55.8226
neff= 50
Registering Scans:Done
update frame 433
update ld=1.93997e-07 ad=2.01578e-09
Laser Pose= 0.207951 -3.24137e-05 -5.56785e-05
m_count 54
Average Scan Matching Score=55.8305
neff= 50
Registering Scans:Done
update frame 441
update ld=1.94207e-07 ad=2.01571e-09
Laser Pose= 0.207951 -3.24139e-05 -5.56806e-05
m_count 55
Average Scan Matching Score=55.8389
neff= 50
Registering Scans:Done
update frame 449
update ld=1.94207e-07 ad=1.94099e-09
Laser Pose= 0.207951 -3.24141e-05 -5.56825e-05
m_count 56
Average Scan Matching Score=55.8309
neff= 50
Registering Scans:Done
update frame 457
update ld=1.94208e-07 ad=2.01558e-09
Laser Pose= 0.207951 -3.24144e-05 -5.56845e-05
m_count 57
Average Scan Matching Score=55.8211
neff= 50
Registering Scans:Done
update frame 465
update ld=1.94208e-07 ad=2.01552e-09
Laser Pose= 0.20795 -3.24146e-05 -5.56865e-05
m_count 58
Average Scan Matching Score=55.8428
neff= 50
Registering Scans:Done
update frame 473
update ld=1.9457e-07 ad=2.01546e-09
Laser Pose= 0.20795 -3.24148e-05 -5.56886e-05
m_count 59
Average Scan Matching Score=55.8215
neff= 50
Registering Scans:Done
update frame 481
update ld=1.93846e-07 ad=2.0154e-09
Laser Pose= 0.20795 -3.24151e-05 -5.56906e-05
m_count 60
Average Scan Matching Score=55.8423
neff= 50
Registering Scans:Done
update frame 489
update ld=1.94189e-07 ad=1.9407e-09
Laser Pose= 0.20795 -3.24153e-05 -5.56925e-05
m_count 61
Average Scan Matching Score=55.8268
neff= 50
Registering Scans:Done
update frame 497
update ld=1.94228e-07 ad=2.01528e-09
Laser Pose= 0.20795 -3.24156e-05 -5.56945e-05
m_count 62
Average Scan Matching Score=55.8496
neff= 50
Registering Scans:Done
update frame 506
update ld=2.05804e-07 ad=2.1645e-09
Laser Pose= 0.207949 -3.24158e-05 -5.56967e-05
m_count 63
Average Scan Matching Score=55.8254
neff= 50
Registering Scans:Done
update frame 514
update ld=1.93847e-07 ad=1.94053e-09
Laser Pose= 0.207949 -3.2416e-05 -5.56986e-05
m_count 64
Average Scan Matching Score=55.8139
neff= 50
Registering Scans:Done
update frame 522
update ld=1.94209e-07 ad=2.01511e-09
Laser Pose= 0.207949 -3.24163e-05 -5.57006e-05
m_count 65
Average Scan Matching Score=55.8218
neff= 50
Registering Scans:Done
update frame 530
update ld=1.9421e-07 ad=2.01506e-09
Laser Pose= 0.207949 -3.24165e-05 -5.57027e-05
m_count 66
Average Scan Matching Score=55.8288
neff= 50
Registering Scans:Done
update frame 538
update ld=1.9421e-07 ad=2.01502e-09
Laser Pose= 0.207949 -3.24168e-05 -5.57047e-05
m_count 67
Average Scan Matching Score=55.8392
neff= 50
Registering Scans:Done
update frame 546
update ld=1.9421e-07 ad=2.01496e-09
Laser Pose= 0.207948 -3.2417e-05 -5.57067e-05
m_count 68
Average Scan Matching Score=55.8295
neff= 50
Registering Scans:Done
update frame 554
update ld=1.9421e-07 ad=1.94028e-09
Laser Pose= 0.207948 -3.24172e-05 -5.57086e-05
m_count 69
Average Scan Matching Score=55.837
neff= 50
Registering Scans:Done
update frame 562
update ld=1.9421e-07 ad=2.01486e-09
Laser Pose= 0.207948 -3.24175e-05 -5.57106e-05
m_count 70
Average Scan Matching Score=55.8451
neff= 50
Registering Scans:Done
update frame 570
update ld=1.9421e-07 ad=2.01481e-09
Laser Pose= 0.207948 -3.24177e-05 -5.57127e-05
m_count 71
Average Scan Matching Score=55.8323
neff= 50
Registering Scans:Done
update frame 578
update ld=1.94573e-07 ad=2.01476e-09
Laser Pose= 0.207948 -3.2418e-05 -5.57147e-05
m_count 72
Average Scan Matching Score=55.8419
neff= 50
Registering Scans:Done
update frame 586
update ld=1.93848e-07 ad=2.01472e-09
Laser Pose= 0.207947 -3.24182e-05 -5.57167e-05
m_count 73
Average Scan Matching Score=55.8365
neff= 50
Registering Scans:Done
update frame 594
update ld=1.82979e-07 ad=1.86545e-09
Laser Pose= 0.207947 -3.24184e-05 -5.57186e-05
m_count 74
Average Scan Matching Score=55.822
neff= 50
Registering Scans:Done
update frame 602
update ld=1.94211e-07 ad=2.01463e-09
Laser Pose= 0.207947 -3.24187e-05 -5.57206e-05
m_count 75
Average Scan Matching Score=55.845
neff= 50
Registering Scans:Done
update frame 610
update ld=1.94211e-07 ad=1.93998e-09
Laser Pose= 0.207947 -3.24189e-05 -5.57225e-05
m_count 76
Average Scan Matching Score=55.8369
neff= 50
Registering Scans:Done
update frame 618
update ld=1.94211e-07 ad=2.01456e-09
Laser Pose= 0.207947 -3.24191e-05 -5.57245e-05
m_count 77
Average Scan Matching Score=55.8279
neff= 50
Registering Scans:Done
update frame 626
update ld=1.94574e-07 ad=2.01451e-09
Laser Pose= 0.207947 -3.24194e-05 -5.57265e-05
m_count 78
Average Scan Matching Score=55.8427
neff= 50
Registering Scans:Done
update frame 634
update ld=1.93849e-07 ad=2.01447e-09
Laser Pose= 0.207946 -3.24196e-05 -5.57286e-05
m_count 79
Average Scan Matching Score=55.8138
neff= 50
Registering Scans:Done
update frame 642
update ld=1.94212e-07 ad=2.01442e-09
Laser Pose= 0.207946 -3.24199e-05 -5.57306e-05
m_count 80
Average Scan Matching Score=55.8346
neff= 50
Registering Scans:Done
update frame 650
update ld=1.94919e-07 ad=2.01439e-09
Laser Pose= 0.207946 -3.24201e-05 -5.57326e-05
m_count 81
Average Scan Matching Score=55.8473
neff= 50
Registering Scans:Done
update frame 658
update ld=1.93505e-07 ad=1.93974e-09
Laser Pose= 0.207946 -3.24203e-05 -5.57345e-05
m_count 82
Average Scan Matching Score=55.8357
neff= 50
Registering Scans:Done
update frame 666
update ld=1.94212e-07 ad=2.01432e-09
Laser Pose= 0.207946 -3.24206e-05 -5.57365e-05
m_count 83
Average Scan Matching Score=55.8264
neff= 50
Registering Scans:Done
update frame 674
update ld=1.94575e-07 ad=2.01428e-09
Laser Pose= 0.207945 -3.24208e-05 -5.57385e-05
m_count 84
Average Scan Matching Score=55.8537
neff= 50
Registering Scans:Done
update frame 682
update ld=1.9385e-07 ad=2.01424e-09
Laser Pose= 0.207945 -3.24211e-05 -5.57406e-05
m_count 85
Average Scan Matching Score=55.8318
neff= 50
Registering Scans:Done
update frame 690
update ld=1.94213e-07 ad=1.93961e-09
Laser Pose= 0.207945 -3.24213e-05 -5.57425e-05
m_count 86
Average Scan Matching Score=55.8172
neff= 50
Registering Scans:Done
update frame 698
update ld=1.94937e-07 ad=2.01417e-09
Laser Pose= 0.207945 -3.24215e-05 -5.57445e-05
m_count 87
Average Scan Matching Score=55.8313
neff= 50
Registering Scans:Done
update frame 707
update ld=2.05445e-07 ad=2.16335e-09
Laser Pose= 0.207945 -3.24218e-05 -5.57467e-05
m_count 88
Average Scan Matching Score=55.8252
neff= 49.9999
Registering Scans:Done
update frame 715
update ld=1.9345e-07 ad=1.93951e-09
Laser Pose= 0.207944 -3.2422e-05 -5.57486e-05
m_count 89
Average Scan Matching Score=55.8421
neff= 49.9999
Registering Scans:Done
update frame 723
update ld=1.94251e-07 ad=2.01409e-09
Laser Pose= 0.207944 -3.24223e-05 -5.57506e-05
m_count 90
Average Scan Matching Score=55.8298
neff= 49.9999
Registering Scans:Done
update frame 731
update ld=1.94576e-07 ad=2.01404e-09
Laser Pose= 0.207944 -3.24225e-05 -5.57526e-05
m_count 91
Average Scan Matching Score=55.8275
neff= 49.9999
Registering Scans:Done
update frame 739
update ld=1.94213e-07 ad=2.01402e-09
Laser Pose= 0.207944 -3.24227e-05 -5.57547e-05
m_count 92
Average Scan Matching Score=55.822
neff= 49.9999
Registering Scans:Done
update frame 747
update ld=1.93508e-07 ad=2.01398e-09
Laser Pose= 0.207944 -3.2423e-05 -5.57567e-05
m_count 93
Average Scan Matching Score=55.8375
neff= 49.9999
Registering Scans:Done
update frame 755
update ld=1.94919e-07 ad=1.93937e-09
Laser Pose= 0.207943 -3.24232e-05 -5.57586e-05
m_count 94
Average Scan Matching Score=55.8288
neff= 49.9999
Registering Scans:Done
update frame 763
update ld=1.93851e-07 ad=2.01393e-09
Laser Pose= 0.207943 -3.24235e-05 -5.57606e-05
m_count 95
Average Scan Matching Score=55.8439
neff= 49.9999
Registering Scans:Done
update frame 771
update ld=1.94576e-07 ad=2.0139e-09
Laser Pose= 0.207943 -3.24237e-05 -5.57626e-05
m_count 96
Average Scan Matching Score=55.8428
neff= 49.9999
Registering Scans:Done
update frame 779
update ld=1.94576e-07 ad=2.01387e-09
Laser Pose= 0.207943 -3.24239e-05 -5.57647e-05
m_count 97
Average Scan Matching Score=55.8263
neff= 49.9999
Registering Scans:Done
update frame 787
update ld=1.93146e-07 ad=2.01384e-09
Laser Pose= 0.207943 -3.24242e-05 -5.57667e-05
m_count 98
Average Scan Matching Score=55.8331
neff= 49.9999
Registering Scans:Done
update frame 795
update ld=1.83687e-07 ad=1.86464e-09
Laser Pose= 0.207942 -3.24244e-05 -5.57685e-05
m_count 99
Average Scan Matching Score=55.8372
neff= 49.9999
Registering Scans:Done
update frame 803
update ld=1.9449e-07 ad=2.01379e-09
Laser Pose= 0.207942 -3.24246e-05 -5.57705e-05
m_count 100
Average Scan Matching Score=55.822
neff= 49.9999
Registering Scans:Done
update frame 811
update ld=1.93938e-07 ad=2.01376e-09
Laser Pose= 0.207942 -3.24249e-05 -5.57726e-05
m_count 101
Average Scan Matching Score=55.8403
neff= 49.9999
Registering Scans:Done
update frame 819
update ld=1.94138e-07 ad=1.93915e-09
Laser Pose= 0.207942 -3.24251e-05 -5.57745e-05
m_count 102
Average Scan Matching Score=55.826
neff= 49.9999
Registering Scans:Done
update frame 827
update ld=1.94653e-07 ad=2.01372e-09
Laser Pose= 0.207942 -3.24253e-05 -5.57765e-05
m_count 103
Average Scan Matching Score=55.8294
neff= 49.9999
Registering Scans:Done
update frame 835
update ld=1.93714e-07 ad=2.01369e-09
Laser Pose= 0.207941 -3.24256e-05 -5.57785e-05
m_count 104
Average Scan Matching Score=55.8293
neff= 49.9999
Registering Scans:Done
update frame 843
update ld=1.94353e-07 ad=2.01366e-09
Laser Pose= 0.207941 -3.24258e-05 -5.57805e-05
m_count 105
Average Scan Matching Score=55.8238
neff= 49.9999
Registering Scans:Done
update frame 851
update ld=1.94939e-07 ad=2.01365e-09
Laser Pose= 0.207941 -3.24261e-05 -5.57826e-05
m_count 106
Average Scan Matching Score=55.833
neff= 49.9999
Registering Scans:Done
update frame 859
update ld=1.9349e-07 ad=1.93903e-09
Laser Pose= 0.207941 -3.24263e-05 -5.57845e-05
m_count 107
Average Scan Matching Score=55.839
neff= 49.9999
Registering Scans:Done
update frame 867
update ld=1.94215e-07 ad=2.0136e-09
Laser Pose= 0.207941 -3.24265e-05 -5.57865e-05
m_count 108
Average Scan Matching Score=55.8336
neff= 49.9999
Registering Scans:Done
update frame 875
update ld=1.9494e-07 ad=2.01359e-09
Laser Pose= 0.20794 -3.24268e-05 -5.57885e-05
m_count 109
Average Scan Matching Score=55.8413
neff= 49.9999
Registering Scans:Done
update frame 883
update ld=1.9349e-07 ad=2.01355e-09
Laser Pose= 0.20794 -3.2427e-05 -5.57905e-05
m_count 110
Average Scan Matching Score=55.8446
neff= 49.9999
Registering Scans:Done
update frame 891
update ld=1.94577e-07 ad=2.01354e-09
Laser Pose= 0.20794 -3.24273e-05 -5.57926e-05
m_count 111
Average Scan Matching Score=55.8245
neff= 49.9999
Registering Scans:Done
update frame 899
update ld=1.93853e-07 ad=1.93895e-09
Laser Pose= 0.20794 -3.24275e-05 -5.57945e-05
m_count 112
Average Scan Matching Score=55.8237
neff= 49.9999
Registering Scans:Done
update frame 908
update ld=2.05448e-07 ad=2.16264e-09
Laser Pose= 0.20794 -3.24278e-05 -5.57967e-05
m_count 113
Average Scan Matching Score=55.8215
neff= 49.9999
Registering Scans:Done
update frame 916
update ld=1.93853e-07 ad=1.9389e-09
Laser Pose= 0.20794 -3.2428e-05 -5.57986e-05
m_count 114
Average Scan Matching Score=55.8378
neff= 49.9999
Registering Scans:Done
update frame 924
update ld=1.94215e-07 ad=2.01347e-09
Laser Pose= 0.207939 -3.24282e-05 -5.58006e-05
m_count 115
Average Scan Matching Score=55.8329
neff= 49.9999
Registering Scans:Done
update frame 932
update ld=1.94215e-07 ad=2.01344e-09
Laser Pose= 0.207939 -3.24285e-05 -5.58026e-05
m_count 116
Average Scan Matching Score=55.8303
neff= 49.9999
Registering Scans:Done
update frame 940
update ld=1.94215e-07 ad=2.01341e-09
Laser Pose= 0.207939 -3.24287e-05 -5.58046e-05
m_count 117
Average Scan Matching Score=55.8173
neff= 49.9999
Registering Scans:Done
update frame 948
update ld=1.94216e-07 ad=2.01342e-09
Laser Pose= 0.207939 -3.24289e-05 -5.58066e-05
m_count 118
Average Scan Matching Score=55.8368
neff= 49.9999
Registering Scans:Done
update frame 956
update ld=1.94216e-07 ad=1.93883e-09
Laser Pose= 0.207939 -3.24292e-05 -5.58086e-05
m_count 119
Average Scan Matching Score=55.8425
neff= 49.9999
Registering Scans:Done
update frame 964
update ld=1.94216e-07 ad=2.01337e-09
Laser Pose= 0.207938 -3.24294e-05 -5.58106e-05
m_count 120
Average Scan Matching Score=55.8382
neff= 49.9999
Registering Scans:Done
update frame 972
update ld=1.94216e-07 ad=2.01335e-09
Laser Pose= 0.207938 -3.24297e-05 -5.58126e-05
m_count 121
Average Scan Matching Score=55.8291
neff= 49.9999
Registering Scans:Done
update frame 980
update ld=1.94578e-07 ad=2.01335e-09
Laser Pose= 0.207938 -3.24299e-05 -5.58146e-05
m_count 122
Average Scan Matching Score=55.8264
neff= 49.9999
Registering Scans:Done
update frame 988
update ld=1.93853e-07 ad=2.01333e-09
Laser Pose= 0.207938 -3.24301e-05 -5.58166e-05
m_count 123
Average Scan Matching Score=55.8368
neff= 49.9999
Registering Scans:Done
update frame 996
update ld=1.83346e-07 ad=1.86417e-09
Laser Pose= 0.207938 -3.24304e-05 -5.58185e-05
m_count 124
Average Scan Matching Score=55.8439
neff= 49.9999
Registering Scans:Done
update frame 1004
update ld=1.94216e-07 ad=2.01328e-09
Laser Pose= 0.207937 -3.24306e-05 -5.58205e-05
m_count 125
Average Scan Matching Score=55.8283
neff= 49.9999
Registering Scans:Done
update frame 1012
update ld=1.94216e-07 ad=2.01328e-09
Laser Pose= 0.207937 -3.24308e-05 -5.58225e-05
m_count 126
Average Scan Matching Score=55.839
neff= 49.9999
Registering Scans:Done
update frame 1020
update ld=1.94216e-07 ad=1.93871e-09
Laser Pose= 0.207937 -3.24311e-05 -5.58245e-05
m_count 127
Average Scan Matching Score=55.8419
neff= 49.9999
Registering Scans:Done
update frame 1028
update ld=1.94578e-07 ad=2.01325e-09
Laser Pose= 0.207937 -3.24313e-05 -5.58265e-05
m_count 128
Average Scan Matching Score=55.8336
neff= 49.9999
Registering Scans:Done
update frame 1036
update ld=1.93854e-07 ad=2.01323e-09
Laser Pose= 0.207937 -3.24316e-05 -5.58285e-05
m_count 129
Average Scan Matching Score=55.8409
neff= 49.9999
Registering Scans:Done
update frame 1044
update ld=1.94216e-07 ad=2.01322e-09
Laser Pose= 0.207936 -3.24318e-05 -5.58305e-05
m_count 130
Average Scan Matching Score=55.8405
neff= 49.9998
Registering Scans:Done
update frame 1052
update ld=1.94579e-07 ad=2.01322e-09
Laser Pose= 0.207936 -3.2432e-05 -5.58325e-05
m_count 131
Average Scan Matching Score=55.8345
neff= 49.9998
Registering Scans:Done
update frame 1060
update ld=1.93854e-07 ad=1.93864e-09
Laser Pose= 0.207936 -3.24323e-05 -5.58345e-05
m_count 132
Average Scan Matching Score=55.8499
neff= 49.9998
Registering Scans:Done
update frame 1068
update ld=1.94216e-07 ad=2.01318e-09
Laser Pose= 0.207936 -3.24325e-05 -5.58365e-05
m_count 133
Average Scan Matching Score=55.8331
neff= 49.9998
Registering Scans:Done
update frame 1076
update ld=1.94216e-07 ad=2.01315e-09
Laser Pose= 0.207936 -3.24327e-05 -5.58385e-05
m_count 134
Average Scan Matching Score=55.843
neff= 49.9998
Registering Scans:Done
update frame 1084
update ld=1.94216e-07 ad=2.01315e-09
Laser Pose= 0.207935 -3.2433e-05 -5.58405e-05
m_count 135
Average Scan Matching Score=55.8401
neff= 49.9998
Registering Scans:Done
update frame 1092
update ld=1.94216e-07 ad=2.01315e-09
Laser Pose= 0.207935 -3.24332e-05 -5.58425e-05
m_count 136
Average Scan Matching Score=55.845
neff= 49.9998
Registering Scans:Done
update frame 1100
update ld=1.94579e-07 ad=1.93859e-09
Laser Pose= 0.207935 -3.24335e-05 -5.58444e-05
m_count 137
Average Scan Matching Score=55.8412
neff= 49.9998
Registering Scans:Done
update frame 1109
update ld=2.04725e-07 ad=2.16224e-09
Laser Pose= 0.207935 -3.24337e-05 -5.58466e-05
m_count 138
Average Scan Matching Score=55.8303
neff= 49.9998
Registering Scans:Done
update frame 1117
update ld=1.94217e-07 ad=1.93854e-09
Laser Pose= 0.207935 -3.24339e-05 -5.58486e-05
m_count 139
Average Scan Matching Score=55.8212
neff= 49.9998
Registering Scans:Done
update frame 1125
update ld=1.94102e-07 ad=2.01309e-09
Laser Pose= 0.207934 -3.24342e-05 -5.58506e-05
m_count 140
Average Scan Matching Score=55.8445
neff= 49.9998
Registering Scans:Done
update frame 1133
update ld=1.94693e-07 ad=2.01309e-09
Laser Pose= 0.207934 -3.24344e-05 -5.58526e-05
m_count 141
Average Scan Matching Score=55.8367
neff= 49.9998
Registering Scans:Done
update frame 1141
update ld=1.93854e-07 ad=2.01308e-09
Laser Pose= 0.207934 -3.24347e-05 -5.58546e-05
m_count 142
Average Scan Matching Score=55.812
neff= 49.9998
Registering Scans:Done
update frame 1149
update ld=1.94217e-07 ad=2.01307e-09
Laser Pose= 0.207934 -3.24349e-05 -5.58566e-05
m_count 143
Average Scan Matching Score=55.8373
neff= 49.9998
Registering Scans:Done
update frame 1157
update ld=1.94217e-07 ad=1.9385e-09
Laser Pose= 0.207934 -3.24351e-05 -5.58585e-05
m_count 144
Average Scan Matching Score=55.8287
neff= 49.9998
Registering Scans:Done
update frame 1165
update ld=1.94217e-07 ad=2.01303e-09
Laser Pose= 0.207933 -3.24354e-05 -5.58606e-05
m_count 145
Average Scan Matching Score=55.8267
neff= 49.9998
Registering Scans:Done
update frame 1173
update ld=1.94217e-07 ad=2.01302e-09
Laser Pose= 0.207933 -3.24356e-05 -5.58626e-05
m_count 146
Average Scan Matching Score=55.8274
neff= 49.9998
Registering Scans:Done
update frame 1181
update ld=1.94217e-07 ad=2.01302e-09
Laser Pose= 0.207933 -3.24359e-05 -5.58646e-05
m_count 147
Average Scan Matching Score=55.836
neff= 49.9998
Registering Scans:Done
update frame 1189
update ld=1.94182e-07 ad=2.01302e-09
Laser Pose= 0.207933 -3.24361e-05 -5.58666e-05
m_count 148
Average Scan Matching Score=55.8389
neff= 49.9998
Registering Scans:Done
update frame 1197
update ld=1.83381e-07 ad=1.8639e-09
Laser Pose= 0.207933 -3.24363e-05 -5.58685e-05
m_count 149
Average Scan Matching Score=55.8321
neff= 49.9998
Registering Scans:Done
update frame 1205
update ld=1.94579e-07 ad=2.01301e-09
Laser Pose= 0.207933 -3.24366e-05 -5.58705e-05
m_count 150
Average Scan Matching Score=55.8269
neff= 49.9998
Registering Scans:Done
update frame 1213
update ld=1.9351e-07 ad=1.93844e-09
Laser Pose= 0.207932 -3.24368e-05 -5.58724e-05
m_count 151
Average Scan Matching Score=55.8384
neff= 49.9998
Registering Scans:Done
update frame 1221
update ld=1.94562e-07 ad=2.01298e-09
Laser Pose= 0.207932 -3.2437e-05 -5.58744e-05
m_count 152
Average Scan Matching Score=55.8443
neff= 49.9997
Registering Scans:Done
update frame 1229
update ld=1.94217e-07 ad=2.01297e-09
Laser Pose= 0.207932 -3.24373e-05 -5.58764e-05
m_count 153
Average Scan Matching Score=55.8334
neff= 49.9997
Registering Scans:Done
update frame 1237
update ld=1.94217e-07 ad=2.01296e-09
Laser Pose= 0.207932 -3.24375e-05 -5.58784e-05
m_count 154
Average Scan Matching Score=55.8282
neff= 49.9997
Registering Scans:Done
update frame 1245
update ld=1.94217e-07 ad=2.01296e-09
Laser Pose= 0.207932 -3.24378e-05 -5.58805e-05
m_count 155
Average Scan Matching Score=55.8377
neff= 49.9997
Registering Scans:Done
update frame 1253
update ld=1.94217e-07 ad=2.01295e-09
Laser Pose= 0.207931 -3.2438e-05 -5.58825e-05
m_count 156
Average Scan Matching Score=55.8307
neff= 49.9997
Registering Scans:Done
update frame 1261
update ld=1.94217e-07 ad=1.93838e-09
Laser Pose= 0.207931 -3.24382e-05 -5.58844e-05
m_count 157
Average Scan Matching Score=55.838
neff= 49.9997
Registering Scans:Done
update frame 1269
update ld=1.94217e-07 ad=2.01293e-09
Laser Pose= 0.207931 -3.24385e-05 -5.58864e-05
m_count 158
Average Scan Matching Score=55.8343
neff= 49.9997
Registering Scans:Done
update frame 1277
update ld=1.94217e-07 ad=2.01293e-09
Laser Pose= 0.207931 -3.24387e-05 -5.58884e-05
m_count 159
Average Scan Matching Score=55.8352
neff= 49.9997
Registering Scans:Done
update frame 1285
update ld=1.93912e-07 ad=2.01293e-09
Laser Pose= 0.207931 -3.24389e-05 -5.58905e-05
m_count 160
Average Scan Matching Score=55.8486
neff= 49.9997
Registering Scans:Done
update frame 1293
update ld=1.94522e-07 ad=2.01293e-09
Laser Pose= 0.20793 -3.24392e-05 -5.58925e-05
m_count 161
Average Scan Matching Score=55.8411
neff= 49.9997
Registering Scans:Done
update frame 1301
update ld=1.94141e-07 ad=1.93837e-09
Laser Pose= 0.20793 -3.24394e-05 -5.58944e-05
m_count 162
Average Scan Matching Score=55.8518
neff= 49.9997
Registering Scans:Done
update frame 1310
update ld=2.05526e-07 ad=2.16202e-09
Laser Pose= 0.20793 -3.24397e-05 -5.58966e-05
m_count 163
Average Scan Matching Score=55.8466
neff= 49.9997
Registering Scans:Done
update frame 1318
update ld=1.93855e-07 ad=1.93835e-09
Laser Pose= 0.20793 -3.24399e-05 -5.58985e-05
m_count 164
Average Scan Matching Score=55.8294
neff= 49.9997
Registering Scans:Done
update frame 1326
update ld=1.94217e-07 ad=2.01289e-09
Laser Pose= 0.20793 -3.24401e-05 -5.59005e-05
m_count 165
Average Scan Matching Score=55.8336
neff= 49.9997
Registering Scans:Done
update frame 1334
update ld=1.94217e-07 ad=2.01288e-09
Laser Pose= 0.207929 -3.24404e-05 -5.59025e-05
m_count 166
Average Scan Matching Score=55.8326
neff= 49.9997
Registering Scans:Done
update frame 1342
update ld=1.94218e-07 ad=2.01286e-09
Laser Pose= 0.207929 -3.24406e-05 -5.59045e-05
m_count 167
Average Scan Matching Score=55.8388
neff= 49.9997
Registering Scans:Done
update frame 1350
update ld=1.94218e-07 ad=2.01286e-09
Laser Pose= 0.207929 -3.24409e-05 -5.59066e-05
m_count 168
Average Scan Matching Score=55.8387
neff= 49.9997
Registering Scans:Done
update frame 1358
update ld=1.9458e-07 ad=1.93831e-09
Laser Pose= 0.207929 -3.24411e-05 -5.59085e-05
m_count 169
Average Scan Matching Score=55.8219
neff= 49.9997
Registering Scans:Done
update frame 1366
update ld=1.93855e-07 ad=2.01286e-09
Laser Pose= 0.207929 -3.24413e-05 -5.59105e-05
m_count 170
Average Scan Matching Score=55.8284
neff= 49.9996
Registering Scans:Done
update frame 1374
update ld=1.94218e-07 ad=2.01286e-09
Laser Pose= 0.207928 -3.24416e-05 -5.59125e-05
m_count 171
Average Scan Matching Score=55.8339
neff= 49.9996
Registering Scans:Done
update frame 1382
update ld=1.94218e-07 ad=2.01286e-09
Laser Pose= 0.207928 -3.24418e-05 -5.59145e-05
m_count 172
Average Scan Matching Score=55.8466
neff= 49.9996
Registering Scans:Done
update frame 1390
update ld=1.94218e-07 ad=2.01285e-09
Laser Pose= 0.207928 -3.24421e-05 -5.59165e-05
m_count 173
Average Scan Matching Score=55.8406
neff= 49.9996
Registering Scans:Done
update frame 1398
update ld=1.83347e-07 ad=1.86374e-09
Laser Pose= 0.207928 -3.24423e-05 -5.59184e-05
m_count 174
Average Scan Matching Score=55.8357
neff= 49.9996
Registering Scans:Done
update frame 1406
update ld=1.94218e-07 ad=2.01283e-09
Laser Pose= 0.207928 -3.24425e-05 -5.59204e-05
m_count 175
Average Scan Matching Score=55.8344
neff= 49.9996
Registering Scans:Done
update frame 1414
update ld=1.94218e-07 ad=2.01282e-09
Laser Pose= 0.207927 -3.24428e-05 -5.59224e-05
m_count 176
Average Scan Matching Score=55.8444
neff= 49.9996
Registering Scans:Done
update frame 1422
update ld=1.94218e-07 ad=1.93826e-09
Laser Pose= 0.207927 -3.2443e-05 -5.59244e-05
m_count 177
Average Scan Matching Score=55.8319
neff= 49.9996
Registering Scans:Done
update frame 1430
update ld=1.9458e-07 ad=2.0128e-09
Laser Pose= 0.207927 -3.24432e-05 -5.59264e-05
m_count 178
Average Scan Matching Score=55.8379
neff= 49.9996
Registering Scans:Done
update frame 1438
update ld=1.93855e-07 ad=2.0128e-09
Laser Pose= 0.207927 -3.24435e-05 -5.59284e-05
m_count 179
Average Scan Matching Score=55.8204
neff= 49.9996
Registering Scans:Done
update frame 1446
update ld=1.94218e-07 ad=2.0128e-09
Laser Pose= 0.207927 -3.24437e-05 -5.59304e-05
m_count 180
Average Scan Matching Score=55.8337
neff= 49.9996
Registering Scans:Done
update frame 1454
update ld=1.94218e-07 ad=2.01279e-09
Laser Pose= 0.207927 -3.2444e-05 -5.59324e-05
m_count 181
Average Scan Matching Score=55.8381
neff= 49.9996
Registering Scans:Done
update frame 1462
update ld=1.94142e-07 ad=1.93824e-09
Laser Pose= 0.207926 -3.24442e-05 -5.59344e-05
m_count 182
Average Scan Matching Score=55.8411
neff= 49.9996
Registering Scans:Done
update frame 1470
update ld=1.94294e-07 ad=2.01279e-09
Laser Pose= 0.207926 -3.24444e-05 -5.59364e-05
m_count 183
Average Scan Matching Score=55.8445
neff= 49.9996
Registering Scans:Done
update frame 1478
update ld=1.94218e-07 ad=2.01278e-09
Laser Pose= 0.207926 -3.24447e-05 -5.59384e-05
m_count 184
Average Scan Matching Score=55.8426
neff= 49.9995
Registering Scans:Done
update frame 1486
update ld=1.94218e-07 ad=2.01278e-09
Laser Pose= 0.207926 -3.24449e-05 -5.59404e-05
m_count 185
Average Scan Matching Score=55.8285
neff= 49.9995
Registering Scans:Done
update frame 1494
update ld=1.94218e-07 ad=2.01278e-09
Laser Pose= 0.207926 -3.24451e-05 -5.59424e-05
m_count 186
Average Scan Matching Score=55.8233
neff= 49.9995
Registering Scans:Done
update frame 1502
update ld=1.9458e-07 ad=1.93823e-09
Laser Pose= 0.207925 -3.24454e-05 -5.59443e-05
m_count 187
Average Scan Matching Score=55.8354
neff= 49.9995
Registering Scans:Done
update frame 1511
update ld=2.05088e-07 ad=2.16186e-09
Laser Pose= 0.207925 -3.24456e-05 -5.59465e-05
m_count 188
Average Scan Matching Score=55.8291
neff= 49.9995
Registering Scans:Done
update frame 1519
update ld=1.93856e-07 ad=1.93822e-09
Laser Pose= 0.207925 -3.24459e-05 -5.59485e-05
m_count 189
Average Scan Matching Score=55.8362
neff= 49.9995
Registering Scans:Done
update frame 1527
update ld=1.94218e-07 ad=2.01277e-09
Laser Pose= 0.207925 -3.24461e-05 -5.59505e-05
m_count 190
Average Scan Matching Score=55.8372
neff= 49.9995
Registering Scans:Done
update frame 1535
update ld=1.9458e-07 ad=2.01277e-09
Laser Pose= 0.207925 -3.24463e-05 -5.59525e-05
m_count 191
Average Scan Matching Score=55.8315
neff= 49.9995
Registering Scans:Done
update frame 1543
update ld=1.93856e-07 ad=2.01277e-09
Laser Pose= 0.207924 -3.24466e-05 -5.59545e-05
m_count 192
Average Scan Matching Score=55.8361
neff= 49.9995
Registering Scans:Done
update frame 1551
update ld=1.94218e-07 ad=2.01277e-09
Laser Pose= 0.207924 -3.24468e-05 -5.59565e-05
m_count 193
Average Scan Matching Score=55.8295
neff= 49.9995
Registering Scans:Done
update frame 1559
update ld=1.94218e-07 ad=1.93822e-09
Laser Pose= 0.207924 -3.2447e-05 -5.59584e-05
m_count 194
Average Scan Matching Score=55.834
neff= 49.9995
Registering Scans:Done
update frame 1567
update ld=1.93976e-07 ad=2.01276e-09
Laser Pose= 0.207924 -3.24473e-05 -5.59605e-05
m_count 195
Average Scan Matching Score=55.8285
neff= 49.9995
Registering Scans:Done
update frame 1575
update ld=1.94822e-07 ad=2.01275e-09
Laser Pose= 0.207924 -3.24475e-05 -5.59625e-05
m_count 196
Average Scan Matching Score=55.8306
neff= 49.9995
Registering Scans:Done
update frame 1583
update ld=1.94218e-07 ad=2.01274e-09
Laser Pose= 0.207923 -3.24478e-05 -5.59645e-05
m_count 197
Average Scan Matching Score=55.8206
neff= 49.9995
Registering Scans:Done
update frame 1591
update ld=1.93856e-07 ad=2.01273e-09
Laser Pose= 0.207923 -3.2448e-05 -5.59665e-05
m_count 198
Average Scan Matching Score=55.8403
neff= 49.9994
Registering Scans:Done
update frame 1599
update ld=1.83555e-07 ad=1.86364e-09
Laser Pose= 0.207923 -3.24482e-05 -5.59684e-05
m_count 199
Average Scan Matching Score=55.837
neff= 49.9994
Registering Scans:Done
update frame 1607
update ld=1.94373e-07 ad=2.01272e-09
Laser Pose= 0.207923 -3.24485e-05 -5.59704e-05
m_count 200
Average Scan Matching Score=55.829
neff= 49.9994
Registering Scans:Done
update frame 1615
update ld=1.94218e-07 ad=2.01271e-09
Laser Pose= 0.207923 -3.24487e-05 -5.59724e-05
m_count 201
Average Scan Matching Score=55.8254
neff= 49.9994
Registering Scans:Done
update frame 1623
update ld=1.94218e-07 ad=1.93817e-09
Laser Pose= 0.207922 -3.24489e-05 -5.59743e-05
m_count 202
Average Scan Matching Score=55.8428
neff= 49.9994
Registering Scans:Done
update frame 1631
update ld=1.94339e-07 ad=2.01269e-09
Laser Pose= 0.207922 -3.24492e-05 -5.59763e-05
m_count 203
Average Scan Matching Score=55.8323
neff= 49.9994
Registering Scans:Done
update frame 1639
update ld=1.94097e-07 ad=2.0127e-09
Laser Pose= 0.207922 -3.24494e-05 -5.59783e-05
m_count 204
Average Scan Matching Score=55.8261
neff= 49.9994
Registering Scans:Done
update frame 1647
update ld=1.94218e-07 ad=2.01269e-09
Laser Pose= 0.207922 -3.24497e-05 -5.59804e-05
m_count 205
Average Scan Matching Score=55.826
neff= 49.9994
Registering Scans:Done
update frame 1655
update ld=1.9458e-07 ad=2.01269e-09
Laser Pose= 0.207922 -3.24499e-05 -5.59824e-05
m_count 206
Average Scan Matching Score=55.8449
neff= 49.9994
Registering Scans:Done
update frame 1663
update ld=1.93856e-07 ad=1.93816e-09
Laser Pose= 0.207921 -3.24501e-05 -5.59843e-05
m_count 207
Average Scan Matching Score=55.8174
neff= 49.9994
Registering Scans:Done
update frame 1671
update ld=1.94218e-07 ad=2.01269e-09
Laser Pose= 0.207921 -3.24504e-05 -5.59863e-05
m_count 208
Average Scan Matching Score=55.8394
neff= 49.9994
Registering Scans:Done
update frame 1679
update ld=1.94063e-07 ad=2.01271e-09
Laser Pose= 0.207921 -3.24506e-05 -5.59883e-05
m_count 209
Average Scan Matching Score=55.8337
neff= 49.9994
Registering Scans:Done
update frame 1687
update ld=1.94373e-07 ad=2.01269e-09
Laser Pose= 0.207921 -3.24509e-05 -5.59903e-05
m_count 210
Average Scan Matching Score=55.8209
neff= 49.9994
Registering Scans:Done
update frame 1695
update ld=1.94581e-07 ad=2.0127e-09
Laser Pose= 0.207921 -3.24511e-05 -5.59924e-05
m_count 211
Average Scan Matching Score=55.8291
neff= 49.9993
Registering Scans:Done
update frame 1703
update ld=1.94218e-07 ad=1.93815e-09
Laser Pose= 0.20792 -3.24513e-05 -5.59943e-05
m_count 212
Average Scan Matching Score=55.8455
neff= 49.9993
Registering Scans:Done
update frame 1712
update ld=2.04364e-07 ad=2.16178e-09
Laser Pose= 0.20792 -3.24516e-05 -5.59965e-05
m_count 213
Average Scan Matching Score=55.8394
neff= 49.9993
Registering Scans:Done
update frame 1720
update ld=1.94218e-07 ad=1.93814e-09
Laser Pose= 0.20792 -3.24518e-05 -5.59984e-05
m_count 214
Average Scan Matching Score=55.8412
neff= 49.9993
Registering Scans:Done
update frame 1728
update ld=1.94218e-07 ad=2.01267e-09
Laser Pose= 0.20792 -3.24521e-05 -5.60004e-05
m_count 215
Average Scan Matching Score=55.8353
neff= 49.9993
Registering Scans:Done
update frame 1736
update ld=1.94581e-07 ad=2.01268e-09
Laser Pose= 0.20792 -3.24523e-05 -5.60024e-05
m_count 216
Average Scan Matching Score=55.8397
neff= 49.9993
Registering Scans:Done
update frame 1744
update ld=1.93752e-07 ad=2.01267e-09
Laser Pose= 0.20792 -3.24525e-05 -5.60044e-05
m_count 217
Average Scan Matching Score=55.8292
neff= 49.9993
Registering Scans:Done
update frame 1752
update ld=1.94322e-07 ad=2.01267e-09
Laser Pose= 0.207919 -3.24528e-05 -5.60064e-05
m_count 218
Average Scan Matching Score=55.8349
neff= 49.9993
Registering Scans:Done
update frame 1760
update ld=1.94581e-07 ad=1.93813e-09
Laser Pose= 0.207919 -3.2453e-05 -5.60084e-05
m_count 219
Average Scan Matching Score=55.8352
neff= 49.9993
Registering Scans:Done
update frame 1768
update ld=1.93856e-07 ad=2.01265e-09
Laser Pose= 0.207919 -3.24532e-05 -5.60104e-05
m_count 220
Average Scan Matching Score=55.8249
neff= 49.9993
Registering Scans:Done
update frame 1776
update ld=1.94218e-07 ad=2.01267e-09
Laser Pose= 0.207919 -3.24535e-05 -5.60124e-05
m_count 221
Average Scan Matching Score=55.8332
neff= 49.9993
Registering Scans:Done
update frame 1784
update ld=1.94581e-07 ad=2.01266e-09
Laser Pose= 0.207919 -3.24537e-05 -5.60144e-05
m_count 222
Average Scan Matching Score=55.8317
neff= 49.9993
Registering Scans:Done
update frame 1792
update ld=1.83596e-07 ad=1.86358e-09
Laser Pose= 0.207918 -3.24539e-05 -5.60163e-05
m_count 223
Average Scan Matching Score=55.8323
neff= 49.9992
Registering Scans:Done
update frame 1800
update ld=1.94333e-07 ad=2.01267e-09
Laser Pose= 0.207918 -3.24542e-05 -5.60183e-05
m_count 224
Average Scan Matching Score=55.843
neff= 49.9992
Registering Scans:Done
update frame 1808
update ld=1.94218e-07 ad=2.01266e-09
Laser Pose= 0.207918 -3.24544e-05 -5.60203e-05
m_count 225
Average Scan Matching Score=55.8291
neff= 49.9992
Registering Scans:Done
update frame 1816
update ld=1.93856e-07 ad=2.01267e-09
Laser Pose= 0.207918 -3.24547e-05 -5.60223e-05
m_count 226
Average Scan Matching Score=55.8244
neff= 49.9992
Registering Scans:Done
update frame 1824
update ld=1.94218e-07 ad=1.93813e-09
Laser Pose= 0.207918 -3.24549e-05 -5.60243e-05
m_count 227
Average Scan Matching Score=55.8335
neff= 49.9992
Registering Scans:Done
update frame 1832
update ld=1.94218e-07 ad=2.01266e-09
Laser Pose= 0.207917 -3.24551e-05 -5.60263e-05
m_count 228
Average Scan Matching Score=55.8333
neff= 49.9992
Registering Scans:Done
update frame 1840
update ld=1.94218e-07 ad=2.01267e-09
Laser Pose= 0.207917 -3.24554e-05 -5.60283e-05
m_count 229
Average Scan Matching Score=55.8373
neff= 49.9992
Registering Scans:Done
update frame 1848
update ld=1.94218e-07 ad=2.01266e-09
Laser Pose= 0.207917 -3.24556e-05 -5.60303e-05
m_count 230
Average Scan Matching Score=55.8357
neff= 49.9992
Registering Scans:Done
update frame 1856
update ld=1.94218e-07 ad=2.01266e-09
Laser Pose= 0.207917 -3.24559e-05 -5.60323e-05
m_count 231
Average Scan Matching Score=55.8292
neff= 49.9992
Registering Scans:Done
update frame 1864
update ld=1.94218e-07 ad=1.9381e-09
Laser Pose= 0.207917 -3.24561e-05 -5.60343e-05
m_count 232
Average Scan Matching Score=55.825
neff= 49.9992
Registering Scans:Done
update frame 1872
update ld=1.94218e-07 ad=2.01265e-09
Laser Pose= 0.207916 -3.24563e-05 -5.60363e-05
m_count 233
Average Scan Matching Score=55.8277
neff= 49.9992
Registering Scans:Done
update frame 1880
update ld=1.94581e-07 ad=2.01266e-09
Laser Pose= 0.207916 -3.24566e-05 -5.60383e-05
m_count 234
Average Scan Matching Score=55.8374
neff= 49.9991
Registering Scans:Done
update frame 1888
update ld=1.93856e-07 ad=2.01264e-09
Laser Pose= 0.207916 -3.24568e-05 -5.60403e-05
m_count 235
Average Scan Matching Score=55.8343
neff= 49.9991
Registering Scans:Done
update frame 1896
update ld=1.94218e-07 ad=2.01264e-09
Laser Pose= 0.207916 -3.24571e-05 -5.60423e-05
m_count 236
Average Scan Matching Score=55.8292
neff= 49.9991
Registering Scans:Done
update frame 1904
update ld=1.94218e-07 ad=1.93811e-09
Laser Pose= 0.207916 -3.24573e-05 -5.60442e-05
m_count 237
Average Scan Matching Score=55.8266
neff= 49.9991
Registering Scans:Done
update frame 1913
update ld=2.05089e-07 ad=2.16173e-09
Laser Pose= 0.207915 -3.24575e-05 -5.60464e-05
m_count 238
Average Scan Matching Score=55.8299
neff= 49.9991
Registering Scans:Done
update frame 1921
update ld=1.93856e-07 ad=1.93808e-09
Laser Pose= 0.207915 -3.24578e-05 -5.60483e-05
m_count 239
Average Scan Matching Score=55.836
neff= 49.9991
Registering Scans:Done
update frame 1929
update ld=1.94218e-07 ad=2.01264e-09
Laser Pose= 0.207915 -3.2458e-05 -5.60504e-05
m_count 240
Average Scan Matching Score=55.837
neff= 49.9991
Registering Scans:Done
update frame 1937
update ld=1.94218e-07 ad=2.01265e-09
Laser Pose= 0.207915 -3.24583e-05 -5.60524e-05
m_count 241
Average Scan Matching Score=55.8378
neff= 49.9991
Registering Scans:Done
update frame 1945
update ld=1.94218e-07 ad=2.01263e-09
Laser Pose= 0.207915 -3.24585e-05 -5.60544e-05
m_count 242
Average Scan Matching Score=55.8197
neff= 49.9991
Registering Scans:Done
update frame 1953
update ld=1.94218e-07 ad=2.01262e-09
Laser Pose= 0.207914 -3.24587e-05 -5.60564e-05
m_count 243
Average Scan Matching Score=55.8463
neff= 49.9991
Registering Scans:Done
update frame 1961
update ld=1.94581e-07 ad=1.93809e-09
Laser Pose= 0.207914 -3.2459e-05 -5.60583e-05
m_count 244
Average Scan Matching Score=55.8247
neff= 49.9991
Registering Scans:Done
update frame 1969
update ld=1.93856e-07 ad=2.01264e-09
Laser Pose= 0.207914 -3.24592e-05 -5.60603e-05
m_count 245
Average Scan Matching Score=55.8299
neff= 49.999
Registering Scans:Done
update frame 1977
update ld=1.94218e-07 ad=2.01263e-09
Laser Pose= 0.207914 -3.24594e-05 -5.60624e-05
m_count 246
Average Scan Matching Score=55.8297
neff= 49.999
Registering Scans:Done
update frame 1985
update ld=1.94581e-07 ad=2.01263e-09
Laser Pose= 0.207914 -3.24597e-05 -5.60644e-05
m_count 247
Average Scan Matching Score=55.8318
neff= 49.999
Registering Scans:Done
update frame 1993
update ld=1.93856e-07 ad=2.01263e-09
Laser Pose= 0.207913 -3.24599e-05 -5.60664e-05
m_count 248
Average Scan Matching Score=55.8418
neff= 49.999
Registering Scans:Done
update frame 2001
update ld=1.8371e-07 ad=1.86354e-09
Laser Pose= 0.207913 -3.24601e-05 -5.60682e-05
m_count 249
Average Scan Matching Score=55.8433
neff= 49.999
Registering Scans:Done
update frame 2009
update ld=1.94218e-07 ad=2.01262e-09
Laser Pose= 0.207913 -3.24604e-05 -5.60703e-05
m_count 250
Average Scan Matching Score=55.8315
neff= 49.999
Registering Scans:Done
update frame 2017
update ld=1.94218e-07 ad=2.01263e-09
Laser Pose= 0.207913 -3.24606e-05 -5.60723e-05
m_count 251
Average Scan Matching Score=55.8489
neff= 49.999
Registering Scans:Done
update frame 2025
update ld=1.94218e-07 ad=1.93809e-09
Laser Pose= 0.207913 -3.24609e-05 -5.60742e-05
m_count 252
Average Scan Matching Score=55.8368
neff= 49.999
Registering Scans:Done
update frame 2033
update ld=1.94218e-07 ad=2.01262e-09
Laser Pose= 0.207913 -3.24611e-05 -5.60762e-05
m_count 253
Average Scan Matching Score=55.8354
neff= 49.999
Registering Scans:Done
update frame 2041
update ld=1.94219e-07 ad=2.01261e-09
Laser Pose= 0.207912 -3.24613e-05 -5.60782e-05
m_count 254
Average Scan Matching Score=55.8235
neff= 49.999
Registering Scans:Done
update frame 2049
update ld=1.94219e-07 ad=2.01262e-09
Laser Pose= 0.207912 -3.24616e-05 -5.60802e-05
m_count 255
Average Scan Matching Score=55.8321
neff= 49.999
Registering Scans:Done
update frame 2057
update ld=1.94219e-07 ad=2.01264e-09
Laser Pose= 0.207912 -3.24618e-05 -5.60823e-05
m_count 256
Average Scan Matching Score=55.8174
neff= 49.9989
Registering Scans:Done
update frame 2065
update ld=1.94218e-07 ad=1.93809e-09
Laser Pose= 0.207912 -3.2462e-05 -5.60842e-05
m_count 257
Average Scan Matching Score=55.8319
neff= 49.9989
Registering Scans:Done
update frame 2073
update ld=1.94219e-07 ad=2.01262e-09
Laser Pose= 0.207912 -3.24623e-05 -5.60862e-05
m_count 258
Average Scan Matching Score=55.8343
neff= 49.9989
Registering Scans:Done
update frame 2081
update ld=1.94219e-07 ad=2.01261e-09
Laser Pose= 0.207911 -3.24625e-05 -5.60882e-05
m_count 259
Average Scan Matching Score=55.8326
neff= 49.9989
Registering Scans:Done
update frame 2089
update ld=1.94219e-07 ad=2.01261e-09
Laser Pose= 0.207911 -3.24628e-05 -5.60902e-05
m_count 260
Average Scan Matching Score=55.834
neff= 49.9989
Registering Scans:Done
update frame 2097
update ld=1.94219e-07 ad=2.01262e-09
Laser Pose= 0.207911 -3.2463e-05 -5.60922e-05
m_count 261
Average Scan Matching Score=55.8303
neff= 49.9989
Registering Scans:Done
update frame 2105
update ld=1.94219e-07 ad=1.93809e-09
Laser Pose= 0.207911 -3.24632e-05 -5.60942e-05
m_count 262
Average Scan Matching Score=55.8255
neff= 49.9989
Registering Scans:Done
update frame 2114
update ld=2.04727e-07 ad=2.1617e-09
Laser Pose= 0.207911 -3.24635e-05 -5.60963e-05
m_count 263
Average Scan Matching Score=55.8363
neff= 49.9989
Registering Scans:Done
update frame 2122
update ld=1.94219e-07 ad=1.93806e-09
Laser Pose= 0.20791 -3.24637e-05 -5.60983e-05
m_count 264
Average Scan Matching Score=55.8241
neff= 49.9989
Registering Scans:Done
update frame 2130
update ld=1.94219e-07 ad=2.0126e-09
Laser Pose= 0.20791 -3.2464e-05 -5.61003e-05
m_count 265
Average Scan Matching Score=55.8392
neff= 49.9989
Registering Scans:Done
update frame 2138
update ld=1.94028e-07 ad=2.0126e-09
Laser Pose= 0.20791 -3.24642e-05 -5.61023e-05
m_count 266
Average Scan Matching Score=55.841
neff= 49.9989
Registering Scans:Done
update frame 2146
update ld=1.94409e-07 ad=2.0126e-09
Laser Pose= 0.20791 -3.24644e-05 -5.61043e-05
m_count 267
Average Scan Matching Score=55.8406
neff= 49.9989
Registering Scans:Done
update frame 2154
update ld=1.94219e-07 ad=2.01258e-09
Laser Pose= 0.20791 -3.24647e-05 -5.61063e-05
m_count 268
Average Scan Matching Score=55.8462
neff= 49.9988
Registering Scans:Done
update frame 2162
update ld=1.94219e-07 ad=1.93804e-09
Laser Pose= 0.207909 -3.24649e-05 -5.61083e-05
m_count 269
Average Scan Matching Score=55.8462
neff= 49.9988
Registering Scans:Done
update frame 2170
update ld=1.94219e-07 ad=2.01259e-09
Laser Pose= 0.207909 -3.24652e-05 -5.61103e-05
m_count 270
Average Scan Matching Score=55.8291
neff= 49.9988
Registering Scans:Done
update frame 2178
update ld=1.94219e-07 ad=2.0126e-09
Laser Pose= 0.207909 -3.24654e-05 -5.61123e-05
m_count 271
Average Scan Matching Score=55.8384
neff= 49.9988
Registering Scans:Done
update frame 2186
update ld=1.94219e-07 ad=2.01261e-09
Laser Pose= 0.207909 -3.24656e-05 -5.61143e-05
m_count 272
Average Scan Matching Score=55.8522
neff= 49.9988
Registering Scans:Done
update frame 2194
update ld=1.94219e-07 ad=2.01261e-09
Laser Pose= 0.207909 -3.24659e-05 -5.61163e-05
m_count 273
Average Scan Matching Score=55.8328
neff= 49.9988
Registering Scans:Done
update frame 2202
update ld=1.8371e-07 ad=1.86352e-09
Laser Pose= 0.207908 -3.24661e-05 -5.61182e-05
m_count 274
Average Scan Matching Score=55.8328
neff= 49.9988
Registering Scans:Done
update frame 2210
update ld=1.94219e-07 ad=2.0126e-09
Laser Pose= 0.207908 -3.24663e-05 -5.61202e-05
m_count 275
Average Scan Matching Score=55.8546
neff= 49.9988
Registering Scans:Done
update frame 2218
update ld=1.94219e-07 ad=2.0126e-09
Laser Pose= 0.207908 -3.24666e-05 -5.61222e-05
m_count 276
Average Scan Matching Score=55.8241
neff= 49.9988
Registering Scans:Done
update frame 2226
update ld=1.94219e-07 ad=1.93808e-09
Laser Pose= 0.207908 -3.24668e-05 -5.61241e-05
m_count 277
Average Scan Matching Score=55.8222
neff= 49.9988
Registering Scans:Done
update frame 2234
update ld=1.94219e-07 ad=2.01263e-09
Laser Pose= 0.207908 -3.2467e-05 -5.61262e-05
m_count 278
Average Scan Matching Score=55.8381
neff= 49.9988
Registering Scans:Done
update frame 2242
update ld=1.94219e-07 ad=2.01264e-09
Laser Pose= 0.207907 -3.24673e-05 -5.61282e-05
m_count 279
Average Scan Matching Score=55.8238
neff= 49.9988
Registering Scans:Done
update frame 2250
update ld=1.94219e-07 ad=2.01264e-09
Laser Pose= 0.207907 -3.24675e-05 -5.61302e-05
m_count 280
Average Scan Matching Score=55.8263
neff= 49.9988
Registering Scans:Done
update frame 2258
update ld=1.94219e-07 ad=2.01263e-09
Laser Pose= 0.207907 -3.24678e-05 -5.61322e-05
m_count 281
Average Scan Matching Score=55.8326
neff= 49.9987
Registering Scans:Done
update frame 2266
update ld=1.94219e-07 ad=1.93808e-09
Laser Pose= 0.207907 -3.2468e-05 -5.61341e-05
m_count 282
Average Scan Matching Score=55.8136
neff= 49.9987
Registering Scans:Done
update frame 2274
update ld=1.94219e-07 ad=2.01262e-09
Laser Pose= 0.207907 -3.24682e-05 -5.61361e-05
m_count 283
Average Scan Matching Score=55.8423
neff= 49.9987
Registering Scans:Done
update frame 2282
update ld=1.94581e-07 ad=2.01262e-09
Laser Pose= 0.207907 -3.24685e-05 -5.61382e-05
m_count 284
Average Scan Matching Score=55.8408
neff= 49.9987
Registering Scans:Done
update frame 2290
update ld=1.93856e-07 ad=2.01262e-09
Laser Pose= 0.207906 -3.24687e-05 -5.61402e-05
m_count 285
Average Scan Matching Score=55.8516
neff= 49.9987
Registering Scans:Done
update frame 2298
update ld=1.94219e-07 ad=2.01261e-09
Laser Pose= 0.207906 -3.2469e-05 -5.61422e-05
m_count 286
Average Scan Matching Score=55.8144
neff= 49.9987
Registering Scans:Done
update frame 2306
update ld=1.94219e-07 ad=1.93806e-09
Laser Pose= 0.207906 -3.24692e-05 -5.61441e-05
m_count 287
Average Scan Matching Score=55.8212
neff= 49.9987
Registering Scans:Done
update frame 2315
update ld=2.04765e-07 ad=2.16168e-09
Laser Pose= 0.207906 -3.24695e-05 -5.61463e-05
m_count 288
Average Scan Matching Score=55.8287
neff= 49.9987
Registering Scans:Done
update frame 2323
update ld=1.9418e-07 ad=1.93805e-09
Laser Pose= 0.207906 -3.24697e-05 -5.61482e-05
m_count 289
Average Scan Matching Score=55.8348
neff= 49.9987
Registering Scans:Done
update frame 2331
update ld=1.94219e-07 ad=2.01259e-09
Laser Pose= 0.207905 -3.24699e-05 -5.61502e-05
m_count 290
Average Scan Matching Score=55.8328
neff= 49.9986
Registering Scans:Done
update frame 2339
update ld=1.94219e-07 ad=2.0126e-09
Laser Pose= 0.207905 -3.24702e-05 -5.61522e-05
m_count 291
Average Scan Matching Score=55.8384
neff= 49.9986
Registering Scans:Done
update frame 2347
update ld=1.93952e-07 ad=2.0126e-09
Laser Pose= 0.207905 -3.24704e-05 -5.61543e-05
m_count 292
Average Scan Matching Score=55.8379
neff= 49.9986
Registering Scans:Done
update frame 2355
update ld=1.94486e-07 ad=2.01261e-09
Laser Pose= 0.207905 -3.24706e-05 -5.61563e-05
m_count 293
Average Scan Matching Score=55.8512
neff= 49.9986
Registering Scans:Done
update frame 2363
update ld=1.94219e-07 ad=1.93807e-09
Laser Pose= 0.207905 -3.24709e-05 -5.61582e-05
m_count 294
Average Scan Matching Score=55.8329
neff= 49.9986
Registering Scans:Done
update frame 2371
update ld=1.94219e-07 ad=2.01262e-09
Laser Pose= 0.207904 -3.24711e-05 -5.61602e-05
m_count 295
Average Scan Matching Score=55.8277
neff= 49.9986
Registering Scans:Done
update frame 2379
update ld=1.94219e-07 ad=2.01261e-09
Laser Pose= 0.207904 -3.24714e-05 -5.61622e-05
m_count 296
Average Scan Matching Score=55.8268
neff= 49.9986
Registering Scans:Done
update frame 2387
update ld=1.94581e-07 ad=2.01261e-09
Laser Pose= 0.207904 -3.24716e-05 -5.61643e-05
m_count 297
Average Scan Matching Score=55.8371
neff= 49.9986
Registering Scans:Done
update frame 2395
update ld=1.93856e-07 ad=2.0126e-09
Laser Pose= 0.207904 -3.24718e-05 -5.61663e-05
m_count 298
Average Scan Matching Score=55.8361
neff= 49.9986
Registering Scans:Done
update frame 2403
update ld=1.83555e-07 ad=1.86352e-09
Laser Pose= 0.207904 -3.24721e-05 -5.61681e-05
m_count 299
Average Scan Matching Score=55.8417
neff= 49.9986
Registering Scans:Done
update frame 2411
update ld=1.94374e-07 ad=2.0126e-09
Laser Pose= 0.207903 -3.24723e-05 -5.61701e-05
m_count 300
Average Scan Matching Score=55.8429
neff= 49.9986
Registering Scans:Done
update frame 2419
update ld=1.94219e-07 ad=2.0126e-09
Laser Pose= 0.207903 -3.24725e-05 -5.61722e-05
m_count 301
Average Scan Matching Score=55.8328
neff= 49.9985
Registering Scans:Done
update frame 2427
update ld=1.94219e-07 ad=1.93806e-09
Laser Pose= 0.207903 -3.24728e-05 -5.61741e-05
m_count 302
Average Scan Matching Score=55.8428
neff= 49.9985
Registering Scans:Done
update frame 2435
update ld=1.94581e-07 ad=2.0126e-09
Laser Pose= 0.207903 -3.2473e-05 -5.61761e-05
m_count 303
Average Scan Matching Score=55.8389
neff= 49.9985
Registering Scans:Done
update frame 2443
update ld=1.93856e-07 ad=2.0126e-09
Laser Pose= 0.207903 -3.24732e-05 -5.61781e-05
m_count 304
Average Scan Matching Score=55.8297
neff= 49.9985
Registering Scans:Done
update frame 2451
update ld=1.94581e-07 ad=2.01259e-09
Laser Pose= 0.207902 -3.24735e-05 -5.61801e-05
m_count 305
Average Scan Matching Score=55.8272
neff= 49.9985
Registering Scans:Done
update frame 2459
update ld=1.94219e-07 ad=2.01259e-09
Laser Pose= 0.207902 -3.24737e-05 -5.61821e-05
m_count 306
Average Scan Matching Score=55.8351
neff= 49.9985
Registering Scans:Done
update frame 2467
update ld=1.94219e-07 ad=1.93804e-09
Laser Pose= 0.207902 -3.2474e-05 -5.61841e-05
m_count 307
Average Scan Matching Score=55.8385
neff= 49.9985
Registering Scans:Done
update frame 2475
update ld=1.94219e-07 ad=2.01258e-09
Laser Pose= 0.207902 -3.24742e-05 -5.61861e-05
m_count 308
Average Scan Matching Score=55.8297
neff= 49.9985
Registering Scans:Done
update frame 2483
update ld=1.94581e-07 ad=2.01258e-09
Laser Pose= 0.207902 -3.24744e-05 -5.61881e-05
m_count 309
Average Scan Matching Score=55.8276
neff= 49.9985
Registering Scans:Done
update frame 2491
update ld=1.93856e-07 ad=2.01258e-09
Laser Pose= 0.207901 -3.24747e-05 -5.61901e-05
m_count 310
Average Scan Matching Score=55.8375
neff= 49.9985
Registering Scans:Done
update frame 2499
update ld=1.94581e-07 ad=2.01259e-09
Laser Pose= 0.207901 -3.24749e-05 -5.61921e-05
m_count 311
Average Scan Matching Score=55.8356
neff= 49.9985
Registering Scans:Done
update frame 2507
update ld=1.93856e-07 ad=1.93805e-09
Laser Pose= 0.207901 -3.24751e-05 -5.61941e-05
m_count 312
Average Scan Matching Score=55.8382
neff= 49.9985
Registering Scans:Done
update frame 2516
update ld=2.04364e-07 ad=2.16168e-09
Laser Pose= 0.207901 -3.24754e-05 -5.61962e-05
m_count 313
Average Scan Matching Score=55.8275
neff= 49.9985
Registering Scans:Done
update frame 2524
update ld=1.94219e-07 ad=1.93806e-09
Laser Pose= 0.207901 -3.24756e-05 -5.61982e-05
m_count 314
Average Scan Matching Score=55.8227
neff= 49.9984
Registering Scans:Done
update frame 2532
update ld=1.94219e-07 ad=2.01261e-09
Laser Pose= 0.2079 -3.24759e-05 -5.62002e-05
m_count 315
Average Scan Matching Score=55.8211
neff= 49.9984
Registering Scans:Done
update frame 2540
update ld=1.94581e-07 ad=2.01261e-09
Laser Pose= 0.2079 -3.24761e-05 -5.62022e-05
m_count 316
Average Scan Matching Score=55.818
neff= 49.9984
Registering Scans:Done
update frame 2548
update ld=1.93856e-07 ad=2.01261e-09
Laser Pose= 0.2079 -3.24764e-05 -5.62042e-05
m_count 317
Average Scan Matching Score=55.8383
neff= 49.9984
Registering Scans:Done
update frame 2556
update ld=1.94219e-07 ad=2.01261e-09
Laser Pose= 0.2079 -3.24766e-05 -5.62062e-05
m_count 318
Average Scan Matching Score=55.8251
neff= 49.9984
Registering Scans:Done
update frame 2564
update ld=1.94219e-07 ad=1.93806e-09
Laser Pose= 0.2079 -3.24768e-05 -5.62082e-05
m_count 319
Average Scan Matching Score=55.8281
neff= 49.9984
Registering Scans:Done
update frame 2572
update ld=1.94219e-07 ad=2.01259e-09
Laser Pose= 0.2079 -3.24771e-05 -5.62102e-05
m_count 320
Average Scan Matching Score=55.8444
neff= 49.9984
Registering Scans:Done
update frame 2580
update ld=1.94219e-07 ad=2.01259e-09
Laser Pose= 0.207899 -3.24773e-05 -5.62122e-05
m_count 321
Average Scan Matching Score=55.8434
neff= 49.9984
Registering Scans:Done
update frame 2588
update ld=1.94581e-07 ad=2.01259e-09
Laser Pose= 0.207899 -3.24775e-05 -5.62142e-05
m_count 322
Average Scan Matching Score=55.8177
neff= 49.9984
Registering Scans:Done
update frame 2596
update ld=1.83711e-07 ad=1.8635e-09
Laser Pose= 0.207899 -3.24778e-05 -5.62161e-05
m_count 323
Average Scan Matching Score=55.8309
neff= 49.9984
Registering Scans:Done
update frame 2604
update ld=1.94219e-07 ad=2.01259e-09
Laser Pose= 0.207899 -3.2478e-05 -5.62181e-05
m_count 324
Average Scan Matching Score=55.8406
neff= 49.9983
Registering Scans:Done
update frame 2612
update ld=1.94581e-07 ad=2.01259e-09
Laser Pose= 0.207899 -3.24782e-05 -5.62201e-05
m_count 325
Average Scan Matching Score=55.8446
neff= 49.9983
Registering Scans:Done
update frame 2620
update ld=1.93856e-07 ad=2.01259e-09
Laser Pose= 0.207898 -3.24785e-05 -5.62221e-05
m_count 326
Average Scan Matching Score=55.8441
neff= 49.9983
Registering Scans:Done
update frame 2628
update ld=1.94219e-07 ad=1.93805e-09
Laser Pose= 0.207898 -3.24787e-05 -5.6224e-05
m_count 327
Average Scan Matching Score=55.8379
neff= 49.9983
Registering Scans:Done
update frame 2636
update ld=1.94219e-07 ad=2.01259e-09
Laser Pose= 0.207898 -3.2479e-05 -5.6226e-05
m_count 328
Average Scan Matching Score=55.8238
neff= 49.9983
Registering Scans:Done
update frame 2644
update ld=1.94219e-07 ad=2.01259e-09
Laser Pose= 0.207898 -3.24792e-05 -5.62281e-05
m_count 329
Average Scan Matching Score=55.8316
neff= 49.9983
Registering Scans:Done
update frame 2652
update ld=1.94219e-07 ad=2.01259e-09
Laser Pose= 0.207898 -3.24794e-05 -5.62301e-05
m_count 330
Average Scan Matching Score=55.8403
neff= 49.9983
Registering Scans:Done
update frame 2660
update ld=1.94219e-07 ad=2.01259e-09
Laser Pose= 0.207897 -3.24797e-05 -5.62321e-05
m_count 331
Average Scan Matching Score=55.8243
neff= 49.9983
Registering Scans:Done
update frame 2668
update ld=1.94219e-07 ad=1.93804e-09
Laser Pose= 0.207897 -3.24799e-05 -5.6234e-05
m_count 332
Average Scan Matching Score=55.827
neff= 49.9983
Registering Scans:Done
update frame 2676
update ld=1.94219e-07 ad=2.01259e-09
Laser Pose= 0.207897 -3.24801e-05 -5.6236e-05
m_count 333
Average Scan Matching Score=55.8254
neff= 49.9982
Registering Scans:Done
update frame 2684
update ld=1.94581e-07 ad=2.01259e-09
Laser Pose= 0.207897 -3.24804e-05 -5.6238e-05
m_count 334
Average Scan Matching Score=55.8428
neff= 49.9982
Registering Scans:Done
update frame 2692
update ld=1.93856e-07 ad=2.01259e-09
Laser Pose= 0.207897 -3.24806e-05 -5.62401e-05
m_count 335
Average Scan Matching Score=55.8339
neff= 49.9982
Registering Scans:Done
update frame 2700
update ld=1.94219e-07 ad=2.01259e-09
Laser Pose= 0.207896 -3.24809e-05 -5.62421e-05
m_count 336
Average Scan Matching Score=55.8272
neff= 49.9982
Registering Scans:Done
update frame 2708
update ld=1.94219e-07 ad=1.93805e-09
Laser Pose= 0.207896 -3.24811e-05 -5.6244e-05
m_count 337
Average Scan Matching Score=55.8366
neff= 49.9982
Registering Scans:Done
update frame 2717
update ld=2.04727e-07 ad=2.16168e-09
Laser Pose= 0.207896 -3.24814e-05 -5.62462e-05
m_count 338
Average Scan Matching Score=55.8235
neff= 49.9982
Registering Scans:Done
update frame 2725
update ld=1.93856e-07 ad=1.93806e-09
Laser Pose= 0.207896 -3.24816e-05 -5.62481e-05
m_count 339
Average Scan Matching Score=55.838
neff= 49.9982
Registering Scans:Done
update frame 2733
update ld=1.94104e-07 ad=2.0126e-09
Laser Pose= 0.207896 -3.24818e-05 -5.62501e-05
m_count 340
Average Scan Matching Score=55.8355
neff= 49.9982
Registering Scans:Done
update frame 2741
update ld=1.94696e-07 ad=2.0126e-09
Laser Pose= 0.207895 -3.24821e-05 -5.62521e-05
m_count 341
Average Scan Matching Score=55.8332
neff= 49.9982
Registering Scans:Done
update frame 2749
update ld=1.93856e-07 ad=2.0126e-09
Laser Pose= 0.207895 -3.24823e-05 -5.62541e-05
m_count 342
Average Scan Matching Score=55.8399
neff= 49.9981
Registering Scans:Done
update frame 2757
update ld=1.94184e-07 ad=2.0126e-09
Laser Pose= 0.207895 -3.24826e-05 -5.62562e-05
m_count 343
Average Scan Matching Score=55.8445
neff= 49.9981
Registering Scans:Done
update frame 2765
update ld=1.94253e-07 ad=1.93806e-09
Laser Pose= 0.207895 -3.24828e-05 -5.62581e-05
m_count 344
Average Scan Matching Score=55.8302
neff= 49.9981
Registering Scans:Done
update frame 2773
update ld=1.94219e-07 ad=2.0126e-09
Laser Pose= 0.207895 -3.2483e-05 -5.62601e-05
m_count 345
Average Scan Matching Score=55.8314
neff= 49.9981
Registering Scans:Done
update frame 2781
update ld=1.94219e-07 ad=2.0126e-09
Laser Pose= 0.207894 -3.24833e-05 -5.62621e-05
m_count 346
Average Scan Matching Score=55.8379
neff= 49.9981
Registering Scans:Done
update frame 2789
update ld=1.94581e-07 ad=2.0126e-09
Laser Pose= 0.207894 -3.24835e-05 -5.62641e-05
m_count 347
Average Scan Matching Score=55.8481
neff= 49.9981
Registering Scans:Done
update frame 2797
update ld=1.84073e-07 ad=1.86352e-09
Laser Pose= 0.207894 -3.24837e-05 -5.6266e-05
m_count 348
Average Scan Matching Score=55.8265
neff= 49.9981
Registering Scans:Done
update frame 2805
update ld=1.93856e-07 ad=2.01259e-09
Laser Pose= 0.207894 -3.2484e-05 -5.6268e-05
m_count 349
Average Scan Matching Score=55.8256
neff= 49.9981
Registering Scans:Done
update frame 2813
update ld=1.94115e-07 ad=2.01259e-09
Laser Pose= 0.207894 -3.24842e-05 -5.627e-05
m_count 350
Average Scan Matching Score=55.8185
neff= 49.9981
Registering Scans:Done
update frame 2821
update ld=1.94322e-07 ad=2.01259e-09
Laser Pose= 0.207893 -3.24844e-05 -5.6272e-05
m_count 351
Average Scan Matching Score=55.8396
neff= 49.998
Registering Scans:Done
virtual GMapping::GridSlamProcessor::~GridSlamProcessor(): Start
virtual GMapping::GridSlamProcessor::~GridSlamProcessor(): Deleting tree
terminate called after throwing an instance of 'boost::wrapexcept<boost::lock_error>'
terminate called recursively
  what():  boost: mutex lock failed in pthread_mutex_lock: Invalid argument
[INFO] [1773718465.122163537, 0.577000000]: global_costmap: Using plugin "static_layer"
[INFO] [1773718465.133415346, 0.588000000]: Requesting the map...
[INFO] [1773718465.338240847, 0.792000000]: Resizing costmap to 576 X 576 at 0.050000 m/pix
[INFO] [1773718465.437716573, 0.892000000]: Received a 576 X 576 map at 0.050000 m/pix
[INFO] [1773718465.437764571, 0.892000000]: Subscribing to updates
[INFO] [1773718465.444243945, 0.898000000]: global_costmap: Using plugin "obstacle_layer"
[INFO] [1773718465.451016266, 0.905000000]:     Subscribed to Topics: unitree_scan_sensor
[INFO] [1773718465.467228346, 0.921000000]: global_costmap: Using plugin "inflation_layer"
[INFO] [1773718465.510460397, 0.964000000]: local_costmap: Using plugin "obstacle_layer"
[INFO] [1773718465.514319248, 0.968000000]:     Subscribed to Topics: unitree_scan_sensor rplidar_scan_sensor
[INFO] [1773718465.539366909, 0.993000000]: local_costmap: Using plugin "inflation_layer"
[INFO] [1773718465.581124697, 1.035000000]: Created local_planner dwa_local_planner/DWAPlannerROS
[INFO] [1773718465.585359303, 1.038000000]: Sim period is set to 0.10
[INFO] [1773718466.084255887, 1.535000000]: Recovery behavior will clear layer 'obstacles'
[INFO] [1773718466.091213572, 1.542000000]: Recovery behavior will clear layer 'obstacles'
[INFO] [1773718466.118578745, 1.570000000]: odom received!
[WARN] [1773718511.428121, 46.790000]: [TargetFollower] No /trash_action received after 45.0 s — returning to IDLE
[WARN] [1773718556.634657, 91.890000]: [TargetFollower] No /trash_action received after 45.0 s — returning to IDLE
[WARN] [1773718601.826118, 136.990000]: [TargetFollower] No /trash_action received after 45.0 s — returning to IDLE
[WARN] [1773718647.006022, 182.090000]: [TargetFollower] No /trash_action received after 45.0 s — returning to IDLE
[INFO] [1773718461.268546, 0.000000]: Waiting for move_base action server...
[INFO] [1773718466.222692, 1.674000]: Connected to move_base.
[INFO] [1773718466.246572, 1.697000]: standoff_distance = 0.80 m
[INFO] [1773718466.248738, 1.699000]: close_approach_threshold = 1.10 m
[INFO] [1773718466.252850, 1.704000]: close_approach_speed = 0.10 m/s
[INFO] [1773718466.254588, 1.706000]: close_approach_steer_gain = 0.45
[INFO] [1773718466.256607, 1.708000]: close_approach_max_depth_jump = 0.50 m
[INFO] [1773718466.259007, 1.710000]: face_target = True
[INFO] [1773718466.260832, 1.710000]: trash_action_topic = /trash_action
[INFO] [1773718466.263008, 1.710000]: action_wait_timeout = 45.0 s
[INFO] [1773718466.265364, 1.716000]: post_accept_cooldown = 15.0 s
[INFO] [1773718466.268040, 1.719000]: retreat_distance = 1.50 m
[INFO] [1773718466.270300, 1.721000]: retreat_turn_angle = 100.0 deg
[INFO] [1773718466.272222, 1.723000]: enable_auto_explore = False
[INFO] [1773718466.273573, 1.725000]: explore_target_confirm = 0.8 s
[INFO] [1773718466.275270, 1.726000]: explore_target_max_gap = 1.0 s
[INFO] [1773718466.276596, 1.728000]: explore_stuck_timeout = 8.0 s
[INFO] [1773718466.277975, 1.729000]: explore_min_progress = 0.20 m
[INFO] [1773718466.279665, 1.731000]: explore_zero_cmd_vel_timeout = 2.0 s
[INFO] [1773718466.281418, 1.732000]: explore_revisit_window = 120.0 s
[INFO] [1773718466.283227, 1.734000]: explore_revisit_radius = 1.50 m
[INFO] [1773718466.285268, 1.736000]: Result topic: /target_follower/result (std_msgs/Bool)
[INFO] [1773718466.287085, 1.738000]: Status topic: /target_follower/status (std_msgs/String)
[INFO] [1773718466.290332, 1.740000]: [TargetFollower] d_base=2.809  d_cam_z=-0.852  d_cam_xy=2.601  standoff=0.80
[INFO] [1773718466.291629, 1.742000]: [TargetFollower] Within standoff (d_cam_z=-0.852 <= 0.80) — REACHED
[INFO] [1773718466.293088, 1.744000]: [TargetFollower] IDLE -> REACHED
[INFO] [1773718466.294753, 1.745000]: [TargetFollower] Published result: REACHED (True)
[INFO] [1773718466.296350, 1.747000]: [TargetFollower] Dialogue point recorded at (0.00, 0.01), reason=reached
[INFO] [1773718466.298422, 1.749000]: [TargetFollower] REACHED -> WAITING_ACTION
[INFO] [1773718466.301118, 1.752000]: [TargetFollower] Waiting for /trash_action (timeout=45.0s)
[INFO] [1773718511.429634, 46.792000]: [TargetFollower] Published result: FAILED/LOST (False)
[INFO] [1773718511.430849, 46.793000]: [TargetFollower] WAITING_ACTION -> IDLE
[INFO] [1773718511.482700, 46.843000]: [TargetFollower] d_base=1.748  d_cam_z=-0.851  d_cam_xy=1.688  standoff=0.80
[INFO] [1773718511.484616, 46.845000]: [TargetFollower] Within standoff (d_cam_z=-0.851 <= 0.80) — REACHED
[INFO] [1773718511.485620, 46.847000]: [TargetFollower] IDLE -> REACHED
[INFO] [1773718511.486618, 46.848000]: [TargetFollower] Published result: REACHED (True)
[INFO] [1773718511.487686, 46.849000]: [TargetFollower] Dialogue point recorded at (0.00, 0.00), reason=reached
[INFO] [1773718511.488640, 46.850000]: [TargetFollower] REACHED -> WAITING_ACTION
[INFO] [1773718511.489470, 46.851000]: [TargetFollower] Waiting for /trash_action (timeout=45.0s)
[INFO] [1773718556.636769, 91.892000]: [TargetFollower] Published result: FAILED/LOST (False)
[INFO] [1773718556.637928, 91.893000]: [TargetFollower] WAITING_ACTION -> IDLE
[INFO] [1773718556.688207, 91.943000]: [TargetFollower] d_base=3.026  d_cam_z=-0.851  d_cam_xy=2.862  standoff=0.80
[INFO] [1773718556.689229, 91.944000]: [TargetFollower] Within standoff (d_cam_z=-0.851 <= 0.80) — REACHED
[INFO] [1773718556.690062, 91.945000]: [TargetFollower] IDLE -> REACHED
[INFO] [1773718556.690931, 91.946000]: [TargetFollower] Published result: REACHED (True)
[INFO] [1773718556.691623, 91.947000]: [TargetFollower] Dialogue point recorded at (0.01, 0.01), reason=reached
[INFO] [1773718556.692509, 91.947000]: [TargetFollower] REACHED -> WAITING_ACTION
[INFO] [1773718556.693259, 91.948000]: [TargetFollower] Waiting for /trash_action (timeout=45.0s)
[INFO] [1773718601.828261, 136.992000]: [TargetFollower] Published result: FAILED/LOST (False)
[INFO] [1773718601.829262, 136.993000]: [TargetFollower] WAITING_ACTION -> IDLE
[INFO] [1773718601.878131, 137.042000]: [TargetFollower] d_base=2.991  d_cam_z=-0.850  d_cam_xy=2.828  standoff=0.80
[INFO] [1773718601.879487, 137.044000]: [TargetFollower] Within standoff (d_cam_z=-0.850 <= 0.80) — REACHED
[INFO] [1773718601.880467, 137.044000]: [TargetFollower] IDLE -> REACHED
[INFO] [1773718601.881696, 137.046000]: [TargetFollower] Published result: REACHED (True)
[INFO] [1773718601.882730, 137.047000]: [TargetFollower] Dialogue point recorded at (0.01, 0.01), reason=reached
[INFO] [1773718601.883535, 137.048000]: [TargetFollower] REACHED -> WAITING_ACTION
[INFO] [1773718601.884314, 137.049000]: [TargetFollower] Waiting for /trash_action (timeout=45.0s)
[INFO] [1773718647.007792, 182.091000]: [TargetFollower] Published result: FAILED/LOST (False)
[INFO] [1773718647.009026, 182.093000]: [TargetFollower] WAITING_ACTION -> IDLE
[INFO] [1773718647.057779, 182.142000]: [TargetFollower] d_base=1.792  d_cam_z=-0.850  d_cam_xy=1.733  standoff=0.80
[INFO] [1773718647.058654, 182.143000]: [TargetFollower] Within standoff (d_cam_z=-0.850 <= 0.80) — REACHED
[INFO] [1773718647.059715, 182.144000]: [TargetFollower] IDLE -> REACHED
[INFO] [1773718647.060848, 182.145000]: [TargetFollower] Published result: REACHED (True)
[INFO] [1773718647.061651, 182.145000]: [TargetFollower] Dialogue point recorded at (0.01, 0.01), reason=reached
[INFO] [1773718647.062744, 182.147000]: [TargetFollower] REACHED -> WAITING_ACTION
[INFO] [1773718647.063785, 182.148000]: [TargetFollower] Waiting for /trash_action (timeout=45.0s)
[WARN] [1773718463.098271, 0.168000]: Could not get model state, using first waypoint
[INFO] [1773718461.208883, 0.000000]: Using 6 waypoints from parameter
[INFO] [1773718461.209656, 0.000000]: move_target: model='target', speed=0.18 m/s, pause=2.5 s, loop=True
[INFO] [1773718461.210301, 0.000000]: Waiting for Gazebo services...
[INFO] [1773718463.032256, 0.082000]: Gazebo services ready.
[INFO] [1773718463.099410, 0.169000]: Already at WP0, skipping to next
[INFO] [1773718463.100415, 0.170000]: Moving target to WP1 (2.8, 1.8), dist=1.80 m
[INFO] [1773718475.075975, 10.516000]: Reached WP1 (2.80, 1.80), pausing 2.5 s
[INFO] [1773718477.581074, 13.017000]: Moving target to WP2 (0.6, 1.8), dist=2.20 m
[INFO] [1773718489.827885, 25.240000]: Reached WP2 (0.60, 1.80), pausing 2.5 s
[INFO] [1773718492.332618, 27.741000]: Moving target to WP3 (0.6, -1.8), dist=3.60 m
[INFO] [1773718512.365371, 47.724000]: Reached WP3 (0.60, -1.80), pausing 2.5 s
[INFO] [1773718514.873432, 50.225000]: Moving target to WP4 (2.8, -1.8), dist=2.20 m
[INFO] [1773718527.137872, 62.449000]: Reached WP4 (2.80, -1.80), pausing 2.5 s
[INFO] [1773718529.642280, 64.950000]: Moving target to WP5 (2.8, 0.0), dist=1.80 m
[INFO] [1773718539.644776, 74.933000]: Reached WP5 (2.80, 0.00), pausing 2.5 s
[INFO] [1773718542.149679, 77.434000]: Completed waypoint loop, restarting...
[INFO] [1773718542.150913, 77.435000]: Moving target to WP1 (2.8, 1.8), dist=1.80 m
[INFO] [1773718552.153768, 87.418000]: Reached WP1 (2.80, 1.80), pausing 2.5 s
[INFO] [1773718554.658787, 89.919000]: Moving target to WP2 (0.6, 1.8), dist=2.20 m
[INFO] [1773718566.906673, 102.142000]: Reached WP2 (0.60, 1.80), pausing 2.5 s
[INFO] [1773718569.410639, 104.643000]: Moving target to WP3 (0.6, -1.8), dist=3.60 m
[INFO] [1773718589.443930, 124.629000]: Reached WP3 (0.60, -1.80), pausing 2.5 s
[INFO] [1773718591.948230, 127.130000]: Moving target to WP4 (2.8, -1.8), dist=2.20 m
[INFO] [1773718604.192555, 139.353000]: Reached WP4 (2.80, -1.80), pausing 2.5 s
[INFO] [1773718606.698465, 141.855000]: Moving target to WP5 (2.8, 0.0), dist=1.80 m
[INFO] [1773718616.699125, 151.838000]: Reached WP5 (2.80, 0.00), pausing 2.5 s
[INFO] [1773718619.203659, 154.339000]: Completed waypoint loop, restarting...
[INFO] [1773718619.204748, 154.340000]: Moving target to WP1 (2.8, 1.8), dist=1.80 m
[INFO] [1773718629.206832, 164.322000]: Reached WP1 (2.80, 1.80), pausing 2.5 s
[INFO] [1773718631.710582, 166.823000]: Moving target to WP2 (0.6, 1.8), dist=2.20 m
[INFO] [1773718643.957732, 179.046000]: Reached WP2 (0.60, 1.80), pausing 2.5 s
[INFO] [1773718646.461291, 181.547000]: Moving target to WP3 (0.6, -1.8), dist=3.60 m
[WARN] [1773718463.028246, 0.082000]: get_model_state failed: model=[target] reference_frame=[p3at::base_footprint] msg=[GetModelState: model does not exist]
[INFO] [1773718463.012662, 0.077000]: GazeboTargetPublisher ready, model=target, reference_frame=p3at::base_footprint, out_frame=base_footprint
[INFO] [1773718461.262496, 0.000000]: [ScanBodyFilter] body box x=[-0.35, 0.35] y=[-0.30, 0.30]  lidar@(-0.232, 0.000)
Traceback (most recent call last):
  File "/home/yuchen/work/ELEC70015_Human-Centered-Robotics-2026_Imperial/catkin_ws/src/target_follower/scripts/move_target.py", line 165, in <module>
    main()
  File "/home/yuchen/work/ELEC70015_Human-Centered-Robotics-2026_Imperial/catkin_ws/src/target_follower/scripts/move_target.py", line 145, in main
    rate.sleep()
  File "/opt/ros/noetic/lib/python3/dist-packages/rospy/timer.py", line 103, in sleep
    sleep(self._remaining(curr_time))
  File "/opt/ros/noetic/lib/python3/dist-packages/rospy/timer.py", line 165, in sleep
    raise rospy.exceptions.ROSInterruptException("ROS shutdown request")
rospy.exceptions.ROSInterruptException: ROS shutdown request
Traceback (most recent call last):
  File "/home/yuchen/work/ELEC70015_Human-Centered-Robotics-2026_Imperial/catkin_ws/src/target_follower/scripts/gazebo_target_publisher.py", line 83, in <module>
    main()
  File "/home/yuchen/work/ELEC70015_Human-Centered-Robotics-2026_Imperial/catkin_ws/src/target_follower/scripts/gazebo_target_publisher.py", line 79, in main
    r.sleep()
  File "/opt/ros/noetic/lib/python3/dist-packages/rospy/timer.py", line 103, in sleep
    sleep(self._remaining(curr_time))
  File "/opt/ros/noetic/lib/python3/dist-packages/rospy/timer.py", line 165, in sleep
    raise rospy.exceptions.ROSInterruptException("ROS shutdown request")
rospy.exceptions.ROSInterruptException: ROS shutdown request
Traceback (most recent call last):
  File "/home/yuchen/work/ELEC70015_Human-Centered-Robotics-2026_Imperial/catkin_ws/src/target_follower/scripts/target_follower.py", line 1388, in <module>
    node.spin()
  File "/home/yuchen/work/ELEC70015_Human-Centered-Robotics-2026_Imperial/catkin_ws/src/target_follower/scripts/target_follower.py", line 1382, in spin
    r.sleep()
  File "/opt/ros/noetic/lib/python3/dist-packages/rospy/timer.py", line 103, in sleep
    sleep(self._remaining(curr_time))
  File "/opt/ros/noetic/lib/python3/dist-packages/rospy/timer.py", line 165, in sleep
    raise rospy.exceptions.ROSInterruptException("ROS shutdown request")
rospy.exceptions.ROSInterruptException: ROS shutdown request
[31m[rviz-13] escalating to SIGTERM[0m
[31m[gazebo-2] escalating to SIGTERM[0m

auto-starting new master
[1mprocess[master]: started with pid [2238][0m
[1mROS_MASTER_URI=http://localhost:11311[0m
]2;/home/yuchen/work/ELEC70015_Human-Centered-Robotics-2026_Imperial/catkin_ws/src/p3at_lms_navigation/launch/mapping_unitree.launch http://localhost:11311
[1msetting /run_id to 2ec5bb20-21b2-11f1-a515-00155d28b090[0m
[1mprocess[rosout-1]: started with pid [2267][0m
started core service [/rosout]
[1mprocess[gazebo-2]: started with pid [2273][0m
[1mprocess[robot_state_publisher-3]: started with pid [2278][0m
[1mprocess[joint_state_publisher-4]: started with pid [2280][0m
[1mprocess[spawn_p3at-5]: started with pid [2281][0m
[1mprocess[spawn_target-6]: started with pid [2282][0m
[1mprocess[slam_gmapping-7]: started with pid [2283][0m
[1mprocess[move_base-8]: started with pid [2284][0m
[1mprocess[rplidar_scan_body_filter-9]: started with pid [2285][0m
[1mprocess[gazebo_target_publisher-10]: started with pid [2286][0m
[1mprocess[move_target-11]: started with pid [2287][0m
[1mprocess[target_follower-12]: started with pid [2296][0m
[1mprocess[rviz-13]: started with pid [2342][0m
[1m[spawn_p3at-5] process has finished cleanly
log file: /home/yuchen/.ros/log/2ec5bb20-21b2-11f1-a515-00155d28b090/spawn_p3at-5*.log[0m
[1m[spawn_target-6] process has finished cleanly
log file: /home/yuchen/.ros/log/2ec5bb20-21b2-11f1-a515-00155d28b090/spawn_target-6*.log[0m
[rviz-13] killing on exit
[target_follower-12] killing on exit
[move_target-11] killing on exit
[gazebo_target_publisher-10] killing on exit
[rplidar_scan_body_filter-9] killing on exit
[joint_state_publisher-4] killing on exit
[slam_gmapping-7] killing on exit
[gazebo-2] killing on exit
[robot_state_publisher-3] killing on exit
[move_base-8] killing on exit
[rosout-1] killing on exit
[master] killing on exit
shutting down processing monitor...
... shutting down processing monitor complete
[1mdone[0m
