... logging to /home/yuchen/.ros/log/a437a930-21b3-11f1-adf4-00155d28b090/roslaunch-LYCMIA03DELL-16289.log
Checking log directory for disk usage. This may take a while.
Press Ctrl-C to interrupt
Done checking log file disk usage. Usage is <1GB.
]2;/home/yuchen/work/ELEC70015_Human-Centered-Robotics-2026_Imperial/catkin_ws/src/p3at_lms_navigation/launch/mapping_unitree.launch
[1mstarted roslaunch server http://LYCMIA03DELL:34077/[0m

SUMMARY
========

PARAMETERS
 * /gazebo/enable_ros_network: True
 * /gazebo_target_publisher/model_name: target
 * /gazebo_target_publisher/out_frame: base_footprint
 * /gazebo_target_publisher/rate_hz: 10.0
 * /gazebo_target_publisher/reference_frame: p3at::base_footprint
 * /gazebo_target_publisher/robot_model_name: p3at
 * /gazebo_target_publisher/topic: /target_pose
 * /move_base/DWAPlannerROS/acc_lim_theta: 0.75
 * /move_base/DWAPlannerROS/acc_lim_x: 0.35
 * /move_base/DWAPlannerROS/acc_lim_y: 0.0
 * /move_base/DWAPlannerROS/forward_point_distance: 0.25
 * /move_base/DWAPlannerROS/goal_distance_bias: 24.0
 * /move_base/DWAPlannerROS/latch_xy_goal_tolerance: True
 * /move_base/DWAPlannerROS/max_vel_theta: 0.45
 * /move_base/DWAPlannerROS/max_vel_trans: 0.26
 * /move_base/DWAPlannerROS/max_vel_x: 0.26
 * /move_base/DWAPlannerROS/max_vel_y: 0.0
 * /move_base/DWAPlannerROS/min_vel_theta: 0.0
 * /move_base/DWAPlannerROS/min_vel_trans: 0.02
 * /move_base/DWAPlannerROS/min_vel_x: -0.1
 * /move_base/DWAPlannerROS/min_vel_y: 0.0
 * /move_base/DWAPlannerROS/occdist_scale: 0.08
 * /move_base/DWAPlannerROS/oscillation_reset_dist: 0.1
 * /move_base/DWAPlannerROS/path_distance_bias: 32.0
 * /move_base/DWAPlannerROS/sim_granularity: 0.025
 * /move_base/DWAPlannerROS/sim_time: 3.0
 * /move_base/DWAPlannerROS/stop_time_buffer: 0.4
 * /move_base/DWAPlannerROS/vtheta_samples: 40
 * /move_base/DWAPlannerROS/vx_samples: 20
 * /move_base/DWAPlannerROS/vy_samples: 1
 * /move_base/DWAPlannerROS/xy_goal_tolerance: 0.15
 * /move_base/DWAPlannerROS/yaw_goal_tolerance: 0.3
 * /move_base/NavfnROS/allow_unknown: True
 * /move_base/NavfnROS/default_tolerance: 0.15
 * /move_base/NavfnROS/visualize_potential: False
 * /move_base/base_global_planner: navfn/NavfnROS
 * /move_base/base_local_planner: dwa_local_planner...
 * /move_base/clearing_rotation_allowed: True
 * /move_base/controller_frequency: 10.0
 * /move_base/controller_patience: 20.0
 * /move_base/global_costmap/cost_scaling_factor: 5.0
 * /move_base/global_costmap/footprint: [[0.32, 0.27], [0...
 * /move_base/global_costmap/footprint_padding: 0.05
 * /move_base/global_costmap/global_frame: map
 * /move_base/global_costmap/inflation_layer/cost_scaling_factor: 5.0
 * /move_base/global_costmap/inflation_layer/inflation_radius: 0.3
 * /move_base/global_costmap/inflation_radius: 0.3
 * /move_base/global_costmap/obstacle_layer/observation_sources: unitree_scan_sensor
 * /move_base/global_costmap/obstacle_layer/unitree_scan_sensor/clearing: True
 * /move_base/global_costmap/obstacle_layer/unitree_scan_sensor/data_type: LaserScan
 * /move_base/global_costmap/obstacle_layer/unitree_scan_sensor/inf_is_valid: True
 * /move_base/global_costmap/obstacle_layer/unitree_scan_sensor/marking: True
 * /move_base/global_costmap/obstacle_layer/unitree_scan_sensor/obstacle_range: 6.0
 * /move_base/global_costmap/obstacle_layer/unitree_scan_sensor/raytrace_range: 8.0
 * /move_base/global_costmap/obstacle_layer/unitree_scan_sensor/sensor_frame: unitree_lidar
 * /move_base/global_costmap/obstacle_layer/unitree_scan_sensor/topic: unitree/scan
 * /move_base/global_costmap/obstacle_range: 6.0
 * /move_base/global_costmap/plugins: [{'name': 'static...
 * /move_base/global_costmap/publish_frequency: 1.0
 * /move_base/global_costmap/raytrace_range: 8.0
 * /move_base/global_costmap/robot_base_frame: base_link
 * /move_base/global_costmap/static_layer/map_topic: /map
 * /move_base/global_costmap/static_layer/subscribe_to_updates: True
 * /move_base/global_costmap/static_layer/track_unknown_space: False
 * /move_base/global_costmap/static_map: True
 * /move_base/global_costmap/transform_tolerance: 0.5
 * /move_base/global_costmap/update_frequency: 2.0
 * /move_base/local_costmap/cost_scaling_factor: 5.0
 * /move_base/local_costmap/footprint: [[0.32, 0.27], [0...
 * /move_base/local_costmap/footprint_padding: 0.05
 * /move_base/local_costmap/global_frame: odom
 * /move_base/local_costmap/height: 10.0
 * /move_base/local_costmap/inflation_layer/cost_scaling_factor: 5.0
 * /move_base/local_costmap/inflation_layer/inflation_radius: 0.3
 * /move_base/local_costmap/inflation_radius: 0.3
 * /move_base/local_costmap/obstacle_layer/observation_sources: unitree_scan_sens...
 * /move_base/local_costmap/obstacle_layer/rplidar_scan_sensor/clearing: False
 * /move_base/local_costmap/obstacle_layer/rplidar_scan_sensor/data_type: LaserScan
 * /move_base/local_costmap/obstacle_layer/rplidar_scan_sensor/inf_is_valid: True
 * /move_base/local_costmap/obstacle_layer/rplidar_scan_sensor/marking: True
 * /move_base/local_costmap/obstacle_layer/rplidar_scan_sensor/obstacle_range: 2.5
 * /move_base/local_costmap/obstacle_layer/rplidar_scan_sensor/raytrace_range: 3.0
 * /move_base/local_costmap/obstacle_layer/rplidar_scan_sensor/sensor_frame: laser
 * /move_base/local_costmap/obstacle_layer/rplidar_scan_sensor/topic: rplidar/scan_filt...
 * /move_base/local_costmap/obstacle_layer/unitree_scan_sensor/clearing: True
 * /move_base/local_costmap/obstacle_layer/unitree_scan_sensor/data_type: LaserScan
 * /move_base/local_costmap/obstacle_layer/unitree_scan_sensor/inf_is_valid: True
 * /move_base/local_costmap/obstacle_layer/unitree_scan_sensor/marking: True
 * /move_base/local_costmap/obstacle_layer/unitree_scan_sensor/obstacle_range: 6.0
 * /move_base/local_costmap/obstacle_layer/unitree_scan_sensor/raytrace_range: 8.0
 * /move_base/local_costmap/obstacle_layer/unitree_scan_sensor/sensor_frame: unitree_lidar
 * /move_base/local_costmap/obstacle_layer/unitree_scan_sensor/topic: unitree/scan
 * /move_base/local_costmap/obstacle_range: 6.0
 * /move_base/local_costmap/plugins: [{'name': 'obstac...
 * /move_base/local_costmap/publish_frequency: 5.0
 * /move_base/local_costmap/raytrace_range: 8.0
 * /move_base/local_costmap/resolution: 0.05
 * /move_base/local_costmap/robot_base_frame: base_link
 * /move_base/local_costmap/rolling_window: True
 * /move_base/local_costmap/static_map: False
 * /move_base/local_costmap/transform_tolerance: 0.5
 * /move_base/local_costmap/update_frequency: 10.0
 * /move_base/local_costmap/width: 10.0
 * /move_base/max_planning_retries: 5
 * /move_base/planner_frequency: 1.0
 * /move_base/planner_patience: 15.0
 * /move_base/recovery_behavior_enabled: True
 * /move_base/shutdown_costmaps: False
 * /move_target/loop: True
 * /move_target/model_name: target
 * /move_target/pause: 3.0
 * /move_target/speed: 0.1
 * /move_target/waypoints: [[2.4, 0.0], [2.4...
 * /robot_description: <?xml version="1....
 * /rosdistro: noetic
 * /rosversion: 1.17.4
 * /rplidar_scan_body_filter/body_x_max: 0.35
 * /rplidar_scan_body_filter/body_x_min: -0.35
 * /rplidar_scan_body_filter/body_y_max: 0.3
 * /rplidar_scan_body_filter/body_y_min: -0.3
 * /rplidar_scan_body_filter/lidar_x: -0.232
 * /rplidar_scan_body_filter/lidar_y: 0.0
 * /slam_gmapping/angularUpdate: 0.15
 * /slam_gmapping/astep: 0.05
 * /slam_gmapping/base_frame: base_link
 * /slam_gmapping/delta: 0.05
 * /slam_gmapping/iterations: 5
 * /slam_gmapping/kernelSize: 1
 * /slam_gmapping/linearUpdate: 0.15
 * /slam_gmapping/lsigma: 0.075
 * /slam_gmapping/lskip: 0
 * /slam_gmapping/lstep: 0.05
 * /slam_gmapping/map_frame: map
 * /slam_gmapping/map_update_interval: 2.0
 * /slam_gmapping/maxRange: 30.0
 * /slam_gmapping/maxUrange: 12.0
 * /slam_gmapping/minimumScore: 50
 * /slam_gmapping/odom_frame: odom
 * /slam_gmapping/ogain: 3.0
 * /slam_gmapping/particles: 50
 * /slam_gmapping/resampleThreshold: 0.5
 * /slam_gmapping/sigma: 0.05
 * /slam_gmapping/srr: 0.1
 * /slam_gmapping/srt: 0.2
 * /slam_gmapping/str: 0.1
 * /slam_gmapping/stt: 0.2
 * /slam_gmapping/temporalUpdate: 0.5
 * /slam_gmapping/xmax: 15.0
 * /slam_gmapping/xmin: -15.0
 * /slam_gmapping/ymax: 15.0
 * /slam_gmapping/ymin: -15.0
 * /target_follower/camera_frame: rgbd_camera
 * /target_follower/close_approach_speed: 0.08
 * /target_follower/close_approach_steer_gain: 0.4
 * /target_follower/close_approach_threshold: 0.95
 * /target_follower/close_approach_timeout_s: 24.0
 * /target_follower/enable_auto_explore: False
 * /target_follower/face_target: True
 * /target_follower/global_frame: map
 * /target_follower/min_update_dist: 0.25
 * /target_follower/robot_frame: base_link
 * /target_follower/send_rate_hz: 2.0
 * /target_follower/standoff_distance: 0.8
 * /target_follower/target_timeout_s: 3.0
 * /target_follower/target_topic: /target_pose
 * /target_follower/use_target_orientation: False
 * /use_sim_time: True

NODES
  /
    gazebo (gazebo_ros/gzserver)
    gazebo_target_publisher (target_follower/gazebo_target_publisher.py)
    joint_state_publisher (joint_state_publisher/joint_state_publisher)
    move_base (move_base/move_base)
    move_target (target_follower/move_target.py)
    robot_state_publisher (robot_state_publisher/robot_state_publisher)
    rplidar_scan_body_filter (target_follower/scan_body_filter.py)
    rviz (rviz/rviz)
    slam_gmapping (gmapping/slam_gmapping)
    spawn_p3at (gazebo_ros/spawn_model)
    spawn_target (gazebo_ros/spawn_model)
    target_follower (target_follower/target_follower.py)
[ERROR] [1773719090.197925399, 0.074000000]: GetModelState: model [target] does not exist
[ERROR] [1773719090.226378106, 0.101000000]: GetModelState: model [target] does not exist
[ERROR] [1773719090.226966769, 0.102000000]: GetModelState: model [target] does not exist
[ERROR] [1773719090.233062571, 0.108000000]: Updating ModelState: model [target] does not exist
[ERROR] [1773719090.250779716, 0.125000000]: Updating ModelState: model [target] does not exist
[ERROR] [1773719090.270667345, 0.144000000]: Updating ModelState: model [target] does not exist
[ERROR] [1773719090.291405836, 0.165000000]: Updating ModelState: model [target] does not exist
[ERROR] [1773719090.311223427, 0.184000000]: Updating ModelState: model [target] does not exist
Warning: TF_REPEATED_DATA ignoring data with redundant timestamp for frame odom (parent map) at time 0.244000 according to authority unknown_publisher
         at line 277 in /tmp/binarydeb/ros-noetic-tf2-0.7.10/src/buffer_core.cppWarning: 
TF_REPEATED_DATA ignoring data with redundant timestamp for frame odom (parent map) at time 0.244000 according to authority unknown_publisher
         at line 277 in /tmp/binarydeb/ros-noetic-tf2-0.7.10/src/buffer_core.cpp
[WARN] [1773719090.321589810, 0.194000000]: TF_REPEATED_DATA ignoring data with redundant timestamp for frame odom (parent map) at time 0.244000 according to authority unknown_publisher
Warning: TF_REPEATED_DATA ignoring data with redundant timestamp for frame odom (parent map) at time 0.244000 according to authority /slam_gmapping
         at line 277 in /tmp/binarydeb/ros-noetic-tf2-0.7.10/src/buffer_core.cpp
[WARN] [1773719094.420095880, 0.506000000]: GazeboRosSkidSteerDrive Plugin (ns = //) missing <covariance_x>, defaults to 0.000100
[WARN] [1773719094.420176892, 0.506000000]: GazeboRosSkidSteerDrive Plugin (ns = //) missing <covariance_y>, defaults to 0.000100
[WARN] [1773719094.420187456, 0.506000000]: GazeboRosSkidSteerDrive Plugin (ns = //) missing <covariance_yaw>, defaults to 0.010000
[ERROR] [1773719094.633184124, 0.714000000]: Client [/rviz] wants topic /unitree/cloud to have datatype/md5sum [sensor_msgs/PointCloud2/1158d486dd51d683ce2f1be655c3c181], but our version has [sensor_msgs/PointCloud/d8e9c3f5afbdd8a130fd1d2763945fca]. Dropping connection.
[WARN] [1773719094.650351121, 0.731000000]: global_costmap: Pre-Hydro parameter "static_map" unused since "plugins" is provided
[INFO] [1773719094.723433735, 0.795000000]: Laser is mounted upwards.
 -maxUrange 12 -maxUrange 30 -sigma     0.05 -kernelSize 1 -lstep 0.05 -lobsGain 3 -astep 0.05
 -srr 0.1 -srt 0.2 -str 0.1 -stt 0.2
 -linearUpdate 0.15 -angularUpdate 0.15 -resampleThreshold 0.5
 -xmin -15 -xmax 15 -ymin -15 -ymax 15 -delta 0.05 -particles 50
[INFO] [1773719094.729919432, 0.798000000]: Initialization complete
update frame 0
update ld=0 ad=0
Laser Pose= 0.18303 -1.27522e-05 -6.301e-05
m_count 0
Registering First Scan
[WARN] [1773719095.077358960, 1.151000000]: local_costmap: Pre-Hydro parameter "static_map" unused since "plugins" is provided
update frame 8
update ld=0.0309516 ad=4.08886e-05
Laser Pose= 0.207962 -3.24007e-05 -5.55713e-05
m_count 1
Average Scan Matching Score=55.6381
neff= 50
Registering Scans:Done
update frame 16
update ld=3.18049e-07 ad=3.32479e-09
Laser Pose= 0.207961 -3.24012e-05 -5.55746e-05
m_count 2
Average Scan Matching Score=55.7819
neff= 50
Registering Scans:Done
update frame 24
update ld=1.94185e-07 ad=1.94707e-09
Laser Pose= 0.207961 -3.24014e-05 -5.55766e-05
m_count 3
Average Scan Matching Score=55.8125
neff= 50
Registering Scans:Done
update frame 32
update ld=1.94548e-07 ad=2.02177e-09
Laser Pose= 0.207961 -3.24017e-05 -5.55786e-05
m_count 4
Average Scan Matching Score=55.8059
neff= 50
Registering Scans:Done
update frame 40
update ld=1.93824e-07 ad=2.02157e-09
Laser Pose= 0.207961 -3.24019e-05 -5.55806e-05
m_count 5
Average Scan Matching Score=55.7891
neff= 50
Registering Scans:Done
update frame 48
update ld=1.94187e-07 ad=2.02138e-09
Laser Pose= 0.20796 -3.24022e-05 -5.55827e-05
m_count 6
Average Scan Matching Score=55.8327
neff= 50
Registering Scans:Done
update frame 56
update ld=1.9455e-07 ad=2.0212e-09
Laser Pose= 0.20796 -3.24024e-05 -5.55847e-05
m_count 7
Average Scan Matching Score=55.8189
neff= 50
Registering Scans:Done
update frame 64
update ld=1.93826e-07 ad=1.94617e-09
Laser Pose= 0.20796 -3.24026e-05 -5.55866e-05
m_count 8
Average Scan Matching Score=55.8192
neff= 50
Registering Scans:Done
update frame 72
update ld=1.94189e-07 ad=2.02085e-09
Laser Pose= 0.20796 -3.24029e-05 -5.55886e-05
m_count 9
Average Scan Matching Score=55.8205
neff= 50
Registering Scans:Done
update frame 80
update ld=1.94552e-07 ad=2.02067e-09
Laser Pose= 0.20796 -3.24031e-05 -5.55907e-05
m_count 10
Average Scan Matching Score=55.817
neff= 50
Registering Scans:Done
update frame 88
update ld=1.93828e-07 ad=2.0205e-09
Laser Pose= 0.20796 -3.24034e-05 -5.55927e-05
m_count 11
Average Scan Matching Score=55.809
neff= 50
Registering Scans:Done
update frame 96
update ld=1.82235e-07 ad=1.87068e-09
Laser Pose= 0.207959 -3.24036e-05 -5.55946e-05
m_count 12
Average Scan Matching Score=55.8427
neff= 50
Registering Scans:Done
update frame 104
update ld=1.94191e-07 ad=2.02019e-09
Laser Pose= 0.207959 -3.24038e-05 -5.55966e-05
m_count 13
Average Scan Matching Score=55.8323
neff= 50
Registering Scans:Done
update frame 112
update ld=1.94554e-07 ad=2.02002e-09
Laser Pose= 0.207959 -3.24041e-05 -5.55986e-05
m_count 14
Average Scan Matching Score=55.8342
neff= 50
Registering Scans:Done
update frame 120
update ld=1.9383e-07 ad=1.94506e-09
Laser Pose= 0.207959 -3.24043e-05 -5.56005e-05
m_count 15
Average Scan Matching Score=55.8309
neff= 50
Registering Scans:Done
update frame 128
update ld=1.94555e-07 ad=2.01972e-09
Laser Pose= 0.207959 -3.24046e-05 -5.56026e-05
m_count 16
Average Scan Matching Score=55.8328
neff= 50
Registering Scans:Done
update frame 136
update ld=1.93831e-07 ad=2.01957e-09
Laser Pose= 0.207958 -3.24048e-05 -5.56046e-05
m_count 17
Average Scan Matching Score=55.8374
neff= 50
Registering Scans:Done
update frame 144
update ld=1.94194e-07 ad=2.01942e-09
Laser Pose= 0.207958 -3.2405e-05 -5.56066e-05
m_count 18
Average Scan Matching Score=55.8313
neff= 50
Registering Scans:Done
update frame 152
update ld=1.94194e-07 ad=1.94449e-09
Laser Pose= 0.207958 -3.24053e-05 -5.56085e-05
m_count 19
Average Scan Matching Score=55.8331
neff= 50
Registering Scans:Done
update frame 160
update ld=1.94195e-07 ad=2.01914e-09
Laser Pose= 0.207958 -3.24055e-05 -5.56106e-05
m_count 20
Average Scan Matching Score=55.8101
neff= 50
Registering Scans:Done
update frame 168
update ld=1.94195e-07 ad=2.019e-09
Laser Pose= 0.207958 -3.24058e-05 -5.56126e-05
m_count 21
Average Scan Matching Score=55.8281
neff= 50
Registering Scans:Done
update frame 176
update ld=1.94196e-07 ad=2.01887e-09
Laser Pose= 0.207957 -3.2406e-05 -5.56146e-05
m_count 22
Average Scan Matching Score=55.8346
neff= 50
Registering Scans:Done
update frame 184
update ld=1.94196e-07 ad=2.01874e-09
Laser Pose= 0.207957 -3.24062e-05 -5.56166e-05
m_count 23
Average Scan Matching Score=55.8396
neff= 50
Registering Scans:Done
update frame 192
update ld=1.94197e-07 ad=1.94384e-09
Laser Pose= 0.207957 -3.24065e-05 -5.56186e-05
m_count 24
Average Scan Matching Score=55.8308
neff= 50
Registering Scans:Done
update frame 200
update ld=1.81879e-07 ad=1.94373e-09
Laser Pose= 0.207957 -3.24067e-05 -5.56205e-05
m_count 25
Average Scan Matching Score=55.8475
neff= 50
Registering Scans:Done
update frame 208
update ld=1.94198e-07 ad=1.94361e-09
Laser Pose= 0.207957 -3.24069e-05 -5.56224e-05
m_count 26
Average Scan Matching Score=55.8264
neff= 50
Registering Scans:Done
update frame 216
update ld=1.94198e-07 ad=2.01824e-09
Laser Pose= 0.207956 -3.24072e-05 -5.56245e-05
m_count 27
Average Scan Matching Score=55.8279
neff= 50
Registering Scans:Done
update frame 224
update ld=1.94561e-07 ad=2.01813e-09
Laser Pose= 0.207956 -3.24074e-05 -5.56265e-05
m_count 28
Average Scan Matching Score=55.84
neff= 50
Registering Scans:Done
update frame 232
update ld=1.93837e-07 ad=2.01801e-09
Laser Pose= 0.207956 -3.24077e-05 -5.56285e-05
m_count 29
Average Scan Matching Score=55.8212
neff= 50
Registering Scans:Done
update frame 240
update ld=1.94199e-07 ad=2.01789e-09
Laser Pose= 0.207956 -3.24079e-05 -5.56305e-05
m_count 30
Average Scan Matching Score=55.826
neff= 50
Registering Scans:Done
update frame 248
update ld=1.94562e-07 ad=1.94305e-09
Laser Pose= 0.207956 -3.24081e-05 -5.56325e-05
m_count 31
Average Scan Matching Score=55.8293
neff= 50
Registering Scans:Done
update frame 256
update ld=1.93838e-07 ad=2.01768e-09
Laser Pose= 0.207955 -3.24084e-05 -5.56345e-05
m_count 32
Average Scan Matching Score=55.8176
neff= 50
Registering Scans:Done
update frame 264
update ld=1.942e-07 ad=2.01757e-09
Laser Pose= 0.207955 -3.24086e-05 -5.56365e-05
m_count 33
Average Scan Matching Score=55.8312
neff= 50
Registering Scans:Done
update frame 272
update ld=1.94201e-07 ad=2.01747e-09
Laser Pose= 0.207955 -3.24089e-05 -5.56385e-05
m_count 34
Average Scan Matching Score=55.8328
neff= 50
Registering Scans:Done
update frame 280
update ld=1.94201e-07 ad=2.01736e-09
Laser Pose= 0.207955 -3.24091e-05 -5.56405e-05
m_count 35
Average Scan Matching Score=55.8452
neff= 50
Registering Scans:Done
update frame 288
update ld=1.94202e-07 ad=1.94255e-09
Laser Pose= 0.207955 -3.24093e-05 -5.56425e-05
m_count 36
Average Scan Matching Score=55.8351
neff= 50
Registering Scans:Done
update frame 296
update ld=1.94202e-07 ad=2.01717e-09
Laser Pose= 0.207954 -3.24096e-05 -5.56445e-05
m_count 37
Average Scan Matching Score=55.8393
neff= 50
Registering Scans:Done
update frame 304
update ld=1.82246e-07 ad=1.86766e-09
Laser Pose= 0.207954 -3.24098e-05 -5.56464e-05
m_count 38
Average Scan Matching Score=55.8237
neff= 50
Registering Scans:Done
update frame 312
update ld=1.94203e-07 ad=2.01699e-09
Laser Pose= 0.207954 -3.241e-05 -5.56484e-05
m_count 39
Average Scan Matching Score=55.8129
neff= 50
Registering Scans:Done
update frame 320
update ld=1.94565e-07 ad=2.01689e-09
Laser Pose= 0.207954 -3.24103e-05 -5.56504e-05
m_count 40
Average Scan Matching Score=55.8429
neff= 50
Registering Scans:Done
update frame 328
update ld=1.93841e-07 ad=2.01679e-09
Laser Pose= 0.207954 -3.24105e-05 -5.56524e-05
m_count 41
Average Scan Matching Score=55.8334
neff= 50
Registering Scans:Done
update frame 336
update ld=1.94204e-07 ad=2.01671e-09
Laser Pose= 0.207954 -3.24108e-05 -5.56544e-05
m_count 42
Average Scan Matching Score=55.8235
neff= 50
Registering Scans:Done
update frame 344
update ld=1.94204e-07 ad=1.94194e-09
Laser Pose= 0.207953 -3.2411e-05 -5.56564e-05
m_count 43
Average Scan Matching Score=55.8292
neff= 50
Registering Scans:Done
update frame 352
update ld=1.94204e-07 ad=2.01654e-09
Laser Pose= 0.207953 -3.24112e-05 -5.56584e-05
m_count 44
Average Scan Matching Score=55.8217
neff= 50
Registering Scans:Done
update frame 360
update ld=1.94205e-07 ad=2.01645e-09
Laser Pose= 0.207953 -3.24115e-05 -5.56604e-05
m_count 45
Average Scan Matching Score=55.8208
neff= 50
Registering Scans:Done
update frame 368
update ld=1.94567e-07 ad=2.01637e-09
Laser Pose= 0.207953 -3.24117e-05 -5.56624e-05
m_count 46
Average Scan Matching Score=55.8238
neff= 50
Registering Scans:Done
update frame 376
update ld=1.93843e-07 ad=2.0163e-09
Laser Pose= 0.207953 -3.2412e-05 -5.56644e-05
m_count 47
Average Scan Matching Score=55.8361
neff= 50
Registering Scans:Done
update frame 384
update ld=1.94205e-07 ad=1.94155e-09
Laser Pose= 0.207952 -3.24122e-05 -5.56664e-05
m_count 48
Average Scan Matching Score=55.8169
neff= 50
Registering Scans:Done
update frame 392
update ld=1.94568e-07 ad=2.01614e-09
Laser Pose= 0.207952 -3.24124e-05 -5.56684e-05
m_count 49
Average Scan Matching Score=55.8249
neff= 50
Registering Scans:Done
update frame 400
update ld=1.81525e-07 ad=1.86673e-09
Laser Pose= 0.207952 -3.24127e-05 -5.56703e-05
m_count 50
Average Scan Matching Score=55.8129
neff= 50
Registering Scans:Done
update frame 408
update ld=1.94206e-07 ad=2.016e-09
Laser Pose= 0.207952 -3.24129e-05 -5.56723e-05
m_count 51
Average Scan Matching Score=55.8281
neff= 50
Registering Scans:Done
update frame 416
update ld=1.94206e-07 ad=2.01593e-09
Laser Pose= 0.207952 -3.24131e-05 -5.56743e-05
m_count 52
Average Scan Matching Score=55.8381
neff= 50
Registering Scans:Done
update frame 424
update ld=1.94207e-07 ad=2.01586e-09
Laser Pose= 0.207951 -3.24134e-05 -5.56763e-05
m_count 53
Average Scan Matching Score=55.8353
neff= 50
Registering Scans:Done
update frame 432
update ld=1.94207e-07 ad=1.94113e-09
Laser Pose= 0.207951 -3.24136e-05 -5.56783e-05
m_count 54
Average Scan Matching Score=55.8343
neff= 50
Registering Scans:Done
update frame 440
update ld=1.94569e-07 ad=2.01572e-09
Laser Pose= 0.207951 -3.24139e-05 -5.56803e-05
m_count 55
Average Scan Matching Score=55.8324
neff= 50
Registering Scans:Done
update frame 448
update ld=1.93845e-07 ad=2.01566e-09
Laser Pose= 0.207951 -3.24141e-05 -5.56823e-05
m_count 56
Average Scan Matching Score=55.8245
neff= 50
Registering Scans:Done
update frame 456
update ld=1.94208e-07 ad=2.01559e-09
Laser Pose= 0.207951 -3.24143e-05 -5.56843e-05
m_count 57
Average Scan Matching Score=55.8346
neff= 50
Registering Scans:Done
update frame 464
update ld=1.94208e-07 ad=2.01553e-09
Laser Pose= 0.20795 -3.24146e-05 -5.56863e-05
m_count 58
Average Scan Matching Score=55.8299
neff= 50
Registering Scans:Done
update frame 472
update ld=1.94208e-07 ad=1.94083e-09
Laser Pose= 0.20795 -3.24148e-05 -5.56883e-05
m_count 59
Average Scan Matching Score=55.8275
neff= 50
Registering Scans:Done
update frame 480
update ld=1.94208e-07 ad=2.01541e-09
Laser Pose= 0.20795 -3.2415e-05 -5.56903e-05
m_count 60
Average Scan Matching Score=55.8379
neff= 50
Registering Scans:Done
update frame 488
update ld=1.94571e-07 ad=2.01535e-09
Laser Pose= 0.20795 -3.24153e-05 -5.56923e-05
m_count 61
Average Scan Matching Score=55.8447
neff= 50
Registering Scans:Done
update frame 496
update ld=1.93846e-07 ad=2.01529e-09
Laser Pose= 0.20795 -3.24155e-05 -5.56943e-05
m_count 62
Average Scan Matching Score=55.8319
neff= 50
Registering Scans:Done
update frame 504
update ld=1.82252e-07 ad=1.86596e-09
Laser Pose= 0.207949 -3.24158e-05 -5.56962e-05
m_count 63
Average Scan Matching Score=55.8405
neff= 50
Registering Scans:Done
update frame 512
update ld=1.94209e-07 ad=2.01518e-09
Laser Pose= 0.207949 -3.2416e-05 -5.56982e-05
m_count 64
Average Scan Matching Score=55.8213
neff= 50
Registering Scans:Done
update frame 520
update ld=1.94209e-07 ad=2.01513e-09
Laser Pose= 0.207949 -3.24162e-05 -5.57002e-05
m_count 65
Average Scan Matching Score=55.8394
neff= 50
Registering Scans:Done
update frame 528
update ld=1.94209e-07 ad=1.94044e-09
Laser Pose= 0.207949 -3.24165e-05 -5.57021e-05
m_count 66
Average Scan Matching Score=55.8364
neff= 50
Registering Scans:Done
update frame 536
update ld=1.94572e-07 ad=2.01503e-09
Laser Pose= 0.207949 -3.24167e-05 -5.57042e-05
m_count 67
Average Scan Matching Score=55.8223
neff= 50
Registering Scans:Done
update frame 544
update ld=1.93848e-07 ad=2.01498e-09
Laser Pose= 0.207948 -3.2417e-05 -5.57062e-05
m_count 68
Average Scan Matching Score=55.8296
neff= 50
Registering Scans:Done
update frame 552
update ld=1.9421e-07 ad=2.01492e-09
Laser Pose= 0.207948 -3.24172e-05 -5.57082e-05
m_count 69
Average Scan Matching Score=55.8344
neff= 50
Registering Scans:Done
update frame 560
update ld=1.9421e-07 ad=2.01487e-09
Laser Pose= 0.207948 -3.24174e-05 -5.57102e-05
m_count 70
Average Scan Matching Score=55.8296
neff= 50
Registering Scans:Done
update frame 568
update ld=1.9421e-07 ad=1.9402e-09
Laser Pose= 0.207948 -3.24177e-05 -5.57121e-05
m_count 71
Average Scan Matching Score=55.8173
neff= 50
Registering Scans:Done
update frame 576
update ld=1.94211e-07 ad=2.01477e-09
Laser Pose= 0.207948 -3.24179e-05 -5.57142e-05
m_count 72
Average Scan Matching Score=55.8249
neff= 50
Registering Scans:Done
update frame 584
update ld=1.94211e-07 ad=2.01474e-09
Laser Pose= 0.207948 -3.24181e-05 -5.57162e-05
m_count 73
Average Scan Matching Score=55.843
neff= 50
Registering Scans:Done
update frame 592
update ld=1.94211e-07 ad=2.01469e-09
Laser Pose= 0.207947 -3.24184e-05 -5.57182e-05
m_count 74
Average Scan Matching Score=55.8142
neff= 50
Registering Scans:Done
update frame 600
update ld=1.81892e-07 ad=1.86541e-09
Laser Pose= 0.207947 -3.24186e-05 -5.572e-05
m_count 75
Average Scan Matching Score=55.8208
neff= 50
Registering Scans:Done
update frame 608
update ld=1.94211e-07 ad=2.01461e-09
Laser Pose= 0.207947 -3.24189e-05 -5.57221e-05
m_count 76
Average Scan Matching Score=55.8237
neff= 50
Registering Scans:Done
update frame 616
update ld=1.94211e-07 ad=1.93995e-09
Laser Pose= 0.207947 -3.24191e-05 -5.5724e-05
m_count 77
Average Scan Matching Score=55.8283
neff= 50
Registering Scans:Done
update frame 624
update ld=1.94211e-07 ad=2.01452e-09
Laser Pose= 0.207947 -3.24193e-05 -5.5726e-05
m_count 78
Average Scan Matching Score=55.8441
neff= 50
Registering Scans:Done
update frame 632
update ld=1.94574e-07 ad=2.01448e-09
Laser Pose= 0.207946 -3.24196e-05 -5.5728e-05
m_count 79
Average Scan Matching Score=55.8367
neff= 50
Registering Scans:Done
update frame 640
update ld=1.93849e-07 ad=2.01443e-09
Laser Pose= 0.207946 -3.24198e-05 -5.573e-05
m_count 80
Average Scan Matching Score=55.8329
neff= 50
Registering Scans:Done
update frame 648
update ld=1.94212e-07 ad=2.0144e-09
Laser Pose= 0.207946 -3.242e-05 -5.57321e-05
m_count 81
Average Scan Matching Score=55.8115
neff= 50
Registering Scans:Done
update frame 656
update ld=1.94574e-07 ad=2.01435e-09
Laser Pose= 0.207946 -3.24203e-05 -5.57341e-05
m_count 82
Average Scan Matching Score=55.8249
neff= 50
Registering Scans:Done
update frame 664
update ld=1.9385e-07 ad=1.93972e-09
Laser Pose= 0.207946 -3.24205e-05 -5.5736e-05
m_count 83
Average Scan Matching Score=55.84
neff= 50
Registering Scans:Done
update frame 672
update ld=1.94212e-07 ad=2.01428e-09
Laser Pose= 0.207945 -3.24208e-05 -5.5738e-05
m_count 84
Average Scan Matching Score=55.8252
neff= 50
Registering Scans:Done
update frame 680
update ld=1.94575e-07 ad=2.01426e-09
Laser Pose= 0.207945 -3.2421e-05 -5.574e-05
m_count 85
Average Scan Matching Score=55.855
neff= 50
Registering Scans:Done
update frame 688
update ld=1.9385e-07 ad=2.01421e-09
Laser Pose= 0.207945 -3.24212e-05 -5.57421e-05
m_count 86
Average Scan Matching Score=55.8308
neff= 50
Registering Scans:Done
update frame 696
update ld=1.94213e-07 ad=1.93959e-09
Laser Pose= 0.207945 -3.24215e-05 -5.5744e-05
m_count 87
Average Scan Matching Score=55.8372
neff= 50
Registering Scans:Done
update frame 704
update ld=1.82618e-07 ad=1.93955e-09
Laser Pose= 0.207945 -3.24217e-05 -5.57459e-05
m_count 88
Average Scan Matching Score=55.8162
neff= 50
Registering Scans:Done
update frame 712
update ld=1.93851e-07 ad=1.93953e-09
Laser Pose= 0.207944 -3.24219e-05 -5.57479e-05
m_count 89
Average Scan Matching Score=55.8338
neff= 50
Registering Scans:Done
update frame 720
update ld=1.94213e-07 ad=2.01409e-09
Laser Pose= 0.207944 -3.24222e-05 -5.57499e-05
m_count 90
Average Scan Matching Score=55.8407
neff= 50
Registering Scans:Done
update frame 728
update ld=1.94213e-07 ad=2.01406e-09
Laser Pose= 0.207944 -3.24224e-05 -5.57519e-05
m_count 91
Average Scan Matching Score=55.8234
neff= 50
Registering Scans:Done
update frame 736
update ld=1.94213e-07 ad=2.01402e-09
Laser Pose= 0.207944 -3.24227e-05 -5.57539e-05
m_count 92
Average Scan Matching Score=55.8323
neff= 50
Registering Scans:Done
update frame 744
update ld=1.94213e-07 ad=2.014e-09
Laser Pose= 0.207944 -3.24229e-05 -5.57559e-05
m_count 93
Average Scan Matching Score=55.8235
neff= 50
Registering Scans:Done
update frame 752
update ld=1.94576e-07 ad=1.93937e-09
Laser Pose= 0.207943 -3.24231e-05 -5.57579e-05
m_count 94
Average Scan Matching Score=55.825
neff= 50
Registering Scans:Done
update frame 760
update ld=1.93851e-07 ad=2.01394e-09
Laser Pose= 0.207943 -3.24234e-05 -5.57599e-05
m_count 95
Average Scan Matching Score=55.8276
neff= 50
Registering Scans:Done
update frame 768
update ld=1.94214e-07 ad=2.01391e-09
Laser Pose= 0.207943 -3.24236e-05 -5.57619e-05
m_count 96
Average Scan Matching Score=55.8251
neff= 50
Registering Scans:Done
update frame 776
update ld=1.94214e-07 ad=2.01388e-09
Laser Pose= 0.207943 -3.24238e-05 -5.57639e-05
m_count 97
Average Scan Matching Score=55.8343
neff= 50
Registering Scans:Done
update frame 784
update ld=1.94214e-07 ad=2.01385e-09
Laser Pose= 0.207943 -3.24241e-05 -5.57659e-05
m_count 98
Average Scan Matching Score=55.8286
neff= 50
Registering Scans:Done
update frame 792
update ld=1.94214e-07 ad=1.93923e-09
Laser Pose= 0.207943 -3.24243e-05 -5.57679e-05
m_count 99
Average Scan Matching Score=55.8263
neff= 50
Registering Scans:Done
update frame 800
update ld=1.94214e-07 ad=2.01379e-09
Laser Pose= 0.207942 -3.24246e-05 -5.57699e-05
m_count 100
Average Scan Matching Score=55.8362
neff= 50
Registering Scans:Done
update frame 808
update ld=1.81895e-07 ad=1.86461e-09
Laser Pose= 0.207942 -3.24248e-05 -5.57717e-05
m_count 101
Average Scan Matching Score=55.8224
neff= 50
Registering Scans:Done
update frame 816
update ld=1.94214e-07 ad=2.01374e-09
Laser Pose= 0.207942 -3.2425e-05 -5.57738e-05
m_count 102
Average Scan Matching Score=55.8302
neff= 50
Registering Scans:Done
update frame 824
update ld=1.94214e-07 ad=2.01373e-09
Laser Pose= 0.207942 -3.24253e-05 -5.57758e-05
m_count 103
Average Scan Matching Score=55.83
neff= 50
Registering Scans:Done
update frame 832
update ld=1.94214e-07 ad=2.0137e-09
Laser Pose= 0.207942 -3.24255e-05 -5.57778e-05
m_count 104
Average Scan Matching Score=55.8383
neff= 50
Registering Scans:Done
update frame 840
update ld=1.94215e-07 ad=2.01367e-09
Laser Pose= 0.207941 -3.24257e-05 -5.57798e-05
m_count 105
Average Scan Matching Score=55.8372
neff= 50
Registering Scans:Done
update frame 848
update ld=1.94577e-07 ad=1.93908e-09
Laser Pose= 0.207941 -3.2426e-05 -5.57817e-05
m_count 106
Average Scan Matching Score=55.8305
neff= 50
Registering Scans:Done
update frame 856
update ld=1.93852e-07 ad=2.01363e-09
Laser Pose= 0.207941 -3.24262e-05 -5.57838e-05
m_count 107
Average Scan Matching Score=55.8356
neff= 50
Registering Scans:Done
update frame 864
update ld=1.94215e-07 ad=2.0136e-09
Laser Pose= 0.207941 -3.24265e-05 -5.57858e-05
m_count 108
Average Scan Matching Score=55.8206
neff= 50
Registering Scans:Done
update frame 872
update ld=1.94577e-07 ad=2.0136e-09
Laser Pose= 0.207941 -3.24267e-05 -5.57878e-05
m_count 109
Average Scan Matching Score=55.8108
neff= 50
Registering Scans:Done
update frame 880
update ld=1.93853e-07 ad=2.01357e-09
Laser Pose= 0.20794 -3.24269e-05 -5.57898e-05
m_count 110
Average Scan Matching Score=55.8308
neff= 50
Registering Scans:Done
update frame 888
update ld=1.94215e-07 ad=1.93897e-09
Laser Pose= 0.20794 -3.24272e-05 -5.57917e-05
m_count 111
Average Scan Matching Score=55.8306
neff= 50
Registering Scans:Done
update frame 896
update ld=1.94577e-07 ad=2.01354e-09
Laser Pose= 0.20794 -3.24274e-05 -5.57937e-05
m_count 112
Average Scan Matching Score=55.8195
neff= 50
Registering Scans:Done
update frame 904
update ld=1.81896e-07 ad=1.86436e-09
Laser Pose= 0.20794 -3.24276e-05 -5.57956e-05
m_count 113
Average Scan Matching Score=55.8285
neff= 50
Registering Scans:Done
update frame 912
update ld=1.94215e-07 ad=2.01348e-09
Laser Pose= 0.20794 -3.24279e-05 -5.57976e-05
m_count 114
Average Scan Matching Score=55.846
neff= 50
Registering Scans:Done
update frame 920
update ld=1.94215e-07 ad=2.01347e-09
Laser Pose= 0.207939 -3.24281e-05 -5.57996e-05
m_count 115
Average Scan Matching Score=55.8341
neff= 50
Registering Scans:Done
update frame 928
update ld=1.94215e-07 ad=2.01346e-09
Laser Pose= 0.207939 -3.24284e-05 -5.58016e-05
m_count 116
Average Scan Matching Score=55.8449
neff= 50
Registering Scans:Done
update frame 936
update ld=1.94215e-07 ad=1.93885e-09
Laser Pose= 0.207939 -3.24286e-05 -5.58036e-05
m_count 117
Average Scan Matching Score=55.8269
neff= 50
Registering Scans:Done
update frame 944
update ld=1.94578e-07 ad=2.01341e-09
Laser Pose= 0.207939 -3.24288e-05 -5.58056e-05
m_count 118
Average Scan Matching Score=55.8515
neff= 50
Registering Scans:Done
update frame 952
update ld=1.93853e-07 ad=2.01341e-09
Laser Pose= 0.207939 -3.24291e-05 -5.58076e-05
m_count 119
Average Scan Matching Score=55.8305
neff= 50
Registering Scans:Done
update frame 960
update ld=1.94216e-07 ad=2.01339e-09
Laser Pose= 0.207938 -3.24293e-05 -5.58096e-05
m_count 120
Average Scan Matching Score=55.8364
neff= 50
Registering Scans:Done
update frame 968
update ld=1.94216e-07 ad=2.01335e-09
Laser Pose= 0.207938 -3.24295e-05 -5.58116e-05
m_count 121
Average Scan Matching Score=55.8442
neff= 50
Registering Scans:Done
update frame 976
update ld=1.94216e-07 ad=1.93878e-09
Laser Pose= 0.207938 -3.24298e-05 -5.58136e-05
m_count 122
Average Scan Matching Score=55.8416
neff= 50
Registering Scans:Done
update frame 984
update ld=1.94216e-07 ad=2.01334e-09
Laser Pose= 0.207938 -3.243e-05 -5.58156e-05
m_count 123
Average Scan Matching Score=55.8361
neff= 50
Registering Scans:Done
update frame 992
update ld=1.94216e-07 ad=2.01332e-09
Laser Pose= 0.207938 -3.24303e-05 -5.58176e-05
m_count 124
Average Scan Matching Score=55.8301
neff= 50
Registering Scans:Done
update frame 1000
update ld=1.94216e-07 ad=2.01329e-09
Laser Pose= 0.207937 -3.24305e-05 -5.58196e-05
m_count 125
Average Scan Matching Score=55.8211
neff= 49.9999
Registering Scans:Done
update frame 1008
update ld=1.81896e-07 ad=1.86415e-09
Laser Pose= 0.207937 -3.24307e-05 -5.58215e-05
m_count 126
Average Scan Matching Score=55.8299
neff= 49.9999
Registering Scans:Done
update frame 1016
update ld=1.94578e-07 ad=2.01328e-09
Laser Pose= 0.207937 -3.2431e-05 -5.58235e-05
m_count 127
Average Scan Matching Score=55.8291
neff= 49.9999
Registering Scans:Done
update frame 1024
update ld=1.93854e-07 ad=2.01327e-09
Laser Pose= 0.207937 -3.24312e-05 -5.58255e-05
m_count 128
Average Scan Matching Score=55.8447
neff= 49.9999
Registering Scans:Done
update frame 1032
update ld=1.94216e-07 ad=1.93867e-09
Laser Pose= 0.207937 -3.24314e-05 -5.58274e-05
m_count 129
Average Scan Matching Score=55.8389
neff= 49.9999
Registering Scans:Done
update frame 1040
update ld=1.94216e-07 ad=2.01322e-09
Laser Pose= 0.207937 -3.24317e-05 -5.58295e-05
m_count 130
Average Scan Matching Score=55.8277
neff= 49.9999
Registering Scans:Done
update frame 1048
update ld=1.94216e-07 ad=2.01322e-09
Laser Pose= 0.207936 -3.24319e-05 -5.58315e-05
m_count 131
Average Scan Matching Score=55.8319
neff= 49.9999
Registering Scans:Done
update frame 1056
update ld=1.94216e-07 ad=2.01322e-09
Laser Pose= 0.207936 -3.24321e-05 -5.58335e-05
m_count 132
Average Scan Matching Score=55.8248
neff= 49.9999
Registering Scans:Done
update frame 1064
update ld=1.94216e-07 ad=2.01319e-09
Laser Pose= 0.207936 -3.24324e-05 -5.58355e-05
m_count 133
Average Scan Matching Score=55.8159
neff= 49.9999
Registering Scans:Done
update frame 1072
update ld=1.94216e-07 ad=1.9386e-09
Laser Pose= 0.207936 -3.24326e-05 -5.58374e-05
m_count 134
Average Scan Matching Score=55.8297
neff= 49.9999
Registering Scans:Done
update frame 1080
update ld=1.94216e-07 ad=2.01315e-09
Laser Pose= 0.207936 -3.24329e-05 -5.58395e-05
m_count 135
Average Scan Matching Score=55.8224
neff= 49.9999
Registering Scans:Done
update frame 1088
update ld=1.94579e-07 ad=2.01315e-09
Laser Pose= 0.207935 -3.24331e-05 -5.58415e-05
m_count 136
Average Scan Matching Score=55.8117
neff= 49.9999
Registering Scans:Done
update frame 1096
update ld=1.93854e-07 ad=2.01315e-09
Laser Pose= 0.207935 -3.24333e-05 -5.58435e-05
m_count 137
Average Scan Matching Score=55.8331
neff= 49.9999
Registering Scans:Done
update frame 1104
update ld=1.82259e-07 ad=1.86402e-09
Laser Pose= 0.207935 -3.24336e-05 -5.58453e-05
m_count 138
Average Scan Matching Score=55.8355
neff= 49.9999
Registering Scans:Done
update frame 1112
update ld=1.94217e-07 ad=2.01311e-09
Laser Pose= 0.207935 -3.24338e-05 -5.58474e-05
m_count 139
Average Scan Matching Score=55.834
neff= 49.9999
Registering Scans:Done
update frame 1120
update ld=1.94217e-07 ad=2.0131e-09
Laser Pose= 0.207935 -3.2434e-05 -5.58494e-05
m_count 140
Average Scan Matching Score=55.8256
neff= 49.9999
Registering Scans:Done
update frame 1128
update ld=1.94217e-07 ad=1.93853e-09
Laser Pose= 0.207934 -3.24343e-05 -5.58513e-05
m_count 141
Average Scan Matching Score=55.847
neff= 49.9999
Registering Scans:Done
update frame 1136
update ld=1.94217e-07 ad=2.01309e-09
Laser Pose= 0.207934 -3.24345e-05 -5.58533e-05
m_count 142
Average Scan Matching Score=55.8257
neff= 49.9999
Registering Scans:Done
update frame 1144
update ld=1.94217e-07 ad=2.01308e-09
Laser Pose= 0.207934 -3.24348e-05 -5.58553e-05
m_count 143
Average Scan Matching Score=55.8319
neff= 49.9999
Registering Scans:Done
update frame 1152
update ld=1.94217e-07 ad=2.01307e-09
Laser Pose= 0.207934 -3.2435e-05 -5.58573e-05
m_count 144
Average Scan Matching Score=55.8333
neff= 49.9999
Registering Scans:Done
update frame 1160
update ld=1.94579e-07 ad=2.01305e-09
Laser Pose= 0.207934 -3.24352e-05 -5.58594e-05
m_count 145
Average Scan Matching Score=55.8144
neff= 49.9999
Registering Scans:Done
update frame 1168
update ld=1.93855e-07 ad=1.93847e-09
Laser Pose= 0.207933 -3.24355e-05 -5.58613e-05
m_count 146
Average Scan Matching Score=55.8171
neff= 49.9999
Registering Scans:Done
update frame 1176
update ld=1.94217e-07 ad=2.01302e-09
Laser Pose= 0.207933 -3.24357e-05 -5.58633e-05
m_count 147
Average Scan Matching Score=55.8287
neff= 49.9999
Registering Scans:Done
update frame 1184
update ld=1.94217e-07 ad=2.01302e-09
Laser Pose= 0.207933 -3.24359e-05 -5.58653e-05
m_count 148
Average Scan Matching Score=55.8221
neff= 49.9999
Registering Scans:Done
update frame 1192
update ld=1.94217e-07 ad=2.01302e-09
Laser Pose= 0.207933 -3.24362e-05 -5.58673e-05
m_count 149
Average Scan Matching Score=55.8402
neff= 49.9999
Registering Scans:Done
update frame 1200
update ld=1.94217e-07 ad=2.01301e-09
Laser Pose= 0.207933 -3.24364e-05 -5.58694e-05
m_count 150
Average Scan Matching Score=55.8398
neff= 49.9999
Registering Scans:Done
update frame 1208
update ld=1.81897e-07 ad=1.86389e-09
Laser Pose= 0.207932 -3.24367e-05 -5.58712e-05
m_count 151
Average Scan Matching Score=55.8328
neff= 49.9999
Registering Scans:Done
update frame 1216
update ld=1.94217e-07 ad=1.93843e-09
Laser Pose= 0.207932 -3.24369e-05 -5.58732e-05
m_count 152
Average Scan Matching Score=55.8279
neff= 49.9999
Registering Scans:Done
update frame 1224
update ld=1.94217e-07 ad=2.01298e-09
Laser Pose= 0.207932 -3.24371e-05 -5.58752e-05
m_count 153
Average Scan Matching Score=55.8323
neff= 49.9999
Registering Scans:Done
update frame 1232
update ld=1.94217e-07 ad=2.01297e-09
Laser Pose= 0.207932 -3.24374e-05 -5.58772e-05
m_count 154
Average Scan Matching Score=55.8509
neff= 49.9999
Registering Scans:Done
update frame 1240
update ld=1.94217e-07 ad=2.01296e-09
Laser Pose= 0.207932 -3.24376e-05 -5.58792e-05
m_count 155
Average Scan Matching Score=55.843
neff= 49.9999
Registering Scans:Done
update frame 1248
update ld=1.94217e-07 ad=2.01296e-09
Laser Pose= 0.207931 -3.24378e-05 -5.58812e-05
m_count 156
Average Scan Matching Score=55.8317
neff= 49.9999
Registering Scans:Done
update frame 1256
update ld=1.94217e-07 ad=1.93839e-09
Laser Pose= 0.207931 -3.24381e-05 -5.58831e-05
m_count 157
Average Scan Matching Score=55.827
neff= 49.9999
Registering Scans:Done
update frame 1264
update ld=1.94217e-07 ad=2.01294e-09
Laser Pose= 0.207931 -3.24383e-05 -5.58852e-05
m_count 158
Average Scan Matching Score=55.8315
neff= 49.9999
Registering Scans:Done
update frame 1272
update ld=1.94027e-07 ad=2.01293e-09
Laser Pose= 0.207931 -3.24386e-05 -5.58872e-05
m_count 159
Average Scan Matching Score=55.8429
neff= 49.9999
Registering Scans:Done
update frame 1280
update ld=1.94408e-07 ad=2.01293e-09
Laser Pose= 0.207931 -3.24388e-05 -5.58892e-05
m_count 160
Average Scan Matching Score=55.8283
neff= 49.9999
Registering Scans:Done
update frame 1288
update ld=1.94217e-07 ad=2.01293e-09
Laser Pose= 0.207931 -3.2439e-05 -5.58912e-05
m_count 161
Average Scan Matching Score=55.8397
neff= 49.9999
Registering Scans:Done
update frame 1296
update ld=1.94217e-07 ad=1.93838e-09
Laser Pose= 0.20793 -3.24393e-05 -5.58931e-05
m_count 162
Average Scan Matching Score=55.8193
neff= 49.9999
Registering Scans:Done
update frame 1304
update ld=1.8226e-07 ad=1.93837e-09
Laser Pose= 0.20793 -3.24395e-05 -5.58951e-05
m_count 163
Average Scan Matching Score=55.8504
neff= 49.9999
Registering Scans:Done
update frame 1312
update ld=1.94217e-07 ad=1.93836e-09
Laser Pose= 0.20793 -3.24397e-05 -5.5897e-05
m_count 164
Average Scan Matching Score=55.8269
neff= 49.9999
Registering Scans:Done
update frame 1320
update ld=1.94217e-07 ad=2.0129e-09
Laser Pose= 0.20793 -3.244e-05 -5.5899e-05
m_count 165
Average Scan Matching Score=55.8302
neff= 49.9999
Registering Scans:Done
update frame 1328
update ld=1.94217e-07 ad=2.01288e-09
Laser Pose= 0.20793 -3.24402e-05 -5.5901e-05
m_count 166
Average Scan Matching Score=55.8169
neff= 49.9999
Registering Scans:Done
update frame 1336
update ld=1.94217e-07 ad=2.01288e-09
Laser Pose= 0.207929 -3.24404e-05 -5.5903e-05
m_count 167
Average Scan Matching Score=55.8386
neff= 49.9999
Registering Scans:Done
update frame 1344
update ld=1.94218e-07 ad=2.01286e-09
Laser Pose= 0.207929 -3.24407e-05 -5.59051e-05
m_count 168
Average Scan Matching Score=55.8221
neff= 49.9999
Registering Scans:Done
update frame 1352
update ld=1.93924e-07 ad=1.93831e-09
Laser Pose= 0.207929 -3.24409e-05 -5.5907e-05
m_count 169
Average Scan Matching Score=55.8349
neff= 49.9999
Registering Scans:Done
update frame 1360
update ld=1.94511e-07 ad=2.01286e-09
Laser Pose= 0.207929 -3.24412e-05 -5.5909e-05
m_count 170
Average Scan Matching Score=55.8357
neff= 49.9999
Registering Scans:Done
update frame 1368
update ld=1.94218e-07 ad=2.01286e-09
Laser Pose= 0.207929 -3.24414e-05 -5.5911e-05
m_count 171
Average Scan Matching Score=55.8388
neff= 49.9999
Registering Scans:Done
update frame 1376
update ld=1.94218e-07 ad=2.01286e-09
Laser Pose= 0.207928 -3.24416e-05 -5.5913e-05
m_count 172
Average Scan Matching Score=55.825
neff= 49.9999
Registering Scans:Done
update frame 1384
update ld=1.94218e-07 ad=2.01286e-09
Laser Pose= 0.207928 -3.24419e-05 -5.59151e-05
m_count 173
Average Scan Matching Score=55.8442
neff= 49.9998
Registering Scans:Done
update frame 1392
update ld=1.94218e-07 ad=1.9383e-09
Laser Pose= 0.207928 -3.24421e-05 -5.5917e-05
m_count 174
Average Scan Matching Score=55.8303
neff= 49.9998
Registering Scans:Done
update frame 1400
update ld=1.94218e-07 ad=2.01284e-09
Laser Pose= 0.207928 -3.24423e-05 -5.5919e-05
m_count 175
Average Scan Matching Score=55.8298
neff= 49.9998
Registering Scans:Done
update frame 1408
update ld=1.81898e-07 ad=1.86373e-09
Laser Pose= 0.207928 -3.24426e-05 -5.59209e-05
m_count 176
Average Scan Matching Score=55.8337
neff= 49.9998
Registering Scans:Done
update frame 1416
update ld=1.94218e-07 ad=2.01282e-09
Laser Pose= 0.207927 -3.24428e-05 -5.59229e-05
m_count 177
Average Scan Matching Score=55.8389
neff= 49.9998
Registering Scans:Done
update frame 1424
update ld=1.9458e-07 ad=2.01281e-09
Laser Pose= 0.207927 -3.24431e-05 -5.59249e-05
m_count 178
Average Scan Matching Score=55.8258
neff= 49.9998
Registering Scans:Done
update frame 1432
update ld=1.93855e-07 ad=2.0128e-09
Laser Pose= 0.207927 -3.24433e-05 -5.59269e-05
m_count 179
Average Scan Matching Score=55.8345
neff= 49.9998
Registering Scans:Done
update frame 1440
update ld=1.94218e-07 ad=1.93825e-09
Laser Pose= 0.207927 -3.24435e-05 -5.59288e-05
m_count 180
Average Scan Matching Score=55.8317
neff= 49.9998
Registering Scans:Done
update frame 1448
update ld=1.9458e-07 ad=2.0128e-09
Laser Pose= 0.207927 -3.24438e-05 -5.59309e-05
m_count 181
Average Scan Matching Score=55.8181
neff= 49.9998
Registering Scans:Done
update frame 1456
update ld=1.93855e-07 ad=2.0128e-09
Laser Pose= 0.207926 -3.2444e-05 -5.59329e-05
m_count 182
Average Scan Matching Score=55.8238
neff= 49.9998
Registering Scans:Done
update frame 1464
update ld=1.94218e-07 ad=2.01279e-09
Laser Pose= 0.207926 -3.24442e-05 -5.59349e-05
m_count 183
Average Scan Matching Score=55.8294
neff= 49.9998
Registering Scans:Done
update frame 1472
update ld=1.94275e-07 ad=2.01279e-09
Laser Pose= 0.207926 -3.24445e-05 -5.59369e-05
m_count 184
Average Scan Matching Score=55.83
neff= 49.9998
Registering Scans:Done
update frame 1480
update ld=1.94161e-07 ad=1.93823e-09
Laser Pose= 0.207926 -3.24447e-05 -5.59388e-05
m_count 185
Average Scan Matching Score=55.8069
neff= 49.9998
Registering Scans:Done
update frame 1488
update ld=1.94218e-07 ad=2.01278e-09
Laser Pose= 0.207926 -3.2445e-05 -5.59408e-05
m_count 186
Average Scan Matching Score=55.8438
neff= 49.9998
Registering Scans:Done
update frame 1496
update ld=1.94218e-07 ad=2.01278e-09
Laser Pose= 0.207925 -3.24452e-05 -5.59429e-05
m_count 187
Average Scan Matching Score=55.8422
neff= 49.9998
Registering Scans:Done
update frame 1504
update ld=1.8226e-07 ad=1.86368e-09
Laser Pose= 0.207925 -3.24454e-05 -5.59447e-05
m_count 188
Average Scan Matching Score=55.8346
neff= 49.9998
Registering Scans:Done
update frame 1512
update ld=1.94218e-07 ad=2.01277e-09
Laser Pose= 0.207925 -3.24457e-05 -5.59467e-05
m_count 189
Average Scan Matching Score=55.8391
neff= 49.9998
Registering Scans:Done
update frame 1520
update ld=1.9458e-07 ad=2.01276e-09
Laser Pose= 0.207925 -3.24459e-05 -5.59487e-05
m_count 190
Average Scan Matching Score=55.8437
neff= 49.9998
Registering Scans:Done
update frame 1528
update ld=1.93856e-07 ad=2.01277e-09
Laser Pose= 0.207925 -3.24461e-05 -5.59508e-05
m_count 191
Average Scan Matching Score=55.836
neff= 49.9998
Registering Scans:Done
update frame 1536
update ld=1.94218e-07 ad=1.93823e-09
Laser Pose= 0.207925 -3.24464e-05 -5.59527e-05
m_count 192
Average Scan Matching Score=55.8207
neff= 49.9998
Registering Scans:Done
update frame 1544
update ld=1.94218e-07 ad=2.01277e-09
Laser Pose= 0.207924 -3.24466e-05 -5.59547e-05
m_count 193
Average Scan Matching Score=55.8307
neff= 49.9998
Registering Scans:Done
update frame 1552
update ld=1.94218e-07 ad=2.01277e-09
Laser Pose= 0.207924 -3.24468e-05 -5.59567e-05
m_count 194
Average Scan Matching Score=55.8515
neff= 49.9998
Registering Scans:Done
update frame 1560
update ld=1.94218e-07 ad=2.01277e-09
Laser Pose= 0.207924 -3.24471e-05 -5.59587e-05
m_count 195
Average Scan Matching Score=55.8444
neff= 49.9998
Registering Scans:Done
update frame 1568
update ld=1.94218e-07 ad=2.01276e-09
Laser Pose= 0.207924 -3.24473e-05 -5.59608e-05
m_count 196
Average Scan Matching Score=55.8264
neff= 49.9998
Registering Scans:Done
update frame 1576
update ld=1.94218e-07 ad=1.9382e-09
Laser Pose= 0.207924 -3.24476e-05 -5.59627e-05
m_count 197
Average Scan Matching Score=55.838
neff= 49.9997
Registering Scans:Done
update frame 1584
update ld=1.94218e-07 ad=2.01274e-09
Laser Pose= 0.207923 -3.24478e-05 -5.59647e-05
m_count 198
Average Scan Matching Score=55.8368
neff= 49.9997
Registering Scans:Done
update frame 1592
update ld=1.94218e-07 ad=2.01273e-09
Laser Pose= 0.207923 -3.2448e-05 -5.59667e-05
m_count 199
Average Scan Matching Score=55.8334
neff= 49.9997
Registering Scans:Done
update frame 1600
update ld=1.94218e-07 ad=2.01272e-09
Laser Pose= 0.207923 -3.24483e-05 -5.59687e-05
m_count 200
Average Scan Matching Score=55.8243
neff= 49.9997
Registering Scans:Done
update frame 1608
update ld=1.81898e-07 ad=1.86363e-09
Laser Pose= 0.207923 -3.24485e-05 -5.59706e-05
m_count 201
Average Scan Matching Score=55.8363
neff= 49.9997
Registering Scans:Done
update frame 1616
update ld=1.94218e-07 ad=2.01271e-09
Laser Pose= 0.207923 -3.24487e-05 -5.59726e-05
m_count 202
Average Scan Matching Score=55.847
neff= 49.9997
Registering Scans:Done
update frame 1624
update ld=1.94218e-07 ad=2.01271e-09
Laser Pose= 0.207922 -3.2449e-05 -5.59746e-05
m_count 203
Average Scan Matching Score=55.8365
neff= 49.9997
Registering Scans:Done
update frame 1632
update ld=1.94218e-07 ad=1.93815e-09
Laser Pose= 0.207922 -3.24492e-05 -5.59766e-05
m_count 204
Average Scan Matching Score=55.8209
neff= 49.9997
Registering Scans:Done
update frame 1640
update ld=1.9458e-07 ad=2.0127e-09
Laser Pose= 0.207922 -3.24495e-05 -5.59786e-05
m_count 205
Average Scan Matching Score=55.829
neff= 49.9997
Registering Scans:Done
update frame 1648
update ld=1.93856e-07 ad=2.0127e-09
Laser Pose= 0.207922 -3.24497e-05 -5.59806e-05
m_count 206
Average Scan Matching Score=55.8266
neff= 49.9997
Registering Scans:Done
update frame 1656
update ld=1.94218e-07 ad=2.01269e-09
Laser Pose= 0.207922 -3.24499e-05 -5.59826e-05
m_count 207
Average Scan Matching Score=55.8454
neff= 49.9997
Registering Scans:Done
update frame 1664
update ld=1.94581e-07 ad=2.0127e-09
Laser Pose= 0.207921 -3.24502e-05 -5.59846e-05
m_count 208
Average Scan Matching Score=55.8382
neff= 49.9997
Registering Scans:Done
update frame 1672
update ld=1.93856e-07 ad=1.93815e-09
Laser Pose= 0.207921 -3.24504e-05 -5.59865e-05
m_count 209
Average Scan Matching Score=55.8286
neff= 49.9997
Registering Scans:Done
update frame 1680
update ld=1.94218e-07 ad=2.01271e-09
Laser Pose= 0.207921 -3.24506e-05 -5.59886e-05
m_count 210
Average Scan Matching Score=55.8396
neff= 49.9997
Registering Scans:Done
update frame 1688
update ld=1.94371e-07 ad=2.01269e-09
Laser Pose= 0.207921 -3.24509e-05 -5.59906e-05
m_count 211
Average Scan Matching Score=55.8432
neff= 49.9997
Registering Scans:Done
update frame 1696
update ld=1.94066e-07 ad=2.0127e-09
Laser Pose= 0.207921 -3.24511e-05 -5.59926e-05
m_count 212
Average Scan Matching Score=55.8362
neff= 49.9997
Registering Scans:Done
update frame 1704
update ld=1.82261e-07 ad=1.86361e-09
Laser Pose= 0.20792 -3.24513e-05 -5.59944e-05
m_count 213
Average Scan Matching Score=55.8373
neff= 49.9997
Registering Scans:Done
update frame 1712
update ld=1.95305e-07 ad=2.01269e-09
Laser Pose= 0.20792 -3.24516e-05 -5.59965e-05
m_count 214
Average Scan Matching Score=55.8281
neff= 49.9997
Registering Scans:Done
update frame 1720
update ld=1.93131e-07 ad=1.93814e-09
Laser Pose= 0.20792 -3.24518e-05 -5.59984e-05
m_count 215
Average Scan Matching Score=55.8413
neff= 49.9997
Registering Scans:Done
update frame 1728
update ld=1.94218e-07 ad=2.01267e-09
Laser Pose= 0.20792 -3.24521e-05 -5.60004e-05
m_count 216
Average Scan Matching Score=55.8201
neff= 49.9997
Registering Scans:Done
update frame 1736
update ld=1.94581e-07 ad=2.01268e-09
Laser Pose= 0.20792 -3.24523e-05 -5.60024e-05
m_count 217
Average Scan Matching Score=55.8323
neff= 49.9997
Registering Scans:Done
update frame 1744
update ld=1.93856e-07 ad=2.01267e-09
Laser Pose= 0.20792 -3.24525e-05 -5.60044e-05
m_count 218
Average Scan Matching Score=55.8451
neff= 49.9997
Registering Scans:Done
update frame 1752
update ld=1.94218e-07 ad=2.01267e-09
Laser Pose= 0.207919 -3.24528e-05 -5.60064e-05
m_count 219
Average Scan Matching Score=55.8311
neff= 49.9997
Registering Scans:Done
update frame 1760
update ld=1.94943e-07 ad=2.01267e-09
Laser Pose= 0.207919 -3.2453e-05 -5.60085e-05
m_count 220
Average Scan Matching Score=55.827
neff= 49.9997
Registering Scans:Done
update frame 1768
update ld=1.93494e-07 ad=1.93811e-09
Laser Pose= 0.207919 -3.24532e-05 -5.60104e-05
m_count 221
Average Scan Matching Score=55.8357
neff= 49.9996
Registering Scans:Done
update frame 1776
update ld=1.94218e-07 ad=2.01267e-09
Laser Pose= 0.207919 -3.24535e-05 -5.60124e-05
m_count 222
Average Scan Matching Score=55.8335
neff= 49.9996
Registering Scans:Done
update frame 1784
update ld=1.94581e-07 ad=2.01266e-09
Laser Pose= 0.207919 -3.24537e-05 -5.60144e-05
m_count 223
Average Scan Matching Score=55.8308
neff= 49.9996
Registering Scans:Done
update frame 1792
update ld=1.93856e-07 ad=2.01266e-09
Laser Pose= 0.207918 -3.2454e-05 -5.60164e-05
m_count 224
Average Scan Matching Score=55.8413
neff= 49.9996
Registering Scans:Done
update frame 1800
update ld=1.94218e-07 ad=1.93813e-09
Laser Pose= 0.207918 -3.24542e-05 -5.60184e-05
m_count 225
Average Scan Matching Score=55.817
neff= 49.9996
Registering Scans:Done
update frame 1808
update ld=1.82261e-07 ad=1.93811e-09
Laser Pose= 0.207918 -3.24544e-05 -5.60203e-05
m_count 226
Average Scan Matching Score=55.8329
neff= 49.9996
Registering Scans:Done
update frame 1816
update ld=1.93856e-07 ad=1.93813e-09
Laser Pose= 0.207918 -3.24547e-05 -5.60222e-05
m_count 227
Average Scan Matching Score=55.8222
neff= 49.9996
Registering Scans:Done
update frame 1824
update ld=1.94218e-07 ad=2.01267e-09
Laser Pose= 0.207918 -3.24549e-05 -5.60243e-05
m_count 228
Average Scan Matching Score=55.8204
neff= 49.9996
Registering Scans:Done
update frame 1832
update ld=1.94218e-07 ad=2.01266e-09
Laser Pose= 0.207917 -3.24551e-05 -5.60263e-05
m_count 229
Average Scan Matching Score=55.8341
neff= 49.9996
Registering Scans:Done
update frame 1840
update ld=1.94218e-07 ad=2.01267e-09
Laser Pose= 0.207917 -3.24554e-05 -5.60283e-05
m_count 230
Average Scan Matching Score=55.8341
neff= 49.9996
Registering Scans:Done
update frame 1848
update ld=1.94218e-07 ad=2.01266e-09
Laser Pose= 0.207917 -3.24556e-05 -5.60303e-05
m_count 231
Average Scan Matching Score=55.823
neff= 49.9996
Registering Scans:Done
update frame 1856
update ld=1.94218e-07 ad=1.93812e-09
Laser Pose= 0.207917 -3.24558e-05 -5.60322e-05
m_count 232
Average Scan Matching Score=55.8562
neff= 49.9996
Registering Scans:Done
update frame 1864
update ld=1.94218e-07 ad=2.01265e-09
Laser Pose= 0.207917 -3.24561e-05 -5.60343e-05
m_count 233
Average Scan Matching Score=55.8362
neff= 49.9996
Registering Scans:Done
update frame 1872
update ld=1.94218e-07 ad=2.01265e-09
Laser Pose= 0.207916 -3.24563e-05 -5.60363e-05
m_count 234
Average Scan Matching Score=55.8475
neff= 49.9996
Registering Scans:Done
update frame 1880
update ld=1.94581e-07 ad=2.01266e-09
Laser Pose= 0.207916 -3.24566e-05 -5.60383e-05
m_count 235
Average Scan Matching Score=55.8191
neff= 49.9996
Registering Scans:Done
update frame 1888
update ld=1.93856e-07 ad=2.01264e-09
Laser Pose= 0.207916 -3.24568e-05 -5.60403e-05
m_count 236
Average Scan Matching Score=55.8237
neff= 49.9996
Registering Scans:Done
update frame 1896
update ld=1.94218e-07 ad=1.93809e-09
Laser Pose= 0.207916 -3.2457e-05 -5.60422e-05
m_count 237
Average Scan Matching Score=55.8423
neff= 49.9996
Registering Scans:Done
update frame 1904
update ld=1.94218e-07 ad=2.01265e-09
Laser Pose= 0.207916 -3.24573e-05 -5.60442e-05
m_count 238
Average Scan Matching Score=55.8313
neff= 49.9996
Registering Scans:Done
update frame 1912
update ld=1.82261e-07 ad=1.86356e-09
Laser Pose= 0.207915 -3.24575e-05 -5.60461e-05
m_count 239
Average Scan Matching Score=55.8112
neff= 49.9995
Registering Scans:Done
update frame 1920
update ld=1.94218e-07 ad=2.01263e-09
Laser Pose= 0.207915 -3.24577e-05 -5.60481e-05
m_count 240
Average Scan Matching Score=55.8174
neff= 49.9995
Registering Scans:Done
update frame 1928
update ld=1.94218e-07 ad=2.01263e-09
Laser Pose= 0.207915 -3.2458e-05 -5.60501e-05
m_count 241
Average Scan Matching Score=55.841
neff= 49.9995
Registering Scans:Done
update frame 1936
update ld=1.94218e-07 ad=2.01265e-09
Laser Pose= 0.207915 -3.24582e-05 -5.60521e-05
m_count 242
Average Scan Matching Score=55.83
neff= 49.9995
Registering Scans:Done
update frame 1944
update ld=1.94218e-07 ad=2.01263e-09
Laser Pose= 0.207915 -3.24585e-05 -5.60542e-05
m_count 243
Average Scan Matching Score=55.8216
neff= 49.9995
Registering Scans:Done
update frame 1952
update ld=1.94218e-07 ad=1.93808e-09
Laser Pose= 0.207914 -3.24587e-05 -5.60561e-05
m_count 244
Average Scan Matching Score=55.827
neff= 49.9995
Registering Scans:Done
update frame 1960
update ld=1.94218e-07 ad=2.01263e-09
Laser Pose= 0.207914 -3.24589e-05 -5.60581e-05
m_count 245
Average Scan Matching Score=55.8336
neff= 49.9995
Registering Scans:Done
[WARN] [1773719225.829608172, 131.571000000]: Shutdown request received.
[WARN] [1773719225.829672200, 131.571000000]: Reason given for shutdown: [user request]
[WARN] [1773719226.062617249, 131.572000000]: Shutdown request received.
[WARN] [1773719226.062763477, 131.572000000]: Reason given for shutdown: [user request]
[WARN] [1773719226.182103213, 131.572000000]: Shutdown request received.
[WARN] [1773719226.183376565, 131.572000000]: Reason given for shutdown: [user request]
[WARN] [1773719226.184440352, 131.572000000]: Shutdown request received.
[WARN] [1773719226.184489153, 131.572000000]: Reason given for shutdown: [user request]
[WARN] [1773719226.321582086, 131.572000000]: Shutdown request received.
[WARN] [1773719226.321685702, 131.572000000]: Reason given for shutdown: [user request]
[WARN] [1773719226.322411949, 131.572000000]: Shutdown request received.
[WARN] [1773719226.322461927, 131.572000000]: Reason given for shutdown: [user request]
[WARN] [1773719090.199608, 0.073000]: get_model_state failed: model=[target] reference_frame=[p3at::base_footprint] msg=[GetModelState: model does not exist]
[INFO] [1773719090.185533, 0.000000]: GazeboTargetPublisher ready, model=target, reference_frame=p3at::base_footprint, out_frame=base_footprint
shutdown request: user request
[WARN] [1773719090.226655, 0.101000]: Could not get model state, using first waypoint
[INFO] [1773719087.805280, 0.000000]: Using 6 waypoints from parameter
[INFO] [1773719087.806651, 0.000000]: move_target: model='target', speed=0.10 m/s, pause=3.0 s, loop=True
[INFO] [1773719087.807971, 0.000000]: Waiting for Gazebo services...
[INFO] [1773719090.223692, 0.098000]: Gazebo services ready.
[INFO] [1773719090.227665, 0.102000]: Already at WP0, skipping to next
[INFO] [1773719090.229279, 0.104000]: Moving target to WP1 (2.4, 1.2), dist=1.20 m
[INFO] [1773719106.348991, 12.366000]: Reached WP1 (2.40, 1.20), pausing 3.0 s
[INFO] [1773719109.355174, 15.367000]: Moving target to WP2 (0.8, 1.2), dist=1.60 m
[INFO] [1773719125.380697, 31.351000]: Reached WP2 (0.80, 1.20), pausing 3.0 s
[INFO] [1773719128.386712, 34.352000]: Moving target to WP3 (0.8, -1.2), dist=2.40 m
[INFO] [1773719152.448405, 58.356000]: Reached WP3 (0.80, -1.20), pausing 3.0 s
[INFO] [1773719155.455047, 61.357000]: Moving target to WP4 (2.4, -1.2), dist=1.60 m
[INFO] [1773719171.472401, 77.340000]: Reached WP4 (2.40, -1.20), pausing 3.0 s
[INFO] [1773719174.477882, 80.341000]: Moving target to WP5 (2.4, 0.0), dist=1.20 m
[INFO] [1773719186.510130, 92.344000]: Reached WP5 (2.40, 0.00), pausing 3.0 s
[INFO] [1773719189.515043, 95.345000]: Completed waypoint loop, restarting...
[INFO] [1773719189.516264, 95.346000]: Moving target to WP1 (2.4, 1.2), dist=1.20 m
[INFO] [1773719201.523808, 107.329000]: Reached WP1 (2.40, 1.20), pausing 3.0 s
[INFO] [1773719204.529084, 110.330000]: Moving target to WP2 (0.8, 1.2), dist=1.60 m
[INFO] [1773719220.545489, 126.313000]: Reached WP2 (0.80, 1.20), pausing 3.0 s
[INFO] [1773719223.550220, 129.314000]: Moving target to WP3 (0.8, -1.2), dist=2.40 m
shutdown request: user request
[INFO] [1773719094.654026772, 0.734000000]: global_costmap: Using plugin "static_layer"
[INFO] [1773719094.665357696, 0.734000000]: Requesting the map...
[INFO] [1773719094.870819295, 0.943000000]: Resizing costmap to 576 X 576 at 0.050000 m/pix
[INFO] [1773719094.968901079, 1.042000000]: Received a 576 X 576 map at 0.050000 m/pix
[INFO] [1773719094.968944436, 1.042000000]: Subscribing to updates
[INFO] [1773719094.981375798, 1.054000000]: global_costmap: Using plugin "obstacle_layer"
[INFO] [1773719094.992375434, 1.065000000]:     Subscribed to Topics: unitree_scan_sensor
[INFO] [1773719095.016996299, 1.089000000]: global_costmap: Using plugin "inflation_layer"
[INFO] [1773719095.078511864, 1.152000000]: local_costmap: Using plugin "obstacle_layer"
[INFO] [1773719095.082663068, 1.156000000]:     Subscribed to Topics: unitree_scan_sensor rplidar_scan_sensor
[INFO] [1773719095.109254886, 1.183000000]: local_costmap: Using plugin "inflation_layer"
[INFO] [1773719095.144522704, 1.219000000]: Created local_planner dwa_local_planner/DWAPlannerROS
[INFO] [1773719095.147793102, 1.222000000]: Sim period is set to 0.10
[INFO] [1773719095.641286827, 1.715000000]: Recovery behavior will clear layer 'obstacles'
[INFO] [1773719095.646134433, 1.720000000]: Recovery behavior will clear layer 'obstacles'
[INFO] [1773719095.679079452, 1.753000000]: odom received!
[INFO] [1773719087.835118, 0.000000]: [ScanBodyFilter] body box x=[-0.35, 0.35] y=[-0.30, 0.30]  lidar@(-0.232, 0.000)
shutdown request: user request
Traceback (most recent call last):
  File "/home/yuchen/work/ELEC70015_Human-Centered-Robotics-2026_Imperial/catkin_ws/src/target_follower/scripts/move_target.py", line 165, in <module>
    main()
  File "/home/yuchen/work/ELEC70015_Human-Centered-Robotics-2026_Imperial/catkin_ws/src/target_follower/scripts/move_target.py", line 145, in main
    rate.sleep()
  File "/opt/ros/noetic/lib/python3/dist-packages/rospy/timer.py", line 103, in sleep
    sleep(self._remaining(curr_time))
  File "/opt/ros/noetic/lib/python3/dist-packages/rospy/timer.py", line 165, in sleep
    raise rospy.exceptions.ROSInterruptException("ROS shutdown request")
rospy.exceptions.ROSInterruptException: ROS shutdown request
Traceback (most recent call last):
  File "/home/yuchen/work/ELEC70015_Human-Centered-Robotics-2026_Imperial/catkin_ws/src/target_follower/scripts/gazebo_target_publisher.py", line 83, in <module>
    main()
  File "/home/yuchen/work/ELEC70015_Human-Centered-Robotics-2026_Imperial/catkin_ws/src/target_follower/scripts/gazebo_target_publisher.py", line 79, in main
    r.sleep()
  File "/opt/ros/noetic/lib/python3/dist-packages/rospy/timer.py", line 103, in sleep
    sleep(self._remaining(curr_time))
  File "/opt/ros/noetic/lib/python3/dist-packages/rospy/timer.py", line 165, in sleep
    raise rospy.exceptions.ROSInterruptException("ROS shutdown request")
rospy.exceptions.ROSInterruptException: ROS shutdown request
virtual GMapping::GridSlamProcessor::~GridSlamProcessor(): Start
virtual GMapping::GridSlamProcessor::~GridSlamProcessor(): Deleting tree
[INFO] [1773719088.219650603]: Finished loading Gazebo ROS API Plugin.
[INFO] [1773719088.221705474]: waitForService: Service [/gazebo/set_physics_properties] has not been advertised, waiting...
[INFO] [1773719090.076604509]: waitForService: Service [/gazebo/set_physics_properties] is now available.
[INFO] [1773719090.206796441, 0.082000000]: Physics dynamic reconfigure ready.
[INFO] [1773719091.094857136, 0.506000000]: Laser Plugin: Using the 'robotNamespace' param: '/'
[INFO] [1773719091.094997364, 0.506000000]: Starting Laser Plugin (ns = /)
[INFO] [1773719091.096509596, 0.506000000]: Laser Plugin (ns = /)  <tf_prefix_>, set to ""
[INFO] [1773719091.242944619, 0.506000000]: Laser Plugin: Using the 'robotNamespace' param: '/'
[INFO] [1773719091.242993950, 0.506000000]: Starting Laser Plugin (ns = /)
[INFO] [1773719091.244085822, 0.506000000]: Laser Plugin (ns = /)  <tf_prefix_>, set to ""
[INFO] [1773719094.400885523, 0.506000000]: Block laser plugin missing <gaussianNoise>, defaults to 0.0
[INFO] [1773719094.400947409, 0.506000000]: Block laser plugin missing <hokuyoMinIntensity>, defaults to 101
[INFO] [1773719094.410126679, 0.506000000]: <initialOrientationAsReference> is unset, using default value of false to comply with REP 145 (world as orientation reference)
[INFO] [1773719094.410228513, 0.506000000]: <robotNamespace> set to: //
[INFO] [1773719094.410257522, 0.506000000]: <topicName> set to: unitree/imu
[INFO] [1773719094.410282652, 0.506000000]: <frameName> set to: unitree_imu
[INFO] [1773719094.410309345, 0.506000000]: <updateRateHZ> set to: 200
[INFO] [1773719094.410332142, 0.506000000]: <gaussianNoise> set to: 0
[INFO] [1773719094.410502583, 0.506000000]: <xyzOffset> set to: 0 0 0
[INFO] [1773719094.410558293, 0.506000000]: <rpyOffset> set to: 0 -0 0
[INFO] [1773719094.420272785, 0.506000000]: Starting GazeboRosSkidSteerDrive Plugin (ns = //)
[WARN] [1773719141.018740, 46.955000]: [TargetFollower] No /trash_action received after 45.0 s — returning to IDLE
[WARN] [1773719202.751654, 108.555000]: [TargetFollower] No /trash_action received after 45.0 s — returning to IDLE
[INFO] [1773719088.001883, 0.000000]: Waiting for move_base action server...
[INFO] [1773719095.775659, 1.848000]: Connected to move_base.
[INFO] [1773719095.795646, 1.865000]: standoff_distance = 0.80 m
[INFO] [1773719095.797802, 1.869000]: close_approach_threshold = 0.95 m
[INFO] [1773719095.800528, 1.873000]: close_approach_speed = 0.08 m/s
[INFO] [1773719095.802062, 1.875000]: close_approach_steer_gain = 0.40
[INFO] [1773719095.804229, 1.877000]: close_approach_max_depth_jump = 0.50 m
[INFO] [1773719095.806800, 1.879000]: face_target = True
[INFO] [1773719095.808115, 1.881000]: trash_action_topic = /trash_action
[INFO] [1773719095.809281, 1.882000]: action_wait_timeout = 45.0 s
[INFO] [1773719095.810582, 1.883000]: post_accept_cooldown = 15.0 s
[INFO] [1773719095.811914, 1.885000]: retreat_distance = 1.50 m
[INFO] [1773719095.813686, 1.886000]: retreat_turn_angle = 100.0 deg
[INFO] [1773719095.816382, 1.889000]: enable_auto_explore = False
[INFO] [1773719095.817772, 1.890000]: explore_target_confirm = 0.8 s
[INFO] [1773719095.819614, 1.892000]: explore_target_max_gap = 1.0 s
[INFO] [1773719095.821474, 1.893000]: explore_stuck_timeout = 8.0 s
[INFO] [1773719095.823800, 1.897000]: explore_min_progress = 0.20 m
[INFO] [1773719095.825141, 1.898000]: explore_zero_cmd_vel_timeout = 2.0 s
[INFO] [1773719095.826293, 1.899000]: explore_revisit_window = 120.0 s
[INFO] [1773719095.827916, 1.901000]: explore_revisit_radius = 1.50 m
[INFO] [1773719095.829688, 1.901000]: Result topic: /target_follower/result (std_msgs/Bool)
[INFO] [1773719095.831253, 1.904000]: Status topic: /target_follower/status (std_msgs/String)
[INFO] [1773719095.833409, 1.906000]: [TargetFollower] d_base=2.405  d_cam_z=-0.851  d_cam_xy=2.198  standoff=0.80
[INFO] [1773719095.835188, 1.908000]: [TargetFollower] Within standoff (d_cam_z=-0.851 <= 0.80) — REACHED
[INFO] [1773719095.836855, 1.909000]: [TargetFollower] IDLE -> REACHED
[INFO] [1773719095.838376, 1.911000]: [TargetFollower] Published result: REACHED (True)
[INFO] [1773719095.840758, 1.913000]: [TargetFollower] Dialogue point recorded at (-0.00, 0.01), reason=reached
[INFO] [1773719095.842431, 1.915000]: [TargetFollower] REACHED -> WAITING_ACTION
[INFO] [1773719095.846418, 1.919000]: [TargetFollower] Waiting for /trash_action (timeout=45.0s)
[INFO] [1773719141.020326, 46.956000]: [TargetFollower] Published result: FAILED/LOST (False)
[INFO] [1773719141.021821, 46.958000]: [TargetFollower] WAITING_ACTION -> IDLE
[INFO] [1773719141.071175, 47.007000]: [TargetFollower] Ignoring target near recent dialogue area (0.82, -0.08)
[INFO] [1773719143.077913, 49.008000]: [TargetFollower] Ignoring target near recent dialogue area (0.82, -0.28)
[INFO] [1773719145.129354, 51.055000]: [TargetFollower] Ignoring target near recent dialogue area (0.82, -0.48)
[INFO] [1773719147.183432, 53.105000]: [TargetFollower] Ignoring target near recent dialogue area (0.82, -0.69)
[INFO] [1773719149.238269, 55.155000]: [TargetFollower] Ignoring target near recent dialogue area (0.83, -0.89)
[INFO] [1773719151.294716, 57.205000]: [TargetFollower] Ignoring target near recent dialogue area (0.83, -1.10)
[INFO] [1773719153.349026, 59.255000]: [TargetFollower] Ignoring target near recent dialogue area (0.83, -1.21)
[INFO] [1773719155.402663, 61.305000]: [TargetFollower] Ignoring target near recent dialogue area (0.83, -1.21)
[INFO] [1773719157.457185, 63.355000]: [TargetFollower] Ignoring target near recent dialogue area (1.02, -1.21)
[INFO] [1773719157.607249, 63.505000]: [TargetFollower] d_base=1.572  d_cam_z=-0.852  d_cam_xy=1.447  standoff=0.80
[INFO] [1773719157.608495, 63.506000]: [TargetFollower] Within standoff (d_cam_z=-0.852 <= 0.80) — REACHED
[INFO] [1773719157.609525, 63.506000]: [TargetFollower] IDLE -> REACHED
[INFO] [1773719157.610517, 63.508000]: [TargetFollower] Published result: REACHED (True)
[INFO] [1773719157.611660, 63.509000]: [TargetFollower] Dialogue point recorded at (0.02, -0.02), reason=reached
[INFO] [1773719157.612865, 63.510000]: [TargetFollower] REACHED -> WAITING_ACTION
[INFO] [1773719157.613756, 63.511000]: [TargetFollower] Waiting for /trash_action (timeout=45.0s)
[INFO] [1773719202.753620, 108.556000]: [TargetFollower] Published result: FAILED/LOST (False)
[INFO] [1773719202.754935, 108.558000]: [TargetFollower] WAITING_ACTION -> IDLE
[INFO] [1773719202.804434, 108.607000]: [TargetFollower] d_base=2.683  d_cam_z=-9.023  d_cam_xy=2.499  standoff=0.80
[INFO] [1773719202.805220, 108.608000]: [TargetFollower] Within standoff (d_cam_z=-9.023 <= 0.80) — REACHED
[INFO] [1773719202.806332, 108.609000]: [TargetFollower] IDLE -> REACHED
[INFO] [1773719202.807441, 108.610000]: [TargetFollower] Published result: REACHED (True)
[INFO] [1773719202.808653, 108.611000]: [TargetFollower] Dialogue point recorded at (0.02, -0.02), reason=reached
[INFO] [1773719202.809473, 108.612000]: [TargetFollower] REACHED -> WAITING_ACTION
[INFO] [1773719202.810229, 108.613000]: [TargetFollower] Waiting for /trash_action (timeout=45.0s)
shutdown request: user request
Traceback (most recent call last):
  File "/home/yuchen/work/ELEC70015_Human-Centered-Robotics-2026_Imperial/catkin_ws/src/target_follower/scripts/target_follower.py", line 1388, in <module>
    node.spin()
  File "/home/yuchen/work/ELEC70015_Human-Centered-Robotics-2026_Imperial/catkin_ws/src/target_follower/scripts/target_follower.py", line 1382, in spin
    r.sleep()
  File "/opt/ros/noetic/lib/python3/dist-packages/rospy/timer.py", line 103, in sleep
    sleep(self._remaining(curr_time))
  File "/opt/ros/noetic/lib/python3/dist-packages/rospy/timer.py", line 165, in sleep
    raise rospy.exceptions.ROSInterruptException("ROS shutdown request")
rospy.exceptions.ROSInterruptException: ROS shutdown request
[31m[rviz-13] escalating to SIGTERM[0m

auto-starting new master
[1mprocess[master]: started with pid [16384][0m
[1mROS_MASTER_URI=http://localhost:11311[0m
]2;/home/yuchen/work/ELEC70015_Human-Centered-Robotics-2026_Imperial/catkin_ws/src/p3at_lms_navigation/launch/mapping_unitree.launch http://localhost:11311
[1msetting /run_id to a437a930-21b3-11f1-adf4-00155d28b090[0m
[1mprocess[rosout-1]: started with pid [16413][0m
started core service [/rosout]
[1mprocess[gazebo-2]: started with pid [16420][0m
[1mprocess[robot_state_publisher-3]: started with pid [16426][0m
[1mprocess[joint_state_publisher-4]: started with pid [16427][0m
[1mprocess[spawn_p3at-5]: started with pid [16428][0m
[1mprocess[spawn_target-6]: started with pid [16429][0m
[1mprocess[slam_gmapping-7]: started with pid [16434][0m
[1mprocess[move_base-8]: started with pid [16436][0m
[1mprocess[rplidar_scan_body_filter-9]: started with pid [16437][0m
[1mprocess[gazebo_target_publisher-10]: started with pid [16444][0m
[1mprocess[move_target-11]: started with pid [16449][0m
[1mprocess[target_follower-12]: started with pid [16451][0m
[1mprocess[rviz-13]: started with pid [16454][0m
[1m[spawn_target-6] process has finished cleanly
log file: /home/yuchen/.ros/log/a437a930-21b3-11f1-adf4-00155d28b090/spawn_target-6*.log[0m
[1m[spawn_p3at-5] process has finished cleanly
log file: /home/yuchen/.ros/log/a437a930-21b3-11f1-adf4-00155d28b090/spawn_p3at-5*.log[0m
[1m[rosout-1] process has finished cleanly
log file: /home/yuchen/.ros/log/a437a930-21b3-11f1-adf4-00155d28b090/rosout-1*.log[0m
[1m[robot_state_publisher-3] process has finished cleanly
log file: /home/yuchen/.ros/log/a437a930-21b3-11f1-adf4-00155d28b090/robot_state_publisher-3*.log[0m
[rosout-1] restarting process
[1mprocess[rosout-1]: started with pid [24526][0m
[1m[joint_state_publisher-4] process has finished cleanly
log file: /home/yuchen/.ros/log/a437a930-21b3-11f1-adf4-00155d28b090/joint_state_publisher-4*.log[0m
[1m[move_base-8] process has finished cleanly
log file: /home/yuchen/.ros/log/a437a930-21b3-11f1-adf4-00155d28b090/move_base-8*.log[0m
[rviz-13] killing on exit
[target_follower-12] killing on exit
[move_target-11] killing on exit
[gazebo_target_publisher-10] killing on exit
[rplidar_scan_body_filter-9] killing on exit
[slam_gmapping-7] killing on exit
[gazebo-2] killing on exit
[rosout-1] killing on exit
[master] killing on exit
shutting down processing monitor...
... shutting down processing monitor complete
[1mdone[0m
