... logging to /home/yuchen/.ros/log/c31ebee0-21ab-11f1-a4ac-00155d28b090/roslaunch-LYCMIA03DELL-32560.log
Checking log directory for disk usage. This may take a while.
Press Ctrl-C to interrupt
Done checking log file disk usage. Usage is <1GB.
]2;/home/yuchen/work/ELEC70015_Human-Centered-Robotics-2026_Imperial/catkin_ws/src/p3at_lms_navigation/launch/auto_mapping_unitree.launch
[1mstarted roslaunch server http://LYCMIA03DELL:33019/[0m

SUMMARY
========

PARAMETERS
 * /autonomous_explorer/exploration_timeout: 900
 * /autonomous_explorer/frontier_blacklist_radius: 0.2
 * /autonomous_explorer/goal_timeout: 22.0
 * /autonomous_explorer/initial_wait: 12.0
 * /autonomous_explorer/map_save_path: /home/yuchen/work...
 * /autonomous_explorer/min_frontier_size: 3
 * /autonomous_explorer/robot_radius: 0.25
 * /autonomous_explorer/save_map: True
 * /autonomous_explorer/spin_in_place_first: True
 * /autonomous_explorer/stuck_min_progress: 0.12
 * /autonomous_explorer/stuck_progress_timeout: 7.0
 * /gazebo/enable_ros_network: True
 * /move_base/DWAPlannerROS/acc_lim_theta: 0.75
 * /move_base/DWAPlannerROS/acc_lim_x: 0.35
 * /move_base/DWAPlannerROS/acc_lim_y: 0.0
 * /move_base/DWAPlannerROS/forward_point_distance: 0.25
 * /move_base/DWAPlannerROS/goal_distance_bias: 24.0
 * /move_base/DWAPlannerROS/latch_xy_goal_tolerance: True
 * /move_base/DWAPlannerROS/max_vel_theta: 0.45
 * /move_base/DWAPlannerROS/max_vel_trans: 0.26
 * /move_base/DWAPlannerROS/max_vel_x: 0.26
 * /move_base/DWAPlannerROS/max_vel_y: 0.0
 * /move_base/DWAPlannerROS/min_vel_theta: 0.0
 * /move_base/DWAPlannerROS/min_vel_trans: 0.02
 * /move_base/DWAPlannerROS/min_vel_x: -0.1
 * /move_base/DWAPlannerROS/min_vel_y: 0.0
 * /move_base/DWAPlannerROS/occdist_scale: 0.08
 * /move_base/DWAPlannerROS/oscillation_reset_dist: 0.1
 * /move_base/DWAPlannerROS/path_distance_bias: 32.0
 * /move_base/DWAPlannerROS/sim_granularity: 0.025
 * /move_base/DWAPlannerROS/sim_time: 3.0
 * /move_base/DWAPlannerROS/stop_time_buffer: 0.4
 * /move_base/DWAPlannerROS/vtheta_samples: 40
 * /move_base/DWAPlannerROS/vx_samples: 20
 * /move_base/DWAPlannerROS/vy_samples: 1
 * /move_base/DWAPlannerROS/xy_goal_tolerance: 0.15
 * /move_base/DWAPlannerROS/yaw_goal_tolerance: 0.3
 * /move_base/NavfnROS/allow_unknown: True
 * /move_base/NavfnROS/default_tolerance: 0.15
 * /move_base/NavfnROS/visualize_potential: False
 * /move_base/base_global_planner: navfn/NavfnROS
 * /move_base/base_local_planner: dwa_local_planner...
 * /move_base/clearing_rotation_allowed: True
 * /move_base/controller_frequency: 10.0
 * /move_base/controller_patience: 20.0
 * /move_base/global_costmap/cost_scaling_factor: 5.0
 * /move_base/global_costmap/footprint: [[0.32, 0.27], [0...
 * /move_base/global_costmap/footprint_padding: 0.05
 * /move_base/global_costmap/global_frame: map
 * /move_base/global_costmap/inflation_layer/cost_scaling_factor: 5.0
 * /move_base/global_costmap/inflation_layer/inflation_radius: 0.3
 * /move_base/global_costmap/inflation_radius: 0.3
 * /move_base/global_costmap/obstacle_layer/observation_sources: unitree_scan_sensor
 * /move_base/global_costmap/obstacle_layer/unitree_scan_sensor/clearing: True
 * /move_base/global_costmap/obstacle_layer/unitree_scan_sensor/data_type: LaserScan
 * /move_base/global_costmap/obstacle_layer/unitree_scan_sensor/inf_is_valid: True
 * /move_base/global_costmap/obstacle_layer/unitree_scan_sensor/marking: True
 * /move_base/global_costmap/obstacle_layer/unitree_scan_sensor/obstacle_range: 6.0
 * /move_base/global_costmap/obstacle_layer/unitree_scan_sensor/raytrace_range: 8.0
 * /move_base/global_costmap/obstacle_layer/unitree_scan_sensor/sensor_frame: unitree_lidar
 * /move_base/global_costmap/obstacle_layer/unitree_scan_sensor/topic: unitree/scan
 * /move_base/global_costmap/obstacle_range: 6.0
 * /move_base/global_costmap/plugins: [{'name': 'static...
 * /move_base/global_costmap/publish_frequency: 1.0
 * /move_base/global_costmap/raytrace_range: 8.0
 * /move_base/global_costmap/robot_base_frame: base_link
 * /move_base/global_costmap/static_layer/map_topic: /map
 * /move_base/global_costmap/static_layer/subscribe_to_updates: True
 * /move_base/global_costmap/static_layer/track_unknown_space: False
 * /move_base/global_costmap/static_map: True
 * /move_base/global_costmap/transform_tolerance: 0.5
 * /move_base/global_costmap/update_frequency: 2.0
 * /move_base/local_costmap/cost_scaling_factor: 5.0
 * /move_base/local_costmap/footprint: [[0.32, 0.27], [0...
 * /move_base/local_costmap/footprint_padding: 0.05
 * /move_base/local_costmap/global_frame: odom
 * /move_base/local_costmap/height: 10.0
 * /move_base/local_costmap/inflation_layer/cost_scaling_factor: 5.0
 * /move_base/local_costmap/inflation_layer/inflation_radius: 0.3
 * /move_base/local_costmap/inflation_radius: 0.3
 * /move_base/local_costmap/obstacle_layer/observation_sources: unitree_scan_sens...
 * /move_base/local_costmap/obstacle_layer/rplidar_scan_sensor/clearing: False
 * /move_base/local_costmap/obstacle_layer/rplidar_scan_sensor/data_type: LaserScan
 * /move_base/local_costmap/obstacle_layer/rplidar_scan_sensor/inf_is_valid: True
 * /move_base/local_costmap/obstacle_layer/rplidar_scan_sensor/marking: True
 * /move_base/local_costmap/obstacle_layer/rplidar_scan_sensor/obstacle_range: 2.5
 * /move_base/local_costmap/obstacle_layer/rplidar_scan_sensor/raytrace_range: 3.0
 * /move_base/local_costmap/obstacle_layer/rplidar_scan_sensor/sensor_frame: laser
 * /move_base/local_costmap/obstacle_layer/rplidar_scan_sensor/topic: rplidar/scan_filt...
 * /move_base/local_costmap/obstacle_layer/unitree_scan_sensor/clearing: True
 * /move_base/local_costmap/obstacle_layer/unitree_scan_sensor/data_type: LaserScan
 * /move_base/local_costmap/obstacle_layer/unitree_scan_sensor/inf_is_valid: True
 * /move_base/local_costmap/obstacle_layer/unitree_scan_sensor/marking: True
 * /move_base/local_costmap/obstacle_layer/unitree_scan_sensor/obstacle_range: 6.0
 * /move_base/local_costmap/obstacle_layer/unitree_scan_sensor/raytrace_range: 8.0
 * /move_base/local_costmap/obstacle_layer/unitree_scan_sensor/sensor_frame: unitree_lidar
 * /move_base/local_costmap/obstacle_layer/unitree_scan_sensor/topic: unitree/scan
 * /move_base/local_costmap/obstacle_range: 6.0
 * /move_base/local_costmap/plugins: [{'name': 'obstac...
 * /move_base/local_costmap/publish_frequency: 5.0
 * /move_base/local_costmap/raytrace_range: 8.0
 * /move_base/local_costmap/resolution: 0.05
 * /move_base/local_costmap/robot_base_frame: base_link
 * /move_base/local_costmap/rolling_window: True
 * /move_base/local_costmap/static_map: False
 * /move_base/local_costmap/transform_tolerance: 0.5
 * /move_base/local_costmap/update_frequency: 10.0
 * /move_base/local_costmap/width: 10.0
 * /move_base/max_planning_retries: 5
 * /move_base/planner_frequency: 1.0
 * /move_base/planner_patience: 15.0
 * /move_base/recovery_behavior_enabled: True
 * /move_base/shutdown_costmaps: False
 * /robot_description: <?xml version="1....
 * /rosdistro: noetic
 * /rosversion: 1.17.4
 * /rplidar_scan_body_filter/body_x_max: 0.35
 * /rplidar_scan_body_filter/body_x_min: -0.35
 * /rplidar_scan_body_filter/body_y_max: 0.3
 * /rplidar_scan_body_filter/body_y_min: -0.3
 * /rplidar_scan_body_filter/lidar_x: -0.232
 * /rplidar_scan_body_filter/lidar_y: 0.0
 * /slam_gmapping/angularUpdate: 0.15
 * /slam_gmapping/astep: 0.05
 * /slam_gmapping/base_frame: base_link
 * /slam_gmapping/delta: 0.05
 * /slam_gmapping/iterations: 5
 * /slam_gmapping/kernelSize: 1
 * /slam_gmapping/linearUpdate: 0.15
 * /slam_gmapping/lsigma: 0.075
 * /slam_gmapping/lskip: 0
 * /slam_gmapping/lstep: 0.05
 * /slam_gmapping/map_frame: map
 * /slam_gmapping/map_update_interval: 2.0
 * /slam_gmapping/maxRange: 30.0
 * /slam_gmapping/maxUrange: 12.0
 * /slam_gmapping/minimumScore: 50
 * /slam_gmapping/odom_frame: odom
 * /slam_gmapping/ogain: 3.0
 * /slam_gmapping/particles: 50
 * /slam_gmapping/resampleThreshold: 0.5
 * /slam_gmapping/sigma: 0.05
 * /slam_gmapping/srr: 0.1
 * /slam_gmapping/srt: 0.2
 * /slam_gmapping/str: 0.1
 * /slam_gmapping/stt: 0.2
 * /slam_gmapping/temporalUpdate: 0.5
 * /slam_gmapping/xmax: 15.0
 * /slam_gmapping/xmin: -15.0
 * /slam_gmapping/ymax: 15.0
 * /slam_gmapping/ymin: -15.0
 * /use_sim_time: True

NODES
  /
    autonomous_explorer (p3at_lms_navigation/autonomous_explorer.py)
    gazebo (gazebo_ros/gzserver)
    joint_state_publisher (joint_state_publisher/joint_state_publisher)
    move_base (move_base/move_base)
    robot_state_publisher (robot_state_publisher/robot_state_publisher)
    rplidar_scan_body_filter (target_follower/scan_body_filter.py)
    rviz (rviz/rviz)
    slam_gmapping (gmapping/slam_gmapping)
    spawn_p3at (gazebo_ros/spawn_model)
    spawn_target (gazebo_ros/spawn_model)
Warning: TF_REPEATED_DATA ignoring data with redundant timestamp for frame odom (parent map) at time 0.309000 according to authority unknown_publisher
         at line 277 in /tmp/binarydeb/ros-noetic-tf2-0.7.10/src/buffer_core.cpp
Warning: TF_REPEATED_DATA ignoring data with redundant timestamp for frame odom (parent map) at time 0.309000 according to authority unknown_publisher
         at line 277 in [WARN] [1773715705.406349468, 0.259000000]: TF_REPEATED_DATA ignoring data with redundant timestamp for frame odom (parent map) at time 0.309000 according to authority unknown_publisher
/tmp/binarydeb/ros-noetic-tf2-0.7.10/src/buffer_core.cpp
[WARN] [1773715707.860233568, 0.551000000]: GazeboRosSkidSteerDrive Plugin (ns = //) missing <covariance_x>, defaults to 0.000100
[WARN] [1773715707.860297654, 0.551000000]: GazeboRosSkidSteerDrive Plugin (ns = //) missing <covariance_y>, defaults to 0.000100
[WARN] [1773715707.860308171, 0.551000000]: GazeboRosSkidSteerDrive Plugin (ns = //) missing <covariance_yaw>, defaults to 0.010000
[ERROR] [1773715708.072543369, 0.760000000]: Client [/rviz] wants topic /unitree/cloud to have datatype/md5sum [sensor_msgs/PointCloud2/1158d486dd51d683ce2f1be655c3c181], but our version has [sensor_msgs/PointCloud/d8e9c3f5afbdd8a130fd1d2763945fca]. Dropping connection.
[WARN] [1773715708.086804938, 0.774000000]: global_costmap: Pre-Hydro parameter "static_map" unused since "plugins" is provided
[INFO] [1773715708.152332851, 0.839000000]: Laser is mounted upwards.
 -maxUrange 12 -maxUrange 30 -sigma     0.05 -kernelSize 1 -lstep 0.05 -lobsGain 3 -astep 0.05
 -srr 0.1 -srt 0.2 -str 0.1 -stt 0.2
 -linearUpdate 0.15 -angularUpdate 0.15 -resampleThreshold 0.5
 -xmin -15 -xmax 15 -ymin -15 -ymax 15 -delta 0.05 -particles 50
[INFO] [1773715708.154513109, 0.841000000]: Initialization complete
update frame 0
update ld=0 ad=0
Laser Pose= 0.18303 -1.27522e-05 -6.301e-05
m_count 0
Registering First Scan
[WARN] [1773715708.463925660, 1.149000000]: local_costmap: Pre-Hydro parameter "static_map" unused since "plugins" is provided
update frame 8
update ld=0.0310665 ad=4.09907e-05
Laser Pose= 0.207962 -3.24007e-05 -5.55713e-05
m_count 1
Average Scan Matching Score=687.42
neff= 49.9613
Registering Scans:Done
update frame 16
update ld=3.18049e-07 ad=3.32479e-09
Laser Pose= 0.207961 -3.24012e-05 -5.55746e-05
m_count 2
Average Scan Matching Score=717.227
neff= 49.9612
Registering Scans:Done
update frame 24
update ld=1.94185e-07 ad=1.94707e-09
Laser Pose= 0.207961 -3.24014e-05 -5.55766e-05
m_count 3
Average Scan Matching Score=717.615
neff= 49.9609
Registering Scans:Done
update frame 32
update ld=1.94548e-07 ad=2.02177e-09
Laser Pose= 0.207961 -3.24017e-05 -5.55786e-05
m_count 4
Average Scan Matching Score=717.774
neff= 49.9604
Registering Scans:Done
update frame 40
update ld=1.94186e-07 ad=2.02157e-09
Laser Pose= 0.207961 -3.24019e-05 -5.55806e-05
m_count 5
Average Scan Matching Score=717.785
neff= 49.96
Registering Scans:Done
update frame 48
update ld=1.93824e-07 ad=2.02138e-09
Laser Pose= 0.20796 -3.24022e-05 -5.55827e-05
m_count 6
Average Scan Matching Score=717.895
neff= 49.9597
Registering Scans:Done
update frame 56
update ld=1.9455e-07 ad=2.0212e-09
Laser Pose= 0.20796 -3.24024e-05 -5.55847e-05
m_count 7
Average Scan Matching Score=717.906
neff= 49.9593
Registering Scans:Done
update frame 64
update ld=1.93826e-07 ad=1.94617e-09
Laser Pose= 0.20796 -3.24026e-05 -5.55866e-05
m_count 8
Average Scan Matching Score=717.907
neff= 49.9588
Registering Scans:Done
update frame 72
update ld=1.94189e-07 ad=2.02085e-09
Laser Pose= 0.20796 -3.24029e-05 -5.55886e-05
m_count 9
Average Scan Matching Score=717.96
neff= 49.958
Registering Scans:Done
update frame 80
update ld=1.94914e-07 ad=2.02067e-09
Laser Pose= 0.20796 -3.24031e-05 -5.55907e-05
m_count 10
Average Scan Matching Score=717.915
neff= 49.9574
Registering Scans:Done
update frame 88
update ld=1.93465e-07 ad=2.0205e-09
Laser Pose= 0.20796 -3.24034e-05 -5.55927e-05
m_count 11
Average Scan Matching Score=717.96
neff= 49.9567
Registering Scans:Done
update frame 96
update ld=1.83684e-07 ad=1.87068e-09
Laser Pose= 0.207959 -3.24036e-05 -5.55946e-05
m_count 12
Average Scan Matching Score=717.926
neff= 49.9563
Registering Scans:Done
update frame 104
update ld=1.94553e-07 ad=2.02019e-09
Laser Pose= 0.207959 -3.24038e-05 -5.55966e-05
m_count 13
Average Scan Matching Score=717.967
neff= 49.9558
Registering Scans:Done
update frame 112
update ld=1.93829e-07 ad=2.02002e-09
Laser Pose= 0.207959 -3.24041e-05 -5.55986e-05
m_count 14
Average Scan Matching Score=717.962
neff= 49.9555
Registering Scans:Done
update frame 120
update ld=1.94555e-07 ad=2.01987e-09
Laser Pose= 0.207959 -3.24043e-05 -5.56006e-05
m_count 15
Average Scan Matching Score=717.939
neff= 49.9549
Registering Scans:Done
update frame 128
update ld=1.94555e-07 ad=1.94491e-09
Laser Pose= 0.207959 -3.24046e-05 -5.56026e-05
m_count 16
Average Scan Matching Score=717.976
neff= 49.9543
Registering Scans:Done
update frame 136
update ld=1.93469e-07 ad=2.01957e-09
Laser Pose= 0.207958 -3.24048e-05 -5.56046e-05
m_count 17
Average Scan Matching Score=717.966
neff= 49.9537
Registering Scans:Done
update frame 144
update ld=1.94194e-07 ad=2.01942e-09
Laser Pose= 0.207958 -3.2405e-05 -5.56066e-05
m_count 18
Average Scan Matching Score=717.936
neff= 49.9532
Registering Scans:Done
update frame 152
update ld=1.94557e-07 ad=2.01928e-09
Laser Pose= 0.207958 -3.24053e-05 -5.56086e-05
m_count 19
Average Scan Matching Score=717.985
neff= 49.9524
Registering Scans:Done
update frame 160
update ld=1.93833e-07 ad=1.94436e-09
Laser Pose= 0.207958 -3.24055e-05 -5.56106e-05
m_count 20
Average Scan Matching Score=717.965
neff= 49.9519
Registering Scans:Done
update frame 168
update ld=1.94558e-07 ad=2.019e-09
Laser Pose= 0.207958 -3.24058e-05 -5.56126e-05
m_count 21
Average Scan Matching Score=717.972
neff= 49.9513
Registering Scans:Done
update frame 176
update ld=1.95283e-07 ad=2.01887e-09
Laser Pose= 0.207957 -3.2406e-05 -5.56146e-05
m_count 22
Average Scan Matching Score=717.988
neff= 49.9507
Registering Scans:Done
update frame 184
update ld=1.92747e-07 ad=2.01874e-09
Laser Pose= 0.207957 -3.24062e-05 -5.56166e-05
m_count 23
Average Scan Matching Score=717.941
neff= 49.95
Registering Scans:Done
update frame 192
update ld=1.94559e-07 ad=2.0186e-09
Laser Pose= 0.207957 -3.24065e-05 -5.56186e-05
m_count 24
Average Scan Matching Score=718.006
neff= 49.9494
Registering Scans:Done
update frame 201
update ld=2.04704e-07 ad=2.09324e-09
Laser Pose= 0.207957 -3.24067e-05 -5.56207e-05
m_count 25
Average Scan Matching Score=717.972
neff= 49.9487
Registering Scans:Done
update frame 207
update ld=0.0520428 ad=0.153481
Laser Pose= 0.204307 0.0518049 0.153425
m_count 26
Average Scan Matching Score=715.648
neff= 49.9489
Registering Scans:Done
update frame 211
update ld=0.0622731 ad=0.182141
Laser Pose= 0.189269 0.112154 0.335566
m_count 27
Average Scan Matching Score=711.415
neff= 49.946
Registering Scans:Done
update frame 215
update ld=0.0628651 ad=0.183875
Laser Pose= 0.163259 0.169294 0.519442
m_count 28
Average Scan Matching Score=712.158
neff= 49.9433
Registering Scans:Done
update frame 218
update ld=0.0619304 ad=0.181162
Laser Pose= 0.127793 0.219975 0.700603
m_count 29
Average Scan Matching Score=710.502
neff= 49.9313
Registering Scans:Done
update frame 220
update ld=0.0623797 ad=0.182545
Laser Pose= 0.0833733 0.263701 0.883148
m_count 30
Average Scan Matching Score=712.356
neff= 49.9367
Registering Scans:Done
update frame 221
update ld=0.0628073 ad=0.183942
Laser Pose= 0.0313074 0.298828 1.06709
m_count 31
Average Scan Matching Score=709.829
neff= 49.9093
Registering Scans:Done
update frame 222
update ld=0.0931776 ad=0.273341
Laser Pose= -0.0557572 0.332022 1.34043
m_count 32
Average Scan Matching Score=708.049
neff= 49.8601
Registering Scans:Done
update frame 223
update ld=0.0777222 ad=0.228151
Laser Pose= -0.132974 0.340868 1.56858
m_count 33
Average Scan Matching Score=709.713
neff= 49.8568
Registering Scans:Done
update frame 224
update ld=0.0777863 ad=0.228737
Laser Pose= -0.210274 0.332177 1.79732
m_count 34
Average Scan Matching Score=707.767
neff= 49.8645
Registering Scans:Done
update frame 225
update ld=0.0780993 ad=0.228917
Laser Pose= -0.28389 0.306096 2.02624
m_count 35
Average Scan Matching Score=711.815
neff= 49.8367
Registering Scans:Done
update frame 226
update ld=0.0933152 ad=0.273772
Laser Pose= -0.361277 0.253953 2.30001
m_count 36
Average Scan Matching Score=715.261
neff= 49.8353
Registering Scans:Done
update frame 227
update ld=0.0933375 ad=0.273829
Laser Pose= -0.421613 0.182739 2.57384
m_count 37
Average Scan Matching Score=716.653
neff= 49.8369
Registering Scans:Done
update frame 228
update ld=0.0776493 ad=0.227578
Laser Pose= -0.455476 0.112863 2.80141
m_count 38
Average Scan Matching Score=716.351
neff= 49.8341
Registering Scans:Done
update frame 229
update ld=0.0934992 ad=0.274464
Laser Pose= -0.474116 0.0212404 3.07588
m_count 39
Average Scan Matching Score=715.201
neff= 49.8159
Registering Scans:Done
update frame 230
update ld=0.0777264 ad=0.22872
Laser Pose= -0.47031 -0.0563927 -2.97859
m_count 40
Average Scan Matching Score=715.732
neff= 49.8243
Registering Scans:Done
update frame 231
update ld=0.0936434 ad=0.27473
Laser Pose= -0.442638 -0.145854 -2.70386
m_count 41
Average Scan Matching Score=716.262
neff= 49.8358
Registering Scans:Done
update frame 232
update ld=0.0711263 ad=0.208398
Laser Pose= -0.405936 -0.20678 -2.49546
m_count 42
Average Scan Matching Score=716.602
neff= 49.8346
Registering Scans:Done
update frame 233
update ld=0.0931014 ad=0.273136
Laser Pose= -0.340192 -0.272701 -2.22232
m_count 43
Average Scan Matching Score=715.75
neff= 49.8355
Registering Scans:Done
update frame 234
update ld=0.0933612 ad=0.273897
Laser Pose= -0.258808 -0.318449 -1.94843
m_count 44
Average Scan Matching Score=715.095
neff= 49.8312
Registering Scans:Done
update frame 235
update ld=0.0779991 ad=0.228596
Laser Pose= -0.183447 -0.338565 -1.71983
m_count 45
Average Scan Matching Score=716.772
neff= 49.836
Registering Scans:Done
update frame 236
update ld=0.0778372 ad=0.22875
Laser Pose= -0.105654 -0.341171 -1.49108
m_count 46
Average Scan Matching Score=716.588
neff= 49.8
Registering Scans:Done
update frame 237
update ld=0.0933285 ad=0.274266
Laser Pose= -0.0145119 -0.321087 -1.21681
m_count 47
Average Scan Matching Score=716.925
neff= 49.7994
Registering Scans:Done
update frame 238
update ld=0.0780633 ad=0.228811
Laser Pose= 0.0551447 -0.285847 -0.988002
m_count 48
Average Scan Matching Score=716.975
neff= 49.7989
Registering Scans:Done
update frame 239
update ld=0.093323 ad=0.273792
Laser Pose= 0.125255 -0.224253 -0.71421
m_count 49
Average Scan Matching Score=715.975
neff= 49.7975
Registering Scans:Done
update frame 240
update ld=0.0935831 ad=0.274552
Laser Pose= 0.176125 -0.145704 -0.439658
m_count 50
[INFO] [1773715708.088587039, 0.776000000]: global_costmap: Using plugin "static_layer"
[INFO] [1773715708.094903391, 0.782000000]: Requesting the map...
[INFO] [1773715708.299337599, 0.984000000]: Resizing costmap to 576 X 576 at 0.050000 m/pix
[INFO] [1773715708.399158917, 1.084000000]: Received a 576 X 576 map at 0.050000 m/pix
[INFO] [1773715708.399221655, 1.084000000]: Subscribing to updates
[INFO] [1773715708.404023865, 1.089000000]: global_costmap: Using plugin "obstacle_layer"
[INFO] [1773715708.408727185, 1.094000000]:     Subscribed to Topics: unitree_scan_sensor
[INFO] [1773715708.422853799, 1.108000000]: global_costmap: Using plugin "inflation_layer"
[INFO] [1773715708.465031837, 1.150000000]: local_costmap: Using plugin "obstacle_layer"
[INFO] [1773715708.469772713, 1.155000000]:     Subscribed to Topics: unitree_scan_sensor rplidar_scan_sensor
[INFO] [1773715708.489677830, 1.175000000]: local_costmap: Using plugin "inflation_layer"
[INFO] [1773715708.519498294, 1.205000000]: Created local_planner dwa_local_planner/DWAPlannerROS
[INFO] [1773715708.523238661, 1.209000000]: Sim period is set to 0.10
[INFO] [1773715709.017870439, 1.702000000]: Recovery behavior will clear layer 'obstacles'
[INFO] [1773715709.021629797, 1.706000000]: Recovery behavior will clear layer 'obstacles'
[INFO] [1773715709.043543380, 1.728000000]: odom received!
Warning: TF_REPEATED_DATA ignoring data with redundant timestamp for frame base_footprint (parent odom) at time 23.265000 according to authority unknown_publisher
         at line 277 in /tmp/binarydeb/ros-noetic-tf2-0.7.10/src/buffer_core.cpp
[WARN] [1773715730.687519548, 23.296000000]: TF_REPEATED_DATA ignoring data with redundant timestamp for frame base_footprint (parent odom) at time 23.265000 according to authority unknown_publisher
Warning: TF_REPEATED_DATA ignoring data with redundant timestamp for frame base_footprint (parent odom) at time 23.265000 according to authority unknown_publisher
         at line 277 in /tmp/binarydeb/ros-noetic-tf2-0.7.10/src/buffer_core.cpp
Average Scan Matching Score=716.682
neff= 49.798
Registering Scans:Done
update frame 241
update ld=0.0989435 ad=0.290141
Laser Pose= 0.204796 -0.0510056 -0.149517
m_count 51
Average Scan Matching Score=717.102
neff= 49.7972
Registering Scans:Done
update frame 244
update ld=5.7981e-06 ad=4.86645e-06
Laser Pose= 0.20479 -0.0510068 -0.149522
m_count 52
Average Scan Matching Score=717.149
neff= 49.7965
Registering Scans:Done
update frame 252
update ld=2.17914e-07 ad=2.2243e-08
Laser Pose= 0.20479 -0.0510068 -0.149522
m_count 53
Average Scan Matching Score=717.207
neff= 49.7958
Registering Scans:Done
update frame 260
update ld=0.0187919 ad=0.0427278
Laser Pose= 0.214199 -0.0672491 -0.19225
m_count 54
Average Scan Matching Score=715.946
neff= 49.7946
Registering Scans:Done
update frame 268
update ld=0.0162374 ad=0.0420658
Laser Pose= 0.218944 -0.0827096 -0.234316
m_count 55
Average Scan Matching Score=716.821
neff= 49.7937
Registering Scans:Done
update frame 276
update ld=0.0131568 ad=0.0343948
Laser Pose= 0.222251 -0.0954419 -0.26871
m_count 56
Average Scan Matching Score=715.981
neff= 49.7926
Registering Scans:Done
update frame 284
update ld=0.0125726 ad=0.0321235
Laser Pose= 0.225415 -0.107538 -0.300834
m_count 57
Average Scan Matching Score=716.877
neff= 49.792
Registering Scans:Done
update frame 292
update ld=0.00850115 ad=0.0240036
Laser Pose= 0.225607 -0.116026 -0.324838
m_count 58
Average Scan Matching Score=717.019
neff= 49.7905
Registering Scans:Done
update frame 301
update ld=0.0074531 ad=0.0205675
Laser Pose= 0.225898 -0.123462 -0.345405
m_count 59
Average Scan Matching Score=716.945
neff= 49.7904
Registering Scans:Done
update frame 309
update ld=0.00652879 ad=0.0165188
Laser Pose= 0.227053 -0.129879 -0.361924
m_count 60
Average Scan Matching Score=717.054
neff= 49.7896
Registering Scans:Done
update frame 317
update ld=0.00542647 ad=0.00526378
Laser Pose= 0.231114 -0.133352 -0.367188
m_count 61
Average Scan Matching Score=716.993
neff= 49.7883
Registering Scans:Done
update frame 325
update ld=0.00516748 ad=0.00384575
Laser Pose= 0.23323 -0.135546 -0.371033
m_count 62
Average Scan Matching Score=716.937
neff= 49.7874
Registering Scans:Done
update frame 333
update ld=0.00496736 ad=0.00616752
Laser Pose= 0.228599 -0.13598 -0.377159
m_count 63
Average Scan Matching Score=716.993
neff= 49.7862
Registering Scans:Done
update frame 341
update ld=0.00540727 ad=0.0126852
Laser Pose= 0.224022 -0.138805 -0.389845
m_count 64
Average Scan Matching Score=716.933
neff= 49.786
Registering Scans:Done
update frame 349
update ld=0.0200638 ad=0.0517351
Laser Pose= 0.222162 -0.15711 -0.44158
m_count 65
Average Scan Matching Score=717.02
neff= 49.7852
Registering Scans:Done
update frame 357
update ld=0.0583276 ad=0.0702301
Laser Pose= 0.257839 -0.202334 -0.51181
m_count 66
Average Scan Matching Score=716.947
neff= 49.7837
Registering Scans:Done
update frame 365
update ld=0.000135712 ad=1.07224e-06
Laser Pose= 0.257936 -0.202387 -0.511809
m_count 67
Average Scan Matching Score=717.054
neff= 49.7819
Registering Scans:Done
update frame 373
update ld=0.0326666 ad=4.86011e-05
Laser Pose= 0.229473 -0.186356 -0.511858
m_count 68
Average Scan Matching Score=716.92
neff= 49.781
Registering Scans:Done
update frame 381
update ld=0.0507002 ad=5.70942e-10
Laser Pose= 0.185271 -0.161523 -0.511858
m_count 69
Average Scan Matching Score=716.966
neff= 49.7804
Registering Scans:Done
update frame 389
update ld=0.0535002 ad=2.86787e-09
Laser Pose= 0.138627 -0.135319 -0.511858
m_count 70
Average Scan Matching Score=716.923
neff= 49.7795
Registering Scans:Done
update frame 397
update ld=0.0537002 ad=5.02433e-09
Laser Pose= 0.0918096 -0.109017 -0.511858
m_count 71
Average Scan Matching Score=717.008
neff= 49.7784
Registering Scans:Done
update frame 405
update ld=0.0117062 ad=4.28387e-05
Laser Pose= 0.0835402 -0.104427 -0.511898
m_count 72
Average Scan Matching Score=717.013
neff= 49.777
Registering Scans:Done
update frame 413
update ld=0.0483285 ad=0.141655
Laser Pose= 0.0571804 -0.144883 -0.653553
m_count 73
Average Scan Matching Score=716.914
neff= 49.7753
Registering Scans:Done
update frame 421
update ld=0.0546488 ad=0.159863
Laser Pose= 0.0207666 -0.185554 -0.813417
m_count 74
Average Scan Matching Score=716.959
neff= 49.7749
Registering Scans:Done
update frame 429
update ld=0.0544521 ad=0.159293
Laser Pose= -0.0215485 -0.219733 -0.972709
m_count 75
Average Scan Matching Score=716.977
neff= 49.7744
Registering Scans:Done
update frame 437
update ld=0.054594 ad=0.159717
Laser Pose= -0.0689195 -0.246754 -1.13243
m_count 76
Average Scan Matching Score=716.925
neff= 49.7728
Registering Scans:Done
update frame 445
update ld=0.0547772 ad=0.160321
Laser Pose= -0.12021 -0.265809 -1.29275
m_count 77
Average Scan Matching Score=716.993
neff= 49.7718
Registering Scans:Done
update frame 452
update ld=0.0378385 ad=0.113109
Laser Pose= -0.157069 -0.274243 -1.40586
m_count 78
Average Scan Matching Score=716.924
neff= 49.7721
Registering Scans:Done
update frame 460
update ld=5.04816e-07 ad=2.41118e-08
Laser Pose= -0.157069 -0.274243 -1.40586
m_count 79
Average Scan Matching Score=717.016
neff= 49.7722
Registering Scans:Done
update frame 468
update ld=4.58046e-07 ad=4.78985e-09
Laser Pose= -0.157069 -0.274242 -1.40586
m_count 80
Average Scan Matching Score=717.02
neff= 49.7722
Registering Scans:Done
update frame 476
update ld=0.0016104 ad=0.000898177
Laser Pose= -0.157036 -0.272633 -1.40496
m_count 81
Average Scan Matching Score=717.079
neff= 49.7719
Registering Scans:Done
update frame 484
update ld=0.0149617 ad=0.034292
Laser Pose= -0.147273 -0.261968 -1.37067
m_count 82
Average Scan Matching Score=716.969
neff= 49.771
Registering Scans:Done
update frame 493
update ld=0.0160902 ad=0.040154
Laser Pose= -0.135949 -0.251633 -1.33051
m_count 83
Average Scan Matching Score=716.969
neff= 49.7706
Registering Scans:Done
update frame 501
update ld=0.018929 ad=0.0462701
Laser Pose= -0.12375 -0.237791 -1.28424
m_count 84
Average Scan Matching Score=716.98
neff= 49.7701
Registering Scans:Done
update frame 509
update ld=0.0184184 ad=0.0515189
Laser Pose= -0.109837 -0.22575 -1.23272
m_count 85
Average Scan Matching Score=716.876
neff= 49.7697
Registering Scans:Done
update frame 517
update ld=0.0170419 ad=0.0487925
Laser Pose= -0.0970547 -0.214482 -1.18393
m_count 86
Average Scan Matching Score=717.038
neff= 49.7683
Registering Scans:Done
update frame 525
update ld=0.0122746 ad=0.0345996
Laser Pose= -0.0886013 -0.205598 -1.14933
m_count 87
Average Scan Matching Score=717.036
neff= 49.7673
Registering Scans:Done
update frame 533
update ld=0.00820507 ad=0.0227448
Laser Pose= -0.0832652 -0.199376 -1.12659
m_count 88
Average Scan Matching Score=717.084
neff= 49.7663
Registering Scans:Done
update frame 541
update ld=0.0083292 ad=0.0235794
Laser Pose= -0.0777239 -0.193162 -1.10301
m_count 89
Average Scan Matching Score=716.957
neff= 49.7656
Registering Scans:Done
update frame 549
update ld=0.0058913 ad=0.016779
Laser Pose= -0.0734893 -0.189114 -1.08623
m_count 90
Average Scan Matching Score=716.966
neff= 49.7643
Registering Scans:Done
update frame 557
update ld=0.00500845 ad=0.014646
Laser Pose= -0.0694289 -0.186205 -1.07158
m_count 91
Average Scan Matching Score=717.031
neff= 49.7633
Registering Scans:Done
update frame 565
update ld=0.00509852 ad=0.00805497
Laser Pose= -0.0702445 -0.188476 -1.07676
m_count 92
Average Scan Matching Score=716.931
neff= 49.7623
Registering Scans:Done
update frame 573
update ld=0.00484643 ad=0.00890521
Laser Pose= -0.0702926 -0.188757 -1.07719
m_count 93
Average Scan Matching Score=716.988
neff= 49.7612
Registering Scans:Done
update frame 581
update ld=0.00477529 ad=0.00521246
Laser Pose= -0.0697754 -0.193497 -1.08237
m_count 94
Average Scan Matching Score=716.95
neff= 49.7608
Registering Scans:Done
update frame 589
update ld=1.12397e-06 ad=2.70746e-06
Laser Pose= -0.0697753 -0.193496 -1.08237
m_count 95
Average Scan Matching Score=716.959
neff= 49.761
Registering Scans:Done
update frame 597
update ld=0.0445669 ad=6.5233e-05
Laser Pose= -0.0907244 -0.15416 -1.0823
m_count 96
Average Scan Matching Score=717.024
neff= 49.7604
Registering Scans:Done
update frame 605
update ld=0.0536002 ad=5.17934e-10
Laser Pose= -0.115879 -0.106829 -1.0823
m_count 97
Average Scan Matching Score=716.996
neff= 49.7591
Registering Scans:Done
update frame 613
update ld=0.0535002 ad=9.48836e-10
Laser Pose= -0.140986 -0.0595858 -1.0823
m_count 98
Average Scan Matching Score=717.06
neff= 49.7581
Registering Scans:Done
update frame 621
update ld=0.0487798 ad=3.74984e-05
Laser Pose= -0.163836 -0.0164891 -1.08226
m_count 99
Average Scan Matching Score=703.16
neff= 49.7565
Registering Scans:Done
update frame 629
update ld=0.0091269 ad=0.0259769
Laser Pose= -0.171393 -0.0208232 -1.10824
m_count 100
Average Scan Matching Score=717.066
neff= 49.7549
Registering Scans:Done
update frame 637
update ld=0.0545859 ad=0.159745
Laser Pose= -0.222014 -0.041084 -1.26798
m_count 101
Average Scan Matching Score=716.994
neff= 49.7536
Registering Scans:Done
update frame 644
update ld=0.0539629 ad=0.160768
Laser Pose= -0.274573 -0.0530701 -1.42875
m_count 102
Average Scan Matching Score=716.954
neff= 49.7522
Registering Scans:Done
update frame 652
update ld=0.0543199 ad=0.16015
Laser Pose= -0.328737 -0.0563463 -1.5889
m_count 103
Average Scan Matching Score=716.949
neff= 49.7516
Registering Scans:Done
update frame 660
update ld=0.0543786 ad=0.160284
Laser Pose= -0.382827 -0.0513775 -1.74919
m_count 104
Average Scan Matching Score=716.992
neff= 49.7504
Registering Scans:Done
update frame 668
update ld=0.0547603 ad=0.160442
Laser Pose= -0.435787 -0.0376652 -1.90963
m_count 105
Average Scan Matching Score=717.003
neff= 49.7487
Registering Scans:Done
update frame 676
update ld=0.0234278 ad=0.0684883
Laser Pose= -0.457656 -0.0292861 -1.97811
m_count 106
Average Scan Matching Score=717.008
neff= 49.7473
Registering Scans:Done
update frame 684
update ld=1.99742e-07 ad=3.25137e-09
Laser Pose= -0.457656 -0.029286 -1.97811
m_count 107
Average Scan Matching Score=717.001
neff= 49.7464
Registering Scans:Done
update frame 693
update ld=2.10738e-07 ad=1.50843e-09
Laser Pose= -0.457656 -0.0292858 -1.97811
m_count 108
Average Scan Matching Score=717.004
neff= 49.7453
Registering Scans:Done
update frame 701
update ld=0.013372 ad=0.021492
Laser Pose= -0.455241 -0.0419666 -1.95661
m_count 109
Average Scan Matching Score=716.93
neff= 49.745
Registering Scans:Done
update frame 709
update ld=0.050692 ad=0.0719174
Laser Pose= -0.448106 -0.0921474 -1.8847
m_count 110
Average Scan Matching Score=716.959
neff= 49.744
Registering Scans:Done
update frame 717
update ld=0.0434832 ad=0.0643191
Laser Pose= -0.43801 -0.134418 -1.82038
m_count 111
Average Scan Matching Score=716.957
neff= 49.7439
Registering Scans:Done
update frame 725
update ld=0.0377984 ad=0.0570212
Laser Pose= -0.426491 -0.170414 -1.76336
m_count 112
Average Scan Matching Score=716.99
neff= 49.7429
Registering Scans:Done
update frame 733
update ld=0.0312716 ad=0.0481828
Laser Pose= -0.414968 -0.199481 -1.71517
m_count 113
Average Scan Matching Score=717.055
neff= 49.741
Registering Scans:Done
update frame 741
update ld=0.0240233 ad=0.0367885
Laser Pose= -0.405213 -0.221398 -1.67839
m_count 114
Average Scan Matching Score=717.093
neff= 49.7402
Registering Scans:Done
update frame 749
update ld=0.0203569 ad=0.0347888
Laser Pose= -0.395001 -0.238847 -1.6436
m_count 115
Average Scan Matching Score=717.023
neff= 49.7395
Registering Scans:Done
update frame 757
update ld=0.0114078 ad=0.0147463
Laser Pose= -0.39142 -0.249139 -1.63115
m_count 116
Average Scan Matching Score=717.096
neff= 49.7377
Registering Scans:Done
update frame 765
update ld=0.0123705 ad=0.0220435
Laser Pose= -0.385088 -0.259018 -1.6112
m_count 117
Average Scan Matching Score=717.093
neff= 49.7357
Registering Scans:Done
update frame 773
update ld=0.00749701 ad=0.0133961
Laser Pose= -0.38057 -0.26126 -1.5978
m_count 118
Average Scan Matching Score=717.016
neff= 49.7347
Registering Scans:Done
update frame 781
update ld=0.00679194 ad=0.0151524
Laser Pose= -0.383665 -0.260255 -1.60707
m_count 119
Average Scan Matching Score=717.037
neff= 49.7336
Registering Scans:Done
update frame 789
update ld=0.00561317 ad=0.0134209
Laser Pose= -0.386783 -0.257198 -1.61653
m_count 120
Average Scan Matching Score=717.01
neff= 49.7334
Registering Scans:Done
update frame 797
update ld=0.00748988 ad=0.0140138
Laser Pose= -0.382199 -0.262736 -1.60252
m_count 121
Average Scan Matching Score=717.032
neff= 49.7315
Registering Scans:Done
update frame 805
update ld=0.0118681 ad=0.0198953
Laser Pose= -0.375621 -0.272608 -1.58262
m_count 122
Average Scan Matching Score=717.026
neff= 49.7303
Registering Scans:Done
update frame 813
update ld=0.00827273 ad=0.0174046
Laser Pose= -0.377791 -0.27222 -1.58912
m_count 123
Average Scan Matching Score=717.058
neff= 49.7286
Registering Scans:Done
update frame 821
update ld=0.00746009 ad=0.0193188
Laser Pose= -0.384297 -0.268577 -1.60844
m_count 124
Average Scan Matching Score=717.012
neff= 49.7278
Registering Scans:Done
update frame 829
update ld=0.00616335 ad=0.0149177
Laser Pose= -0.389239 -0.264915 -1.62336
m_count 125
Average Scan Matching Score=717.158
neff= 49.7261
Registering Scans:Done
update frame 837
update ld=0.00152841 ad=0.00368043
Laser Pose= -0.390451 -0.26399 -1.62703
m_count 126
Average Scan Matching Score=717.017
neff= 49.7249
Registering Scans:Done
update frame 845
update ld=0.0200775 ad=2.52768e-05
Laser Pose= -0.389312 -0.243945 -1.62706
m_count 127
Average Scan Matching Score=717.021
neff= 49.7252
Registering Scans:Done
update frame 853
update ld=0.0535005 ad=4.11465e-09
Laser Pose= -0.386304 -0.190529 -1.62706
m_count 128
Average Scan Matching Score=717.054
neff= 49.7252
Registering Scans:Done
update frame 861
update ld=0.0536002 ad=1.88423e-09
Laser Pose= -0.38329 -0.137014 -1.62706
m_count 129
Average Scan Matching Score=717.015
neff= 49.7244
Registering Scans:Done
update frame 869
update ld=0.0537002 ad=1.01341e-09
Laser Pose= -0.38027 -0.0833983 -1.62706
m_count 130
Average Scan Matching Score=716.962
neff= 49.7234
Registering Scans:Done
update frame 877
update ld=0.0201309 ad=3.19083e-05
Laser Pose= -0.379219 -0.06431 -1.62709
m_count 131
Average Scan Matching Score=717.006
neff= 49.7215
Registering Scans:Done
update frame 885
update ld=0.0384713 ad=0.113616
Laser Pose= -0.417452 -0.0602671 -1.7407
m_count 132
Average Scan Matching Score=716.897
neff= 49.7207
Registering Scans:Done
update frame 894
update ld=0.0576834 ad=0.16912
Laser Pose= -0.47329 -0.0460508 -1.90982
m_count 133
Average Scan Matching Score=716.927
neff= 49.7193
Registering Scans:Done
update frame 902
update ld=0.0547536 ad=0.160168
Laser Pose= -0.52339 -0.0241077 -2.06999
m_count 134
Average Scan Matching Score=717.007
neff= 49.7183
Registering Scans:Done
update frame 910
update ld=0.0543494 ad=0.158987
Laser Pose= -0.568978 0.00537757 -2.22898
m_count 135
Average Scan Matching Score=716.985
neff= 49.7164
Registering Scans:Done
update frame 918
update ld=0.0545495 ad=0.159574
Laser Pose= -0.609402 0.0419178 -2.38855
m_count 136
Average Scan Matching Score=717.022
neff= 49.715
Registering Scans:Done
update frame 926
update ld=0.0452354 ad=0.132263
Laser Pose= -0.638124 0.0768076 -2.5208
m_count 137
Average Scan Matching Score=716.127
neff= 49.6816
Registering Scans:Done
update frame 933
update ld=3.939e-07 ad=1.14922e-06
Laser Pose= -0.638124 0.0768075 -2.5208
m_count 138
Average Scan Matching Score=716.963
neff= 49.6813
Registering Scans:Done
update frame 941
update ld=1.97644e-07 ad=6.15582e-10
Laser Pose= -0.638124 0.0768076 -2.5208
m_count 139
Average Scan Matching Score=716.996
neff= 49.6807
Registering Scans:Done
update frame 949
update ld=1.97948e-07 ad=6.32264e-10
Laser Pose= -0.638123 0.0768077 -2.5208
m_count 140
Average Scan Matching Score=717.024
neff= 49.6799
Registering Scans:Done
[WARN] [1773715779.123302088, 71.607000000]: Clearing both costmaps outside a square (3.00m) large centered on the robot.
update frame 957
update ld=1.99201e-07 ad=6.48548e-10
Laser Pose= -0.638123 0.0768078 -2.5208
m_count 141
Average Scan Matching Score=717.062
neff= 49.679
Registering Scans:Done
update frame 965
update ld=1.97874e-07 ad=6.39674e-10
Laser Pose= -0.638123 0.0768079 -2.5208
m_count 142
[WARN] [1773715779.824155103, 72.307000000]: Rotate recovery behavior started.
Average Scan Matching Score=717.077
neff= 49.6788
Registering Scans:Done
update frame 969
update ld=0.0557767 ad=0.166968
Laser Pose= -0.602266 0.0341935 -2.35383
m_count 143
Average Scan Matching Score=716.991
neff= 49.6775
Registering Scans:Done
update frame 972
update ld=0.0585239 ad=0.171175
Laser Pose= -0.557409 -0.00329416 -2.18265
m_count 144
Average Scan Matching Score=716.946
neff= 49.6761
Registering Scans:Done
update frame 973
update ld=0.058759 ad=0.172052
Laser Pose= -0.506533 -0.0326925 -2.0106
m_count 145
Average Scan Matching Score=716.962
neff= 49.6746
Registering Scans:Done
update frame 974
update ld=0.0866323 ad=0.254022
Laser Pose= -0.42405 -0.0591826 -1.75658
m_count 146
Average Scan Matching Score=717.016
neff= 49.673
Registering Scans:Done
update frame 975
update ld=0.116503 ad=0.34306
Laser Pose= -0.307558 -0.0607679 -1.41352
m_count 147
Average Scan Matching Score=717.013
neff= 49.6704
Registering Scans:Done
update frame 976
update ld=0.116536 ad=0.342488
Laser Pose= -0.197242 -0.023204 -1.07103
m_count 148
Average Scan Matching Score=716.967
neff= 49.669
Registering Scans:Done
update frame 977
update ld=0.154985 ad=0.457259
Laser Pose= -0.0816756 0.0800664 -0.613772
m_count 149
Average Scan Matching Score=716.99
neff= 49.6672
Registering Scans:Done
update frame 978
update ld=0.116514 ad=0.342417
Laser Pose= -0.032009 0.185465 -0.271355
m_count 150
Average Scan Matching Score=717.103
neff= 49.6644
Registering Scans:Done
update frame 979
update ld=0.0970664 ad=0.285081
Laser Pose= -0.0196812 0.281745 0.0137255
m_count 151
Average Scan Matching Score=716.896
neff= 49.6638
Registering Scans:Done
update frame 980
update ld=0.097224 ad=0.285774
Laser Pose= -0.0348305 0.377782 0.2995
m_count 152
Average Scan Matching Score=717.005
neff= 49.6612
Registering Scans:Done
update frame 981
update ld=0.11646 ad=0.342274
Laser Pose= -0.0876183 0.481591 0.641774
m_count 153
Average Scan Matching Score=716.595
neff= 49.6215
Registering Scans:Done
update frame 982
update ld=0.135657 ad=0.399394
Laser Pose= -0.188876 0.571866 1.04117
m_count 154
Average Scan Matching Score=716.274
neff= 49.5759
Registering Scans:Done
update frame 983
update ld=0.116584 ad=0.342606
Laser Pose= -0.298138 0.612532 1.38377
m_count 155
Average Scan Matching Score=715.429
neff= 49.6001
Registering Scans:Done
update frame 984
update ld=0.116494 ad=0.343058
Laser Pose= -0.414619 0.614261 1.72683
m_count 156
Average Scan Matching Score=716.674
neff= 49.5997
Registering Scans:Done
update frame 985
update ld=0.116537 ad=0.34249
Laser Pose= -0.524983 0.576833 2.06932
m_count 157
Average Scan Matching Score=715.816
neff= 49.6053
Registering Scans:Done
update frame 986
update ld=0.0972009 ad=0.28524
Laser Pose= -0.602848 0.518652 2.35456
m_count 158
Average Scan Matching Score=716.711
neff= 49.5923
Registering Scans:Done
update frame 987
update ld=0.155311 ad=0.458225
Laser Pose= -0.684833 0.386743 2.81279
m_count 159
Average Scan Matching Score=716.93
neff= 49.5913
Registering Scans:Done
update frame 988
update ld=0.116344 ad=0.342151
Laser Pose= -0.702916 0.271813 -3.12825
m_count 160
Average Scan Matching Score=716.926
neff= 49.591
Registering Scans:Done
update frame 989
update ld=0.107869 ad=0.317269
Laser Pose= -0.684479 0.165531 -2.81098
m_count 161
Average Scan Matching Score=716.935
neff= 49.5897
Registering Scans:Done
update frame 990
update ld=0.105084 ad=0.308643
Laser Pose= -0.635516 0.0725506 -2.50234
m_count 162
[WARN] [1773715787.794334598, 80.257000000]: Clearing both costmaps outside a square (1.84m) large centered on the robot.
Average Scan Matching Score=717.047
neff= 49.5884
Registering Scans:Done
update frame 991
update ld=0.0734219 ad=0.215148
Laser Pose= -0.585572 0.0187322 -2.28719
m_count 163
Average Scan Matching Score=716.927
neff= 49.5868
Registering Scans:Done
[WARN] [1773715788.495438247, 80.957000000]: Rotate recovery behavior started.
update frame 992
update ld=0.0188358 ad=0.0549092
Laser Pose= -0.571062 0.0067222 -2.23228
m_count 164
Average Scan Matching Score=716.915
neff= 49.5849
Registering Scans:Done
update frame 997
update ld=0.0572028 ad=0.188186
Laser Pose= -0.522153 -0.0227521 -2.04409
m_count 165
Average Scan Matching Score=710.622
neff= 49.5943
Registering Scans:Done
update frame 1001
update ld=0.0563668 ad=0.190726
Laser Pose= -0.469907 -0.043332 -1.85337
m_count 166
Average Scan Matching Score=716.176
neff= 49.5939
Registering Scans:Done
update frame 1004
update ld=0.0539233 ad=0.191128
Laser Pose= -0.416914 -0.0516172 -1.66224
m_count 167
Average Scan Matching Score=696.226
neff= 49.5932
Registering Scans:Done
update frame 1005
update ld=0.0619787 ad=0.205346
Laser Pose= -0.354935 -0.0515185 -1.45689
m_count 168
Average Scan Matching Score=716.648
neff= 49.5926
Registering Scans:Done
update frame 1006
update ld=0.0964603 ad=0.285513
Laser Pose= -0.261449 -0.0277519 -1.17138
m_count 169
Average Scan Matching Score=717.009
neff= 49.5912
Registering Scans:Done
update frame 1007
update ld=0.173353 ad=0.512609
Laser Pose= -0.12411 0.0780269 -0.65877
m_count 170
Average Scan Matching Score=716.913
neff= 49.5908
Registering Scans:Done
update frame 1008
update ld=0.135701 ad=0.399507
Laser Pose= -0.0642463 0.19981 -0.259263
m_count 171
Average Scan Matching Score=717.053
neff= 49.5895
Registering Scans:Done
update frame 1009
update ld=0.11655 ad=0.343094
Laser Pose= -0.0541379 0.315921 0.0838313
m_count 172
Average Scan Matching Score=717.033
neff= 49.5866
Registering Scans:Done
update frame 1010
update ld=0.116551 ad=0.342667
Laser Pose= -0.0835237 0.428707 0.426498
m_count 173
Average Scan Matching Score=716.956
neff= 49.586
Registering Scans:Done
update frame 1011
update ld=0.11618 ad=0.341443
Laser Pose= -0.148883 0.524758 0.76794
m_count 174
Average Scan Matching Score=716.939
neff= 49.585
Registering Scans:Done
update frame 1012
update ld=0.17424 ad=0.515275
Laser Pose= -0.298023 0.614852 1.28322
m_count 175
Average Scan Matching Score=716.889
neff= 49.5841
Registering Scans:Done
update frame 1013
update ld=0.116634 ad=0.343087
Laser Pose= -0.413888 0.628222 1.6263
m_count 176
Average Scan Matching Score=717.035
neff= 49.5827
Registering Scans:Done
update frame 1014
update ld=0.116771 ad=0.343567
Laser Pose= -0.527659 0.601921 1.96987
m_count 177
Average Scan Matching Score=716.966
neff= 49.581
Registering Scans:Done
update frame 1015
update ld=0.135064 ad=0.397636
Laser Pose= -0.639264 0.525853 2.36751
m_count 178
Average Scan Matching Score=716.396
neff= 49.5673
Registering Scans:Done
update frame 1016
update ld=0.10529 ad=0.309153
Laser Pose= -0.700258 0.440029 2.67666
m_count 179
Average Scan Matching Score=716.887
neff= 49.5668
Registering Scans:Done
update frame 1017
update ld=0.193382 ad=0.574006
Laser Pose= -0.734255 0.249659 -3.03252
m_count 180
Average Scan Matching Score=717.021
neff= 49.5653
Registering Scans:Done
update frame 1018
update ld=0.135465 ad=0.39881
Laser Pose= -0.693174 0.120572 -2.63371
m_count 181
Average Scan Matching Score=717.088
neff= 49.5638
Registering Scans:Done
update frame 1019
update ld=0.113918 ad=0.334803
Laser Pose= -0.621908 0.031699 -2.29891
m_count 182
[ERROR] [1773715796.618340192, 89.057000000]: Aborting because a valid plan could not be found. Even after executing all recovery behaviors
Average Scan Matching Score=716.972
neff= 49.5629
Registering Scans:Done
update frame 1020
update ld=0.090575 ad=0.265687
Laser Pose= -0.546799 -0.0189219 -2.03322
m_count 183
Average Scan Matching Score=716.925
neff= 49.5622
Registering Scans:Done
update frame 1023
update ld=0.0321384 ad=0.0937886
Laser Pose= -0.517405 -0.031917 -1.93943
m_count 184
Average Scan Matching Score=716.98
neff= 49.5624
Registering Scans:Done
update frame 1026
update ld=2.59536e-07 ad=2.19624e-08
Laser Pose= -0.517405 -0.0319167 -1.93943
m_count 185
Average Scan Matching Score=717.013
neff= 49.5618
Registering Scans:Done
update frame 1034
update ld=0.00306596 ad=0.00194908
Laser Pose= -0.517908 -0.0349399 -1.93748
m_count 186
Average Scan Matching Score=717.042
neff= 49.5606
Registering Scans:Done
update frame 1042
update ld=0.0495045 ad=0.0575047
Laser Pose= -0.515128 -0.0840521 -1.87998
m_count 187
Average Scan Matching Score=716.945
neff= 49.5596
Registering Scans:Done
update frame 1050
update ld=0.0468899 ad=0.0662059
Laser Pose= -0.505133 -0.129852 -1.81377
m_count 188
Average Scan Matching Score=716.945
neff= 49.5584
Registering Scans:Done
update frame 1056
update ld=0.0311583 ad=0.037445
Laser Pose= -0.49921 -0.160276 -1.77633
m_count 189
Average Scan Matching Score=717.013
neff= 49.5565
Registering Scans:Done
update frame 1064
update ld=0.0214837 ad=0.0227385
Laser Pose= -0.495558 -0.181271 -1.75359
m_count 190
Average Scan Matching Score=716.979
neff= 49.5562
Registering Scans:Done
update frame 1072
update ld=0.0194216 ad=0.0226489
Laser Pose= -0.491031 -0.200009 -1.73094
m_count 191
Average Scan Matching Score=716.984
neff= 49.5557
Registering Scans:Done
update frame 1080
update ld=0.0145793 ad=0.0137867
Laser Pose= -0.488801 -0.213965 -1.7181
m_count 192
Average Scan Matching Score=717.101
neff= 49.554
Registering Scans:Done
update frame 1086
update ld=0.0114812 ad=0.0126711
Laser Pose= -0.486011 -0.224819 -1.70543
m_count 193
Average Scan Matching Score=716.962
neff= 49.5535
Registering Scans:Done
update frame 1094
update ld=0.0118781 ad=0.0235989
Laser Pose= -0.479105 -0.234123 -1.68183
m_count 194
Average Scan Matching Score=717.029
neff= 49.5535
Registering Scans:Done
update frame 1102
update ld=0.00885476 ad=0.010676
Laser Pose= -0.476305 -0.242252 -1.67116
m_count 195
Average Scan Matching Score=716.958
neff= 49.5538
Registering Scans:Done
update frame 1110
update ld=0.00631463 ad=0.00966
Laser Pose= -0.473507 -0.247616 -1.6615
m_count 196
Average Scan Matching Score=717.056
neff= 49.5522
Registering Scans:Done
update frame 1117
update ld=0.00692157 ad=0.0167319
Laser Pose= -0.468111 -0.251594 -1.64476
m_count 197
Average Scan Matching Score=717.094
neff= 49.5496
Registering Scans:Done
update frame 1125
update ld=0.00679021 ad=0.0182621
Laser Pose= -0.462057 -0.25463 -1.6265
m_count 198
Average Scan Matching Score=717.13
neff= 49.5473
Registering Scans:Done
update frame 1133
update ld=0.00667783 ad=0.0114167
Laser Pose= -0.463384 -0.254648 -1.63046
m_count 199
Average Scan Matching Score=716.897
neff= 49.5478
Registering Scans:Done
update frame 1141
update ld=0.00548906 ad=0.010084
Laser Pose= -0.460147 -0.25798 -1.62046
m_count 200
Average Scan Matching Score=717.017
neff= 49.5468
Registering Scans:Done
update frame 1147
update ld=0.00585865 ad=0.00429804
Laser Pose= -0.45895 -0.263681 -1.61616
m_count 201
Average Scan Matching Score=717.09
neff= 49.5454
Registering Scans:Done
update frame 1155
update ld=0.00593185 ad=0.010328
Laser Pose= -0.459057 -0.265697 -1.61629
m_count 202
Average Scan Matching Score=717.081
neff= 49.5435
Registering Scans:Done
update frame 1163
update ld=0.00286067 ad=0.00723088
Laser Pose= -0.461449 -0.264145 -1.62348
m_count 203
Average Scan Matching Score=717.08
neff= 49.5419
Registering Scans:Done
update frame 1172
update ld=0.00149336 ad=1.88322e-05
Laser Pose= -0.461364 -0.262655 -1.6235
m_count 204
Average Scan Matching Score=717.088
neff= 49.5402
Registering Scans:Done
update frame 1179
update ld=0.0534842 ad=5.67081e-06
Laser Pose= -0.458543 -0.209245 -1.6235
m_count 205
Average Scan Matching Score=717.016
neff= 49.5402
Registering Scans:Done
update frame 1187
update ld=0.0537002 ad=6.10258e-09
Laser Pose= -0.455714 -0.155619 -1.6235
m_count 206
Average Scan Matching Score=717.038
neff= 49.5398
Registering Scans:Done
update frame 1195
update ld=0.0536002 ad=4.88669e-09
Laser Pose= -0.45289 -0.102093 -1.6235
m_count 207
Average Scan Matching Score=716.995
neff= 49.5377
Registering Scans:Done
update frame 1203
update ld=0.039737 ad=2.98995e-05
Laser Pose= -0.450926 -0.0644393 -1.62353
m_count 208
Average Scan Matching Score=716.942
neff= 49.536
Registering Scans:Done
update frame 1210
update ld=0.0176729 ad=0.0519897
Laser Pose= -0.468541 -0.0632256 -1.67552
m_count 209
Average Scan Matching Score=716.993
neff= 49.534
Registering Scans:Done
update frame 1218
update ld=0.0543355 ad=0.160112
Laser Pose= -0.521935 -0.0534808 -1.83564
m_count 210
Average Scan Matching Score=716.966
neff= 49.5328
Registering Scans:Done
update frame 1226
update ld=0.0546538 ad=0.159885
Laser Pose= -0.573443 -0.0353782 -1.99552
m_count 211
Average Scan Matching Score=716.894
neff= 49.5316
Registering Scans:Done
update frame 1234
update ld=0.0546614 ad=0.159896
Laser Pose= -0.621377 -0.0092274 -2.15542
m_count 212
Average Scan Matching Score=716.913
neff= 49.531
Registering Scans:Done
update frame 1239
update ld=0.0543414 ad=0.158983
Laser Pose= -0.664255 0.024074 -2.3144
m_count 213
Average Scan Matching Score=716.935
neff= 49.5299
Registering Scans:Done
update frame 1247
update ld=0.0545532 ad=0.159587
Laser Pose= -0.701385 0.0639624 -2.47399
m_count 214
Average Scan Matching Score=716.941
neff= 49.5277
Registering Scans:Done
update frame 1255
update ld=0.0147989 ad=0.0432281
Laser Pose= -0.710308 0.0757524 -2.5172
m_count 215
Average Scan Matching Score=716.918
neff= 49.5269
Registering Scans:Done
update frame 1263
update ld=2.19001e-07 ad=2.23506e-09
Laser Pose= -0.710308 0.0757525 -2.5172
m_count 216
Average Scan Matching Score=716.941
neff= 49.5264
Registering Scans:Done
update frame 1270
update ld=2.19517e-07 ad=2.61916e-09
Laser Pose= -0.710308 0.0757527 -2.5172
m_count 217
Average Scan Matching Score=716.927
neff= 49.5257
Registering Scans:Done
update frame 1278
update ld=0.0229569 ad=0.0183599
Laser Pose= -0.731724 0.0678083 -2.53556
m_count 218
Average Scan Matching Score=716.914
neff= 49.5247
Registering Scans:Done
update frame 1286
update ld=0.099383 ad=0.0157076
Laser Pose= -0.816698 0.0164858 -2.55127
m_count 219
Average Scan Matching Score=716.934
neff= 49.5247
Registering Scans:Done
update frame 1294
update ld=0.134259 ad=0.00288502
Laser Pose= -0.928912 -0.057221 -2.55415
m_count 220
Average Scan Matching Score=716.898
neff= 49.5224
Registering Scans:Done
update frame 1299
update ld=0.134932 ad=0.00149671
Laser Pose= -1.04109 -0.132207 -2.55371
m_count 221
Average Scan Matching Score=711.947
neff= 49.512
Registering Scans:Done
update frame 1307
update ld=0.131653 ad=0.00303868
Laser Pose= -1.15127 -0.204268 -2.55669
m_count 222
Average Scan Matching Score=707.913
neff= 49.5152
Registering Scans:Done
update frame 1315
update ld=0.119093 ad=0.00471835
Laser Pose= -1.25158 -0.268448 -2.5614
m_count 223
Average Scan Matching Score=711.68
neff= 49.5107
Registering Scans:Done
update frame 1323
update ld=0.100475 ad=0.000303154
Laser Pose= -1.33565 -0.323484 -2.56155
m_count 224
Average Scan Matching Score=712.506
neff= 49.4898
Registering Scans:Done
update frame 1328
update ld=0.0835698 ad=0.000489992
Laser Pose= -1.40564 -0.369151 -2.56197
m_count 225
[WARN] [1773715819.392383425, 111.699000000]: Shutdown request received.
[WARN] [1773715819.392570938, 111.699000000]: Reason given for shutdown: [user request]
Average Scan Matching Score=715.805
neff= 49.4817
Registering Scans:Done
[WARN] [1773715819.501056999, 111.699000000]: Shutdown request received.
[WARN] [1773715819.501163635, 111.699000000]: Reason given for shutdown: [user request]
[WARN] [1773715819.502253983, 111.699000000]: Shutdown request received.
[WARN] [1773715819.503602780, 111.699000000]: Reason given for shutdown: [user request]
[WARN] [1773715819.504403877, 111.699000000]: Shutdown request received.
[WARN] [1773715819.504433068, 111.699000000]: Reason given for shutdown: [user request]
[WARN] [1773715819.611927857, 111.699000000]: Shutdown request received.
[WARN] [1773715819.611985623, 111.699000000]: Reason given for shutdown: [user request]
[WARN] [1773715819.612840803, 111.699000000]: Shutdown request received.
[WARN] [1773715819.612883701, 111.699000000]: Reason given for shutdown: [user request]
[INFO] [1773715703.557440, 0.000000]: [ScanBodyFilter] body box x=[-0.35, 0.35] y=[-0.30, 0.30]  lidar@(-0.232, 0.000)
shutdown request: user request
virtual GMapping::GridSlamProcessor::~GridSlamProcessor(): Start
virtual GMapping::GridSlamProcessor::~GridSlamProcessor(): Deleting tree
[WARN] [1773715738.814601, 31.418000]: [Explorer] Goal (0.23, -1.65) failed (stuck_no_progress), blacklisting.
[WARN] [1773715738.836470, 31.440000]: [Explorer] Stuck detected during goal execution, immediate backup recovery.
[WARN] [1773715753.745526, 46.285000]: [Explorer] Goal (0.23, -1.10) failed (stuck_no_progress), blacklisting.
[WARN] [1773715753.766967, 46.306000]: [Explorer] Stuck detected during goal execution, immediate backup recovery.
[WARN] [1773715770.639493, 63.142000]: [Explorer] Goal (-0.27, -0.52) failed (stuck_no_progress), blacklisting.
[WARN] [1773715770.661588, 63.164000]: [Explorer] Stuck detected during goal execution, immediate backup recovery.
[WARN] [1773715796.768571, 89.207000]: [Explorer] Goal (-0.12, -1.27) failed (aborted), blacklisting.
[ERROR] [1773715796.870213, 89.308000]: Received comm state PREEMPTING when in simple state DONE with SimpleActionClient in NS /move_base
[WARN] [1773715806.864690, 99.242000]: [Explorer] Goal (-0.07, -1.47) failed (stuck_no_progress), blacklisting.
[WARN] [1773715806.889776, 99.267000]: [Explorer] Stuck detected during goal execution, immediate backup recovery.
[INFO] [1773715703.486365, 0.000000]: [Explorer] Waiting for move_base action server...
[INFO] [1773715709.200296, 1.870000]: [Explorer] Connected to move_base.
[INFO] [1773715709.202924, 1.870000]: [Explorer] Waiting 12 s for gmapping/move_base to initialize...
[INFO] [1773715721.226196, 13.870000]: [Explorer] Waiting for /map topic...
[INFO] [1773715721.227705, 13.871000]: [Explorer] Map received (576 x 576).
[INFO] [1773715721.730357, 14.373000]: [Explorer] Initial 360° scan spin...
[INFO] [1773715731.755954, 24.375000]: [Explorer] Spin complete.
[INFO] [1773715731.790162, 24.402000]: [Explorer] Selected frontier: (0.23, -1.65), size=34, dist=1.65, score=7.4
[INFO] [1773715731.797941, 24.417000]: [Explorer] >>> Goal #1: (0.23, -1.65) | Coverage: 6.9%
[INFO] [1773715738.835300, 31.439000]: [Explorer] Cleared costmaps for recovery.
[INFO] [1773715739.639755, 32.241000]: [Explorer] Backing up for 2.0s at -0.10 m/s...
[INFO] [1773715742.160204, 34.743000]: [Explorer] Rotating to find new direction (sign=-1)...
[INFO] [1773715745.686579, 38.263000]: [Explorer] Cleared costmaps for recovery.
[INFO] [1773715745.687763, 38.264000]: [Explorer] Backup recovery complete.
[INFO] [1773715746.700796, 39.267000]: [Explorer] Selected frontier: (0.23, -1.10), size=12, dist=1.11, score=4.6
[INFO] [1773715746.702678, 39.277000]: [Explorer] >>> Goal #2: (0.23, -1.10) | Coverage: 6.9%
[INFO] [1773715753.765853, 46.305000]: [Explorer] Cleared costmaps for recovery.
[INFO] [1773715754.569855, 47.108000]: [Explorer] Backing up for 2.0s at -0.10 m/s...
[INFO] [1773715757.074811, 49.609000]: [Explorer] Rotating to find new direction (sign=-1)...
[INFO] [1773715760.601442, 53.128000]: [Explorer] Cleared costmaps for recovery.
[INFO] [1773715760.602591, 53.129000]: [Explorer] Backup recovery complete.
[INFO] [1773715761.612879, 54.132000]: [Explorer] Selected frontier: (-0.27, -0.52), size=7, dist=0.69, score=4.9
[INFO] [1773715761.614846, 54.140000]: [Explorer] >>> Goal #3: (-0.27, -0.52) | Coverage: 6.9%
[INFO] [1773715770.660570, 63.163000]: [Explorer] Cleared costmaps for recovery.
[INFO] [1773715771.462182, 63.964000]: [Explorer] Backing up for 2.0s at -0.10 m/s...
[INFO] [1773715773.966048, 66.464000]: [Explorer] Rotating to find new direction (sign=-1)...
[INFO] [1773715777.488315, 69.981000]: [Explorer] Cleared costmaps for recovery.
[INFO] [1773715777.497560, 69.990000]: [Explorer] Backup recovery complete.
[INFO] [1773715778.512337, 70.999000]: [Explorer] Selected frontier: (-0.12, -1.27), size=5, dist=1.51, score=1.2
[INFO] [1773715778.514696, 71.005000]: [Explorer] >>> Goal #4: (-0.12, -1.27) | Coverage: 7.0%
[INFO] [1773715796.791325, 89.229000]: [Explorer] Cleared costmaps for recovery.
[INFO] [1773715797.802838, 90.233000]: [Explorer] Selected frontier: (-0.07, -1.47), size=3, dist=1.68, score=0.6
[INFO] [1773715797.805450, 90.241000]: [Explorer] >>> Goal #5: (-0.07, -1.47) | Coverage: 7.1%
[INFO] [1773715806.888511, 99.266000]: [Explorer] Cleared costmaps for recovery.
[INFO] [1773715807.693397, 100.069000]: [Explorer] Backing up for 2.0s at -0.10 m/s...
[INFO] [1773715810.199567, 102.570000]: [Explorer] Rotating to find new direction (sign=-1)...
[INFO] [1773715813.744590, 106.093000]: [Explorer] Cleared costmaps for recovery.
[INFO] [1773715813.746180, 106.095000]: [Explorer] Backup recovery complete.
[INFO] [1773715814.756262, 107.097000]: [Explorer] Selected frontier: (-2.12, -0.77), size=3, dist=1.86, score=0.5
[INFO] [1773715814.758978, 107.105000]: [Explorer] >>> Goal #6: (-2.12, -0.77) | Coverage: 7.1%
shutdown request: user request
[INFO] [1773715731.899673304, 24.519000000]: Got new plan
[INFO] [1773715732.901853097, 25.519000000]: Got new plan
[INFO] [1773715733.904802542, 26.519000000]: Got new plan
[INFO] [1773715734.905524993, 27.519000000]: Got new plan
[INFO] [1773715735.908270941, 28.519000000]: Got new plan
[INFO] [1773715736.913599431, 29.520000000]: Got new plan
[INFO] [1773715737.915546869, 30.520000000]: Got new plan
[INFO] [1773715746.805521659, 39.378000000]: Got new plan
[INFO] [1773715747.804848959, 40.378000000]: Got new plan
[INFO] [1773715748.806329925, 41.378000000]: Got new plan
[INFO] [1773715749.809068222, 42.379000000]: Got new plan
[INFO] [1773715750.810290716, 43.378000000]: Got new plan
[INFO] [1773715751.811580904, 44.378000000]: Got new plan
[INFO] [1773715752.837082636, 45.378000000]: Got new plan
[INFO] [1773715761.616384262, 54.142000000]: Got new plan
[INFO] [1773715761.717717885, 54.242000000]: Got new plan
[INFO] [1773715762.719985246, 55.242000000]: Got new plan
[INFO] [1773715763.721175252, 56.242000000]: Got new plan
[INFO] [1773715764.723358116, 57.242000000]: Got new plan
[INFO] [1773715765.726148463, 58.243000000]: Got new plan
[INFO] [1773715766.727259356, 59.242000000]: Got new plan
[INFO] [1773715767.728716003, 60.242000000]: Got new plan
[INFO] [1773715768.736759268, 61.242000000]: Got new plan
[INFO] [1773715769.737092744, 62.242000000]: Got new plan
[INFO] [1773715778.516584339, 71.007000000]: Got new plan
[INFO] [1773715797.907339607, 90.343000000]: Got new plan
[INFO] [1773715798.909127410, 91.343000000]: Got new plan
[INFO] [1773715799.913497276, 92.343000000]: Got new plan
[INFO] [1773715800.937447609, 93.344000000]: Got new plan
[INFO] [1773715801.939660114, 94.344000000]: Got new plan
[INFO] [1773715802.943191763, 95.343000000]: Got new plan
[INFO] [1773715803.945918358, 96.343000000]: Got new plan
[INFO] [1773715804.948824835, 97.343000000]: Got new plan
[INFO] [1773715805.959473339, 98.343000000]: Got new plan
[INFO] [1773715814.861978792, 107.208000000]: Got new plan
[INFO] [1773715815.864620886, 108.207000000]: Got new plan
[INFO] [1773715816.879435270, 109.207000000]: Got new plan
[INFO] [1773715817.867767776, 110.207000000]: Got new plan
[INFO] [1773715818.872516783, 111.208000000]: Got new plan
[INFO] [1773715703.746656413]: Finished loading Gazebo ROS API Plugin.
[INFO] [1773715703.748786986]: waitForService: Service [/gazebo/set_physics_properties] has not been advertised, waiting...
[INFO] [1773715705.132318786]: waitForService: Service [/gazebo/set_physics_properties] is now available.
[INFO] [1773715705.147132241, 0.008000000]: Physics dynamic reconfigure ready.
[INFO] [1773715706.046783641, 0.551000000]: Laser Plugin: Using the 'robotNamespace' param: '/'
[INFO] [1773715706.046857115, 0.551000000]: Starting Laser Plugin (ns = /)
[INFO] [1773715706.048111369, 0.551000000]: Laser Plugin (ns = /)  <tf_prefix_>, set to ""
[INFO] [1773715706.209904121, 0.551000000]: Laser Plugin: Using the 'robotNamespace' param: '/'
[INFO] [1773715706.209946281, 0.551000000]: Starting Laser Plugin (ns = /)
[INFO] [1773715706.213123440, 0.551000000]: Laser Plugin (ns = /)  <tf_prefix_>, set to ""
[INFO] [1773715707.846712749, 0.551000000]: Block laser plugin missing <gaussianNoise>, defaults to 0.0
[INFO] [1773715707.846761274, 0.551000000]: Block laser plugin missing <hokuyoMinIntensity>, defaults to 101
[INFO] [1773715707.853562184, 0.551000000]: <initialOrientationAsReference> is unset, using default value of false to comply with REP 145 (world as orientation reference)
[INFO] [1773715707.853642086, 0.551000000]: <robotNamespace> set to: //
[INFO] [1773715707.853652199, 0.551000000]: <topicName> set to: unitree/imu
[INFO] [1773715707.853658238, 0.551000000]: <frameName> set to: unitree_imu
[INFO] [1773715707.853678806, 0.551000000]: <updateRateHZ> set to: 200
[INFO] [1773715707.853685984, 0.551000000]: <gaussianNoise> set to: 0
[INFO] [1773715707.853716641, 0.551000000]: <xyzOffset> set to: 0 0 0
[INFO] [1773715707.853758481, 0.551000000]: <rpyOffset> set to: 0 -0 0
[INFO] [1773715707.860347507, 0.551000000]: Starting GazeboRosSkidSteerDrive Plugin (ns = //)
