... logging to /home/yuchen/.ros/log/07b39248-21a6-11f1-99ed-00155d28b090/roslaunch-LYCMIA03DELL-8305.log
Checking log directory for disk usage. This may take a while.
Press Ctrl-C to interrupt
Done checking log file disk usage. Usage is <1GB.
]2;/home/yuchen/work/ELEC70015_Human-Centered-Robotics-2026_Imperial/catkin_ws/src/p3at_lms_navigation/launch/mapping_unitree.launch
[1mstarted roslaunch server http://LYCMIA03DELL:43517/[0m

SUMMARY
========

PARAMETERS
 * /gazebo/enable_ros_network: True
 * /move_base/DWAPlannerROS/acc_lim_theta: 0.75
 * /move_base/DWAPlannerROS/acc_lim_x: 0.35
 * /move_base/DWAPlannerROS/acc_lim_y: 0.0
 * /move_base/DWAPlannerROS/forward_point_distance: 0.25
 * /move_base/DWAPlannerROS/goal_distance_bias: 24.0
 * /move_base/DWAPlannerROS/latch_xy_goal_tolerance: True
 * /move_base/DWAPlannerROS/max_vel_theta: 0.45
 * /move_base/DWAPlannerROS/max_vel_trans: 0.26
 * /move_base/DWAPlannerROS/max_vel_x: 0.26
 * /move_base/DWAPlannerROS/max_vel_y: 0.0
 * /move_base/DWAPlannerROS/min_vel_theta: 0.0
 * /move_base/DWAPlannerROS/min_vel_trans: 0.02
 * /move_base/DWAPlannerROS/min_vel_x: -0.1
 * /move_base/DWAPlannerROS/min_vel_y: 0.0
 * /move_base/DWAPlannerROS/occdist_scale: 0.08
 * /move_base/DWAPlannerROS/oscillation_reset_dist: 0.1
 * /move_base/DWAPlannerROS/path_distance_bias: 32.0
 * /move_base/DWAPlannerROS/sim_granularity: 0.025
 * /move_base/DWAPlannerROS/sim_time: 3.0
 * /move_base/DWAPlannerROS/stop_time_buffer: 0.4
 * /move_base/DWAPlannerROS/vtheta_samples: 40
 * /move_base/DWAPlannerROS/vx_samples: 20
 * /move_base/DWAPlannerROS/vy_samples: 1
 * /move_base/DWAPlannerROS/xy_goal_tolerance: 0.15
 * /move_base/DWAPlannerROS/yaw_goal_tolerance: 0.3
 * /move_base/NavfnROS/allow_unknown: True
 * /move_base/NavfnROS/default_tolerance: 0.15
 * /move_base/NavfnROS/visualize_potential: False
 * /move_base/base_global_planner: navfn/NavfnROS
 * /move_base/base_local_planner: dwa_local_planner...
 * /move_base/clearing_rotation_allowed: True
 * /move_base/controller_frequency: 10.0
 * /move_base/controller_patience: 20.0
 * /move_base/global_costmap/cost_scaling_factor: 5.0
 * /move_base/global_costmap/footprint: [[0.32, 0.27], [0...
 * /move_base/global_costmap/footprint_padding: 0.05
 * /move_base/global_costmap/global_frame: map
 * /move_base/global_costmap/inflation_layer/cost_scaling_factor: 5.0
 * /move_base/global_costmap/inflation_layer/inflation_radius: 0.3
 * /move_base/global_costmap/inflation_radius: 0.3
 * /move_base/global_costmap/obstacle_layer/observation_sources: unitree_scan_sensor
 * /move_base/global_costmap/obstacle_layer/unitree_scan_sensor/clearing: True
 * /move_base/global_costmap/obstacle_layer/unitree_scan_sensor/data_type: LaserScan
 * /move_base/global_costmap/obstacle_layer/unitree_scan_sensor/inf_is_valid: True
 * /move_base/global_costmap/obstacle_layer/unitree_scan_sensor/marking: True
 * /move_base/global_costmap/obstacle_layer/unitree_scan_sensor/obstacle_range: 6.0
 * /move_base/global_costmap/obstacle_layer/unitree_scan_sensor/raytrace_range: 8.0
 * /move_base/global_costmap/obstacle_layer/unitree_scan_sensor/sensor_frame: unitree_lidar
 * /move_base/global_costmap/obstacle_layer/unitree_scan_sensor/topic: unitree/scan
 * /move_base/global_costmap/obstacle_range: 6.0
 * /move_base/global_costmap/plugins: [{'name': 'static...
 * /move_base/global_costmap/publish_frequency: 1.0
 * /move_base/global_costmap/raytrace_range: 8.0
 * /move_base/global_costmap/robot_base_frame: base_link
 * /move_base/global_costmap/static_layer/map_topic: /map
 * /move_base/global_costmap/static_layer/subscribe_to_updates: True
 * /move_base/global_costmap/static_layer/track_unknown_space: False
 * /move_base/global_costmap/static_map: True
 * /move_base/global_costmap/transform_tolerance: 0.5
 * /move_base/global_costmap/update_frequency: 2.0
 * /move_base/local_costmap/cost_scaling_factor: 5.0
 * /move_base/local_costmap/footprint: [[0.32, 0.27], [0...
 * /move_base/local_costmap/footprint_padding: 0.05
 * /move_base/local_costmap/global_frame: odom
 * /move_base/local_costmap/height: 10.0
 * /move_base/local_costmap/inflation_layer/cost_scaling_factor: 5.0
 * /move_base/local_costmap/inflation_layer/inflation_radius: 0.3
 * /move_base/local_costmap/inflation_radius: 0.3
 * /move_base/local_costmap/obstacle_layer/observation_sources: unitree_scan_sens...
 * /move_base/local_costmap/obstacle_layer/rplidar_scan_sensor/clearing: False
 * /move_base/local_costmap/obstacle_layer/rplidar_scan_sensor/data_type: LaserScan
 * /move_base/local_costmap/obstacle_layer/rplidar_scan_sensor/inf_is_valid: True
 * /move_base/local_costmap/obstacle_layer/rplidar_scan_sensor/marking: True
 * /move_base/local_costmap/obstacle_layer/rplidar_scan_sensor/obstacle_range: 2.5
 * /move_base/local_costmap/obstacle_layer/rplidar_scan_sensor/raytrace_range: 3.0
 * /move_base/local_costmap/obstacle_layer/rplidar_scan_sensor/sensor_frame: laser
 * /move_base/local_costmap/obstacle_layer/rplidar_scan_sensor/topic: rplidar/scan_filt...
 * /move_base/local_costmap/obstacle_layer/unitree_scan_sensor/clearing: True
 * /move_base/local_costmap/obstacle_layer/unitree_scan_sensor/data_type: LaserScan
 * /move_base/local_costmap/obstacle_layer/unitree_scan_sensor/inf_is_valid: True
 * /move_base/local_costmap/obstacle_layer/unitree_scan_sensor/marking: True
 * /move_base/local_costmap/obstacle_layer/unitree_scan_sensor/obstacle_range: 6.0
 * /move_base/local_costmap/obstacle_layer/unitree_scan_sensor/raytrace_range: 8.0
 * /move_base/local_costmap/obstacle_layer/unitree_scan_sensor/sensor_frame: unitree_lidar
 * /move_base/local_costmap/obstacle_layer/unitree_scan_sensor/topic: unitree/scan
 * /move_base/local_costmap/obstacle_range: 6.0
 * /move_base/local_costmap/plugins: [{'name': 'obstac...
 * /move_base/local_costmap/publish_frequency: 5.0
 * /move_base/local_costmap/raytrace_range: 8.0
 * /move_base/local_costmap/resolution: 0.05
 * /move_base/local_costmap/robot_base_frame: base_link
 * /move_base/local_costmap/rolling_window: True
 * /move_base/local_costmap/static_map: False
 * /move_base/local_costmap/transform_tolerance: 0.5
 * /move_base/local_costmap/update_frequency: 10.0
 * /move_base/local_costmap/width: 10.0
 * /move_base/max_planning_retries: 5
 * /move_base/planner_frequency: 1.0
 * /move_base/planner_patience: 15.0
 * /move_base/recovery_behavior_enabled: True
 * /move_base/shutdown_costmaps: False
 * /robot_description: <?xml version="1....
 * /rosdistro: noetic
 * /rosversion: 1.17.4
 * /rplidar_scan_body_filter/body_x_max: 0.35
 * /rplidar_scan_body_filter/body_x_min: -0.35
 * /rplidar_scan_body_filter/body_y_max: 0.3
 * /rplidar_scan_body_filter/body_y_min: -0.3
 * /rplidar_scan_body_filter/lidar_x: -0.232
 * /rplidar_scan_body_filter/lidar_y: 0.0
 * /slam_gmapping/angularUpdate: 0.15
 * /slam_gmapping/astep: 0.05
 * /slam_gmapping/base_frame: base_link
 * /slam_gmapping/delta: 0.05
 * /slam_gmapping/iterations: 5
 * /slam_gmapping/kernelSize: 1
 * /slam_gmapping/linearUpdate: 0.15
 * /slam_gmapping/lsigma: 0.075
 * /slam_gmapping/lskip: 0
 * /slam_gmapping/lstep: 0.05
 * /slam_gmapping/map_frame: map
 * /slam_gmapping/map_update_interval: 2.0
 * /slam_gmapping/maxRange: 30.0
 * /slam_gmapping/maxUrange: 12.0
 * /slam_gmapping/minimumScore: 50
 * /slam_gmapping/odom_frame: odom
 * /slam_gmapping/ogain: 3.0
 * /slam_gmapping/particles: 50
 * /slam_gmapping/resampleThreshold: 0.5
 * /slam_gmapping/sigma: 0.05
 * /slam_gmapping/srr: 0.1
 * /slam_gmapping/srt: 0.2
 * /slam_gmapping/str: 0.1
 * /slam_gmapping/stt: 0.2
 * /slam_gmapping/temporalUpdate: 0.5
 * /slam_gmapping/xmax: 15.0
 * /slam_gmapping/xmin: -15.0
 * /slam_gmapping/ymax: 15.0
 * /slam_gmapping/ymin: -15.0
 * /use_sim_time: True

NODES
  /
    gazebo (gazebo_ros/gzserver)
    joint_state_publisher (joint_state_publisher/joint_state_publisher)
    move_base (move_base/move_base)
    robot_state_publisher (robot_state_publisher/robot_state_publisher)
    rplidar_scan_body_filter (target_follower/scan_body_filter.py)
    rviz (rviz/rviz)
    slam_gmapping (gmapping/slam_gmapping)
    spawn_p3at (gazebo_ros/spawn_model)
    spawn_target (gazebo_ros/spawn_model)

auto-starting new master
[1mprocess[master]: started with pid [8377][0m
[1mROS_MASTER_URI=http://localhost:11311[0m
]2;/home/yuchen/work/ELEC70015_Human-Centered-Robotics-2026_Imperial/catkin_ws/src/p3at_lms_navigation/launch/mapping_unitree.launch http://localhost:11311
[1msetting /run_id to 07b39248-21a6-11f1-99ed-00155d28b090[0m
[1mprocess[rosout-1]: started with pid [8420][0m
started core service [/rosout]
Warning: Warning: TF_REPEATED_DATA ignoring data with redundant timestamp for frame odom (parent map) at time 0.240000 according to authority unknown_publisherTF_REPEATED_DATA ignoring data with redundant timestamp for frame odom (parent map) at time 0.240000 according to authority unknown_publisher

         at line          at line 277277 in  in /tmp/binarydeb/ros-noetic-tf2-0.7.10/src/buffer_core.cpp/tmp/binarydeb/ros-noetic-tf2-0.7.10/src/buffer_core.cpp

[WARN] [1773713243.656504910, 0.191000000]: TF_REPEATED_DATA ignoring data with redundant timestamp for frame odom (parent map) at time 0.240000 according to authority unknown_publisher
[WARN] [1773713246.149433431, 0.291000000]: GazeboRosSkidSteerDrive Plugin (ns = //) missing <covariance_x>, defaults to 0.000100
[WARN] [1773713246.149540096, 0.291000000]: GazeboRosSkidSteerDrive Plugin (ns = //) missing <covariance_y>, defaults to 0.000100
[WARN] [1773713246.149553973, 0.291000000]: GazeboRosSkidSteerDrive Plugin (ns = //) missing <covariance_yaw>, defaults to 0.010000
[ERROR] [1773713246.323519965, 0.459000000]: Client [/rviz] wants topic /unitree/cloud to have datatype/md5sum [sensor_msgs/PointCloud2/1158d486dd51d683ce2f1be655c3c181], but our version has [sensor_msgs/PointCloud/d8e9c3f5afbdd8a130fd1d2763945fca]. Dropping connection.
[WARN] [1773713246.441209349, 0.576000000]: global_costmap: Pre-Hydro parameter "static_map" unused since "plugins" is provided
[INFO] [1773713246.509869641, 0.644000000]: Laser is mounted upwards.
 -maxUrange 12 -maxUrange 30 -sigma     0.05 -kernelSize 1 -lstep 0.05 -lobsGain 3 -astep 0.05
 -srr 0.1 -srt 0.2 -str 0.1 -stt 0.2
 -linearUpdate 0.15 -angularUpdate 0.15 -resampleThreshold 0.5
 -xmin -15 -xmax 15 -ymin -15 -ymax 15 -delta 0.05 -particles 50
[INFO] [1773713246.515932662, 0.650000000]: Initialization complete
update frame 0
update ld=0 ad=0
Laser Pose= 0.192329 -2.87893e-05 -7.7671e-05
m_count 0
Registering First Scan
update frame 8
update ld=0.0218137 ad=2.66207e-05
Laser Pose= 0.207961 -3.2401e-05 -5.55727e-05
m_count 1
[WARN] [1773713247.049200500, 1.183000000]: local_costmap: Pre-Hydro parameter "static_map" unused since "plugins" is provided
Average Scan Matching Score=55.712
neff= 50
Registering Scans:Done
update frame 16
update ld=1.8761e-07 ad=2.15667e-09
Laser Pose= 0.207961 -3.24012e-05 -5.55749e-05
m_count 2
Average Scan Matching Score=55.7957
neff= 50
Registering Scans:Done
update frame 24
update ld=1.93822e-07 ad=2.02194e-09
Laser Pose= 0.207961 -3.24015e-05 -5.55769e-05
m_count 3
Average Scan Matching Score=55.8028
neff= 50
Registering Scans:Done
update frame 32
update ld=1.94185e-07 ad=2.02174e-09
Laser Pose= 0.207961 -3.24017e-05 -5.55789e-05
m_count 4
Average Scan Matching Score=55.8163
neff= 50
Registering Scans:Done
update frame 40
update ld=1.94186e-07 ad=1.94668e-09
Laser Pose= 0.207961 -3.2402e-05 -5.55809e-05
m_count 5
Average Scan Matching Score=55.8152
neff= 50
Registering Scans:Done
update frame 48
update ld=1.94187e-07 ad=2.02136e-09
Laser Pose= 0.20796 -3.24022e-05 -5.55829e-05
m_count 6
Average Scan Matching Score=55.8165
neff= 50
Registering Scans:Done
update frame 56
update ld=1.94188e-07 ad=2.02118e-09
Laser Pose= 0.20796 -3.24024e-05 -5.55849e-05
m_count 7
Average Scan Matching Score=55.8178
neff= 50
Registering Scans:Done
update frame 64
update ld=1.9455e-07 ad=2.021e-09
Laser Pose= 0.20796 -3.24027e-05 -5.55869e-05
m_count 8
Average Scan Matching Score=55.8313
neff= 50
Registering Scans:Done
update frame 72
update ld=1.93826e-07 ad=2.02082e-09
Laser Pose= 0.20796 -3.24029e-05 -5.55889e-05
m_count 9
Average Scan Matching Score=55.8167
neff= 50
Registering Scans:Done
update frame 80
update ld=1.94189e-07 ad=1.94581e-09
Laser Pose= 0.20796 -3.24032e-05 -5.55909e-05
m_count 10
Average Scan Matching Score=55.8335
neff= 50
Registering Scans:Done
update frame 88
update ld=1.9419e-07 ad=2.02049e-09
Laser Pose= 0.207959 -3.24034e-05 -5.55929e-05
m_count 11
Average Scan Matching Score=55.8244
neff= 50
Registering Scans:Done
update frame 96
update ld=1.94191e-07 ad=2.02032e-09
Laser Pose= 0.207959 -3.24036e-05 -5.55949e-05
m_count 12
Average Scan Matching Score=55.8288
neff= 50
Registering Scans:Done
update frame 104
update ld=1.81511e-07 ad=1.87052e-09
Laser Pose= 0.207959 -3.24039e-05 -5.55968e-05
m_count 13
Average Scan Matching Score=55.8239
neff= 50
Registering Scans:Done
update frame 112
update ld=1.94554e-07 ad=2.02e-09
Laser Pose= 0.207959 -3.24041e-05 -5.55988e-05
m_count 14
Average Scan Matching Score=55.8225
neff= 50
Registering Scans:Done
update frame 120
update ld=1.9383e-07 ad=2.01985e-09
Laser Pose= 0.207959 -3.24044e-05 -5.56008e-05
m_count 15
Average Scan Matching Score=55.831
neff= 50
Registering Scans:Done
update frame 128
update ld=1.94193e-07 ad=1.94489e-09
Laser Pose= 0.207959 -3.24046e-05 -5.56028e-05
m_count 16
Average Scan Matching Score=55.8356
neff= 50
Registering Scans:Done
update frame 136
update ld=1.94193e-07 ad=2.01955e-09
Laser Pose= 0.207958 -3.24048e-05 -5.56048e-05
m_count 17
Average Scan Matching Score=55.8384
neff= 50
Registering Scans:Done
update frame 144
update ld=1.94194e-07 ad=2.01941e-09
Laser Pose= 0.207958 -3.24051e-05 -5.56068e-05
m_count 18
Average Scan Matching Score=55.8275
neff= 50
Registering Scans:Done
update frame 152
update ld=1.94194e-07 ad=2.01926e-09
Laser Pose= 0.207958 -3.24053e-05 -5.56088e-05
m_count 19
Average Scan Matching Score=55.8329
neff= 50
Registering Scans:Done
update frame 160
update ld=1.94195e-07 ad=2.01912e-09
Laser Pose= 0.207958 -3.24056e-05 -5.56109e-05
m_count 20
Average Scan Matching Score=55.8332
neff= 50
Registering Scans:Done
update frame 168
update ld=1.94195e-07 ad=1.94421e-09
Laser Pose= 0.207958 -3.24058e-05 -5.56128e-05
m_count 21
Average Scan Matching Score=55.8209
neff= 50
Registering Scans:Done
update frame 176
update ld=1.94196e-07 ad=2.01885e-09
Laser Pose= 0.207957 -3.2406e-05 -5.56148e-05
m_count 22
Average Scan Matching Score=55.8403
neff= 50
Registering Scans:Done
update frame 184
update ld=1.94196e-07 ad=2.01872e-09
Laser Pose= 0.207957 -3.24063e-05 -5.56168e-05
m_count 23
Average Scan Matching Score=55.8391
neff= 50
Registering Scans:Done
update frame 192
update ld=1.94197e-07 ad=2.01859e-09
Laser Pose= 0.207957 -3.24065e-05 -5.56189e-05
m_count 24
Average Scan Matching Score=55.8271
neff= 50
Registering Scans:Done
update frame 200
update ld=1.82603e-07 ad=1.86895e-09
Laser Pose= 0.207957 -3.24067e-05 -5.56207e-05
m_count 25
Average Scan Matching Score=55.835
neff= 50
Registering Scans:Done
update frame 208
update ld=1.94198e-07 ad=2.01835e-09
Laser Pose= 0.207957 -3.2407e-05 -5.56227e-05
m_count 26
Average Scan Matching Score=55.8337
neff= 50
Registering Scans:Done
update frame 216
update ld=1.94198e-07 ad=2.01823e-09
Laser Pose= 0.207956 -3.24072e-05 -5.56248e-05
m_count 27
Average Scan Matching Score=55.8365
neff= 50
Registering Scans:Done
update frame 224
update ld=1.94199e-07 ad=1.94337e-09
Laser Pose= 0.207956 -3.24074e-05 -5.56267e-05
m_count 28
Average Scan Matching Score=55.8431
neff= 50
Registering Scans:Done
update frame 232
update ld=1.94199e-07 ad=2.018e-09
Laser Pose= 0.207956 -3.24077e-05 -5.56287e-05
m_count 29
Average Scan Matching Score=55.8335
neff= 50
Registering Scans:Done
update frame 240
update ld=1.94199e-07 ad=2.01788e-09
Laser Pose= 0.207956 -3.24079e-05 -5.56307e-05
m_count 30
Average Scan Matching Score=55.8286
neff= 50
Registering Scans:Done
update frame 248
update ld=1.942e-07 ad=2.01777e-09
Laser Pose= 0.207956 -3.24082e-05 -5.56328e-05
m_count 31
Average Scan Matching Score=55.8503
neff= 50
Registering Scans:Done
update frame 256
update ld=1.942e-07 ad=2.01767e-09
Laser Pose= 0.207955 -3.24084e-05 -5.56348e-05
m_count 32
Average Scan Matching Score=55.821
neff= 50
Registering Scans:Done
update frame 264
update ld=1.94201e-07 ad=1.94283e-09
Laser Pose= 0.207955 -3.24086e-05 -5.56367e-05
m_count 33
Average Scan Matching Score=55.8229
neff= 50
Registering Scans:Done
update frame 272
update ld=1.94201e-07 ad=2.01746e-09
Laser Pose= 0.207955 -3.24089e-05 -5.56387e-05
m_count 34
Average Scan Matching Score=55.8386
neff= 50
Registering Scans:Done
update frame 280
update ld=1.94201e-07 ad=2.01735e-09
Laser Pose= 0.207955 -3.24091e-05 -5.56408e-05
m_count 35
Average Scan Matching Score=55.825
neff= 50
Registering Scans:Done
update frame 288
update ld=1.94202e-07 ad=2.01725e-09
Laser Pose= 0.207955 -3.24094e-05 -5.56428e-05
m_count 36
Average Scan Matching Score=55.8083
neff= 50
Registering Scans:Done
update frame 296
update ld=1.94202e-07 ad=2.01715e-09
Laser Pose= 0.207954 -3.24096e-05 -5.56448e-05
m_count 37
Average Scan Matching Score=55.8247
neff= 50
Registering Scans:Done
update frame 304
update ld=1.81521e-07 ad=1.86765e-09
Laser Pose= 0.207954 -3.24098e-05 -5.56467e-05
m_count 38
Average Scan Matching Score=55.8177
neff= 50
Registering Scans:Done
update frame 312
update ld=1.94203e-07 ad=1.94227e-09
Laser Pose= 0.207954 -3.24101e-05 -5.56486e-05
m_count 39
Average Scan Matching Score=55.8124
neff= 50
Registering Scans:Done
update frame 320
update ld=1.94203e-07 ad=2.01688e-09
Laser Pose= 0.207954 -3.24103e-05 -5.56506e-05
m_count 40
Average Scan Matching Score=55.8337
neff= 50
Registering Scans:Done
update frame 328
update ld=1.94203e-07 ad=2.01678e-09
Laser Pose= 0.207954 -3.24106e-05 -5.56526e-05
m_count 41
Average Scan Matching Score=55.819
neff= 50
Registering Scans:Done
update frame 336
update ld=1.94204e-07 ad=2.0167e-09
Laser Pose= 0.207953 -3.24108e-05 -5.56547e-05
m_count 42
Average Scan Matching Score=55.8321
neff= 50
Registering Scans:Done
update frame 344
update ld=1.94204e-07 ad=2.01662e-09
Laser Pose= 0.207953 -3.2411e-05 -5.56567e-05
m_count 43
Average Scan Matching Score=55.8328
neff= 50
Registering Scans:Done
update frame 352
update ld=1.94547e-07 ad=1.94184e-09
Laser Pose= 0.207953 -3.24113e-05 -5.56586e-05
m_count 44
Average Scan Matching Score=55.8342
neff= 50
Registering Scans:Done
update frame 360
update ld=1.93861e-07 ad=2.01644e-09
Laser Pose= 0.207953 -3.24115e-05 -5.56606e-05
m_count 45
Average Scan Matching Score=55.8102
neff= 50
Registering Scans:Done
update frame 368
update ld=1.94205e-07 ad=2.01637e-09
Laser Pose= 0.207953 -3.24117e-05 -5.56626e-05
m_count 46
Average Scan Matching Score=55.8304
neff= 50
Registering Scans:Done
update frame 376
update ld=1.94205e-07 ad=2.01629e-09
Laser Pose= 0.207953 -3.2412e-05 -5.56647e-05
m_count 47
Average Scan Matching Score=55.833
neff= 50
Registering Scans:Done
update frame 384
update ld=1.94205e-07 ad=2.01621e-09
Laser Pose= 0.207952 -3.24122e-05 -5.56667e-05
m_count 48
Average Scan Matching Score=55.8164
neff= 50
Registering Scans:Done
update frame 392
update ld=1.94206e-07 ad=1.94146e-09
Laser Pose= 0.207952 -3.24125e-05 -5.56686e-05
m_count 49
Average Scan Matching Score=55.8231
neff= 50
Registering Scans:Done
update frame 400
update ld=1.82612e-07 ad=1.94139e-09
Laser Pose= 0.207952 -3.24127e-05 -5.56706e-05
m_count 50
Average Scan Matching Score=55.8331
neff= 50
Registering Scans:Done
update frame 408
update ld=1.94206e-07 ad=1.94132e-09
Laser Pose= 0.207952 -3.24129e-05 -5.56725e-05
m_count 51
Average Scan Matching Score=55.827
neff= 50
Registering Scans:Done
update frame 416
update ld=1.94206e-07 ad=2.01592e-09
Laser Pose= 0.207952 -3.24132e-05 -5.56745e-05
m_count 52
Average Scan Matching Score=55.8124
neff= 50
Registering Scans:Done
update frame 424
update ld=1.94207e-07 ad=2.01585e-09
Laser Pose= 0.207951 -3.24134e-05 -5.56765e-05
m_count 53
Average Scan Matching Score=55.8307
neff= 50
Registering Scans:Done
update frame 432
update ld=1.94207e-07 ad=2.01578e-09
Laser Pose= 0.207951 -3.24137e-05 -5.56785e-05
m_count 54
Average Scan Matching Score=55.8176
neff= 50
Registering Scans:Done
update frame 440
update ld=1.94207e-07 ad=2.01571e-09
Laser Pose= 0.207951 -3.24139e-05 -5.56806e-05
m_count 55
Average Scan Matching Score=55.8379
neff= 50
Registering Scans:Done
[WARN] [1773713276.257681601, 30.189000000]: Shutdown request received.
[WARN] [1773713276.257845163, 30.189000000]: Reason given for shutdown: [user request]
[WARN] [1773713276.260669671, 30.189000000]: Shutdown request received.
[WARN] [1773713276.260894292, 30.189000000]: Reason given for shutdown: [user request]
terminate called after throwing an instance of 'boost::wrapexcept<boost::lock_error>'
  what():  boost: mutex lock failed in pthread_mutex_lock: Invalid argument
terminate called recursively
virtual GMapping::GridSlamProcessor::~GridSlamProcessor(): Start
virtual GMapping::GridSlamProcessor::~GridSlamProcessor(): Deleting tree
[INFO] [1773713246.444641741, 0.579000000]: global_costmap: Using plugin "static_layer"
[INFO] [1773713246.483887909, 0.618000000]: Requesting the map...
[INFO] [1773713246.888931440, 1.022000000]: Resizing costmap to 576 X 576 at 0.050000 m/pix
[INFO] [1773713246.989544567, 1.122000000]: Received a 576 X 576 map at 0.050000 m/pix
[INFO] [1773713246.989585109, 1.122000000]: Subscribing to updates
[INFO] [1773713246.993937261, 1.127000000]: global_costmap: Using plugin "obstacle_layer"
[INFO] [1773713246.997455164, 1.130000000]:     Subscribed to Topics: unitree_scan_sensor
[INFO] [1773713247.010823184, 1.144000000]: global_costmap: Using plugin "inflation_layer"
[INFO] [1773713247.049917035, 1.184000000]: local_costmap: Using plugin "obstacle_layer"
[INFO] [1773713247.052527379, 1.186000000]:     Subscribed to Topics: unitree_scan_sensor rplidar_scan_sensor
[INFO] [1773713247.067783964, 1.201000000]: local_costmap: Using plugin "inflation_layer"
[INFO] [1773713247.094700009, 1.228000000]: Created local_planner dwa_local_planner/DWAPlannerROS
[INFO] [1773713247.098809889, 1.233000000]: Sim period is set to 0.10
[INFO] [1773713247.596371827, 1.729000000]: Recovery behavior will clear layer 'obstacles'
[INFO] [1773713247.600686420, 1.734000000]: Recovery behavior will clear layer 'obstacles'
[INFO] [1773713247.620349781, 1.753000000]: odom received!
[INFO] [1773713241.418626, 0.000000]: [ScanBodyFilter] body box x=[-0.35, 0.35] y=[-0.30, 0.30]  lidar@(-0.232, 0.000)
Aborted (core dumped)
